#
# There is insufficient memory for the Java Runtime Environment to continue.
# Native memory allocation (malloc) failed to allocate 291056 bytes for Chunk::new
# Possible reasons:
#   The system is out of physical RAM or swap space
#   The process is running with CompressedOops enabled, and the Java Heap may be blocking the growth of the native heap
# Possible solutions:
#   Reduce memory load on the system
#   Increase physical memory or swap space
#   Check if swap backing store is full
#   Decrease Java heap size (-Xmx/-Xms)
#   Decrease number of Java threads
#   Decrease Java thread stack sizes (-Xss)
#   Set larger code cache with -XX:ReservedCodeCacheSize=
#   JVM is running with Unscaled Compressed Oops mode in which the Java heap is
#     placed in the first 4GB address space. The Java Heap base address is the
#     maximum limit for the native heap growth. Please use -XX:HeapBaseMinAddress
#     to set the Java Heap base and to place the Java Heap above 4GB virtual address.
# This output file may be truncated or incomplete.
#
#  Out of Memory Error (src/hotspot/share/memory/arena.cpp:197), pid=62768, tid=73092
#
# JRE version: OpenJDK Runtime Environment (11.0.15) (build 11.0.15+0-b2043.56-9505619)
# Java VM: OpenJDK 64-Bit Server VM (11.0.15+0-b2043.56-9505619, mixed mode, tiered, compressed oops, g1 gc, windows-amd64)
# No core dump will be written. Minidumps are not enabled by default on client versions of Windows
#

---------------  S U M M A R Y ------------

Command Line: --add-opens=java.base/java.util=ALL-UNNAMED --add-opens=java.base/java.lang=ALL-UNNAMED --add-opens=java.base/java.lang.invoke=ALL-UNNAMED --add-opens=java.base/java.util=ALL-UNNAMED --add-opens=java.prefs/java.util.prefs=ALL-UNNAMED --add-opens=java.prefs/java.util.prefs=ALL-UNNAMED --add-opens=java.base/java.nio.charset=ALL-UNNAMED --add-opens=java.base/java.net=ALL-UNNAMED --add-opens=java.base/java.util.concurrent.atomic=ALL-UNNAMED -Xmx2048m -Dfile.encoding=UTF-8 -Duser.country=IN -Duser.language=en -Duser.variant org.gradle.launcher.daemon.bootstrap.GradleDaemon 7.5

Host: AMD Ryzen 5 3450U with Radeon Vega Mobile Gfx  , 8 cores, 13G,  Windows 11 , 64 bit Build 22621 (10.0.22621.1344)
Time: Mon Mar 27 19:03:31 2023 India Standard Time elapsed time: 6.097058 seconds (0d 0h 0m 6s)

---------------  T H R E A D  ---------------

Current thread (0x0000022eae488800):  JavaThread "C2 CompilerThread0" daemon [_thread_in_native, id=73092, stack(0x0000009e88300000,0x0000009e88400000)]


Current CompileTask:
C2:   6097 2705 %     4       java.io.WinNTFileSystem::normalize @ 58 (224 bytes)

Stack: [0x0000009e88300000,0x0000009e88400000]
Native frames: (J=compiled Java code, j=interpreted, Vv=VM code, C=native code)
V  [jvm.dll+0x64135a]
V  [jvm.dll+0x7d39f9]
V  [jvm.dll+0x7d51b9]
V  [jvm.dll+0x7d58a3]
V  [jvm.dll+0x2691c5]
V  [jvm.dll+0xc1a5c]
V  [jvm.dll+0xc200c]
V  [jvm.dll+0x377462]
V  [jvm.dll+0x342495]
V  [jvm.dll+0x34186a]
V  [jvm.dll+0x2214bd]
V  [jvm.dll+0x220498]
V  [jvm.dll+0x19e851]
V  [jvm.dll+0x230479]
V  [jvm.dll+0x22e5ef]
V  [jvm.dll+0x794de1]
V  [jvm.dll+0x78dc24]
V  [jvm.dll+0x6400f6]
C  [ucrtbase.dll+0x29363]
C  [KERNEL32.DLL+0x126bd]
C  [ntdll.dll+0x5a9f8]


---------------  P R O C E S S  ---------------

Threads class SMR info:
_java_thread_list=0x0000022eb2e34260, length=38, elements={
0x0000022e936eb800, 0x0000022eadba1800, 0x0000022eadb98000, 0x0000022eae482800,
0x0000022eae483800, 0x0000022eae485800, 0x0000022eae488800, 0x0000022eae489800,
0x0000022eae4be800, 0x0000022eae618800, 0x0000022eb07f8000, 0x0000022eae79d800,
0x0000022eaf656000, 0x0000022eb04cc800, 0x0000022eafe8b000, 0x0000022eafeaa000,
0x0000022eb06c0000, 0x0000022eb09f0000, 0x0000022eb0acb800, 0x0000022eb0dbd000,
0x0000022eb0bd5800, 0x0000022eb0bd2800, 0x0000022eb0bd1000, 0x0000022eb0bd1800,
0x0000022eb0bd6800, 0x0000022eb0bd3000, 0x0000022eb0bd7800, 0x0000022eb0bd4000,
0x0000022eb0bd5000, 0x0000022eb09d3800, 0x0000022eb09d4000, 0x0000022eb09d6000,
0x0000022eb09d1000, 0x0000022eb09d5000, 0x0000022eb09d0000, 0x0000022eb09d6800,
0x0000022eb09d2800, 0x0000022eb09d7800
}

Java Threads: ( => current thread )
  0x0000022e936eb800 JavaThread "main" [_thread_blocked, id=50004, stack(0x0000009e87700000,0x0000009e87800000)]
  0x0000022eadba1800 JavaThread "Reference Handler" daemon [_thread_blocked, id=68656, stack(0x0000009e87e00000,0x0000009e87f00000)]
  0x0000022eadb98000 JavaThread "Finalizer" daemon [_thread_blocked, id=66704, stack(0x0000009e87f00000,0x0000009e88000000)]
  0x0000022eae482800 JavaThread "Signal Dispatcher" daemon [_thread_blocked, id=61020, stack(0x0000009e88000000,0x0000009e88100000)]
  0x0000022eae483800 JavaThread "Attach Listener" daemon [_thread_blocked, id=77752, stack(0x0000009e88100000,0x0000009e88200000)]
  0x0000022eae485800 JavaThread "Service Thread" daemon [_thread_blocked, id=63036, stack(0x0000009e88200000,0x0000009e88300000)]
=>0x0000022eae488800 JavaThread "C2 CompilerThread0" daemon [_thread_in_native, id=73092, stack(0x0000009e88300000,0x0000009e88400000)]
  0x0000022eae489800 JavaThread "C1 CompilerThread0" daemon [_thread_blocked, id=56804, stack(0x0000009e88400000,0x0000009e88500000)]
  0x0000022eae4be800 JavaThread "Sweeper thread" daemon [_thread_blocked, id=69136, stack(0x0000009e88500000,0x0000009e88600000)]
  0x0000022eae618800 JavaThread "Common-Cleaner" daemon [_thread_blocked, id=38648, stack(0x0000009e88600000,0x0000009e88700000)]
  0x0000022eb07f8000 JavaThread "Daemon health stats" [_thread_blocked, id=48152, stack(0x0000009e88e00000,0x0000009e88f00000)]
  0x0000022eae79d800 JavaThread "Incoming local TCP Connector on port 58585" [_thread_in_native, id=72580, stack(0x0000009e88800000,0x0000009e88900000)]
  0x0000022eaf656000 JavaThread "Daemon periodic checks" [_thread_blocked, id=71912, stack(0x0000009e88d00000,0x0000009e88e00000)]
  0x0000022eb04cc800 JavaThread "Daemon" [_thread_blocked, id=57124, stack(0x0000009e88f00000,0x0000009e89000000)]
  0x0000022eafe8b000 JavaThread "Handler for socket connection from /127.0.0.1:58585 to /127.0.0.1:58586" [_thread_in_native, id=53320, stack(0x0000009e89000000,0x0000009e89100000)]
  0x0000022eafeaa000 JavaThread "Cancel handler" [_thread_blocked, id=66936, stack(0x0000009e89100000,0x0000009e89200000)]
  0x0000022eb06c0000 JavaThread "Daemon worker" [_thread_blocked, id=77340, stack(0x0000009e89200000,0x0000009e89300000)]
  0x0000022eb09f0000 JavaThread "Asynchronous log dispatcher for DefaultDaemonConnection: socket connection from /127.0.0.1:58585 to /127.0.0.1:58586" [_thread_blocked, id=59520, stack(0x0000009e89300000,0x0000009e89400000)]
  0x0000022eb0acb800 JavaThread "Stdin handler" [_thread_blocked, id=46092, stack(0x0000009e89400000,0x0000009e89500000)]
  0x0000022eb0dbd000 JavaThread "Daemon client event forwarder" [_thread_blocked, id=39184, stack(0x0000009e89500000,0x0000009e89600000)]
  0x0000022eb0bd5800 JavaThread "Cache worker for journal cache (C:\Users\HP\.gradle\caches\journal-1)" [_thread_blocked, id=64072, stack(0x0000009e89600000,0x0000009e89700000)]
  0x0000022eb0bd2800 JavaThread "File lock request listener" [_thread_in_native, id=54220, stack(0x0000009e89700000,0x0000009e89800000)]
  0x0000022eb0bd1000 JavaThread "Cache worker for file hash cache (C:\Users\HP\.gradle\caches\7.5\fileHashes)" [_thread_blocked, id=76700, stack(0x0000009e89c00000,0x0000009e89d00000)]
  0x0000022eb0bd1800 JavaThread "File watcher server" daemon [_thread_in_native, id=54524, stack(0x0000009e89f00000,0x0000009e8a000000)]
  0x0000022eb0bd6800 JavaThread "File watcher consumer" daemon [_thread_blocked, id=64976, stack(0x0000009e8a000000,0x0000009e8a100000)]
  0x0000022eb0bd3000 JavaThread "jar transforms" [_thread_blocked, id=69180, stack(0x0000009e8a100000,0x0000009e8a200000)]
  0x0000022eb0bd7800 JavaThread "jar transforms Thread 2" [_thread_blocked, id=10740, stack(0x0000009e8a200000,0x0000009e8a300000)]
  0x0000022eb0bd4000 JavaThread "jar transforms Thread 3" [_thread_blocked, id=69520, stack(0x0000009e8a300000,0x0000009e8a400000)]
  0x0000022eb0bd5000 JavaThread "jar transforms Thread 4" [_thread_blocked, id=45400, stack(0x0000009e8a400000,0x0000009e8a500000)]
  0x0000022eb09d3800 JavaThread "jar transforms Thread 5" [_thread_blocked, id=57856, stack(0x0000009e8a500000,0x0000009e8a600000)]
  0x0000022eb09d4000 JavaThread "jar transforms Thread 6" [_thread_blocked, id=57892, stack(0x0000009e8a600000,0x0000009e8a700000)]
  0x0000022eb09d6000 JavaThread "jar transforms Thread 7" [_thread_blocked, id=57872, stack(0x0000009e8a700000,0x0000009e8a800000)]
  0x0000022eb09d1000 JavaThread "jar transforms Thread 8" [_thread_blocked, id=31212, stack(0x0000009e8a800000,0x0000009e8a900000)]
  0x0000022eb09d5000 JavaThread "Cache worker for checksums cache (C:\Users\HP\Desktop\PikStock App\.gradle\7.5\checksums)" [_thread_blocked, id=72340, stack(0x0000009e8a900000,0x0000009e8aa00000)]
  0x0000022eb09d0000 JavaThread "Cache worker for cache directory md-rule (C:\Users\HP\.gradle\caches\7.5\md-rule)" [_thread_blocked, id=64324, stack(0x0000009e8aa00000,0x0000009e8ab00000)]
  0x0000022eb09d6800 JavaThread "Cache worker for file content cache (C:\Users\HP\.gradle\caches\7.5\fileContent)" [_thread_blocked, id=72108, stack(0x0000009e8ab00000,0x0000009e8ac00000)]
  0x0000022eb09d2800 JavaThread "Cache worker for file hash cache (C:\Users\HP\Desktop\PikStock App\.gradle\7.5\fileHashes)" [_thread_blocked, id=72960, stack(0x0000009e89d00000,0x0000009e89e00000)]
  0x0000022eb09d7800 JavaThread "Cache worker for cache directory md-supplier (C:\Users\HP\.gradle\caches\7.5\md-supplier)" [_thread_blocked, id=57408, stack(0x0000009e89e00000,0x0000009e89f00000)]

Other Threads:
  0x0000022eae435000 VMThread "VM Thread" [stack: 0x0000009e87d00000,0x0000009e87e00000] [id=69232]
  0x0000022eae646800 WatcherThread [stack: 0x0000009e88700000,0x0000009e88800000] [id=78776]
  0x0000022e93704000 GCTaskThread "GC Thread#0" [stack: 0x0000009e87800000,0x0000009e87900000] [id=61856]
  0x0000022eaf659800 GCTaskThread "GC Thread#1" [stack: 0x0000009e88900000,0x0000009e88a00000] [id=54536]
  0x0000022eaf13e800 GCTaskThread "GC Thread#2" [stack: 0x0000009e88a00000,0x0000009e88b00000] [id=61512]
  0x0000022eaec98800 GCTaskThread "GC Thread#3" [stack: 0x0000009e88b00000,0x0000009e88c00000] [id=64196]
  0x0000022eaf44e800 GCTaskThread "GC Thread#4" [stack: 0x0000009e88c00000,0x0000009e88d00000] [id=54676]
  0x0000022eaee5c000 GCTaskThread "GC Thread#5" [stack: 0x0000009e89800000,0x0000009e89900000] [id=56916]
  0x0000022eafdad800 GCTaskThread "GC Thread#6" [stack: 0x0000009e89900000,0x0000009e89a00000] [id=74232]
  0x0000022eafe62000 GCTaskThread "GC Thread#7" [stack: 0x0000009e89a00000,0x0000009e89b00000] [id=45840]
  0x0000022e93736000 ConcurrentGCThread "G1 Main Marker" [stack: 0x0000009e87900000,0x0000009e87a00000] [id=49876]
  0x0000022e93738000 ConcurrentGCThread "G1 Conc#0" [stack: 0x0000009e87a00000,0x0000009e87b00000] [id=73856]
  0x0000022eb0d0f000 ConcurrentGCThread "G1 Conc#1" [stack: 0x0000009e89b00000,0x0000009e89c00000] [id=76232]
  0x0000022eada5c800 ConcurrentGCThread "G1 Refine#0" [stack: 0x0000009e87b00000,0x0000009e87c00000] [id=75028]
  0x0000022eada5f800 ConcurrentGCThread "G1 Young RemSet Sampling" [stack: 0x0000009e87c00000,0x0000009e87d00000] [id=72712]

Threads with active compile tasks:
C2 CompilerThread0     6155 2705 %     4       java.io.WinNTFileSystem::normalize @ 58 (224 bytes)

VM state:at safepoint (normal execution)

VM Mutex/Monitor currently owned by a thread:  ([mutex/lock_event])
[0x0000022e936e6a10] Threads_lock - owner thread: 0x0000022eae435000
[0x0000022e936e74c0] Heap_lock - owner thread: 0x0000022eb06c0000

Heap address: 0x0000000080000000, size: 2048 MB, Compressed Oops mode: 32-bit
Narrow klass base: 0x0000000000000000, Narrow klass shift: 3
Compressed class space size: 1073741824 Address: 0x0000000100000000

Heap:
 garbage-first heap   total 229376K, used 39749K [0x0000000080000000, 0x0000000100000000)
  region size 1024K, 8 young (8192K), 8 survivors (8192K)
 Metaspace       used 31113K, capacity 32013K, committed 32124K, reserved 1091584K
  class space    used 4150K, capacity 4504K, committed 4556K, reserved 1048576K
Heap Regions: E=young(eden), S=young(survivor), O=old, HS=humongous(starts), HC=humongous(continues), CS=collection set, F=free, A=archive, TAMS=top-at-mark-start (previous, next)
|   0|0x0000000080000000, 0x0000000080100000, 0x0000000080100000|100%| O|  |TAMS 0x0000000080100000, 0x0000000080100000| Untracked 
|   1|0x0000000080100000, 0x0000000080200000, 0x0000000080200000|100%| O|  |TAMS 0x0000000080200000, 0x0000000080200000| Untracked 
|   2|0x0000000080200000, 0x0000000080300000, 0x0000000080300000|100%| O|  |TAMS 0x0000000080300000, 0x0000000080300000| Untracked 
|   3|0x0000000080300000, 0x0000000080400000, 0x0000000080400000|100%|HS|  |TAMS 0x0000000080400000, 0x0000000080400000| Complete 
|   4|0x0000000080400000, 0x0000000080500000, 0x0000000080500000|100%|HC|  |TAMS 0x0000000080500000, 0x0000000080500000| Complete 
|   5|0x0000000080500000, 0x0000000080600000, 0x0000000080600000|100%|HC|  |TAMS 0x0000000080600000, 0x0000000080600000| Complete 
|   6|0x0000000080600000, 0x0000000080700000, 0x0000000080700000|100%| O|  |TAMS 0x0000000080700000, 0x0000000080700000| Untracked 
|   7|0x0000000080700000, 0x0000000080800000, 0x0000000080800000|100%| O|  |TAMS 0x0000000080800000, 0x0000000080800000| Untracked 
|   8|0x0000000080800000, 0x0000000080900000, 0x0000000080900000|100%| O|  |TAMS 0x0000000080900000, 0x0000000080900000| Untracked 
|   9|0x0000000080900000, 0x0000000080a00000, 0x0000000080a00000|100%| O|  |TAMS 0x0000000080a00000, 0x0000000080a00000| Untracked 
|  10|0x0000000080a00000, 0x0000000080b00000, 0x0000000080b00000|100%| O|  |TAMS 0x0000000080b00000, 0x0000000080b00000| Untracked 
|  11|0x0000000080b00000, 0x0000000080c00000, 0x0000000080c00000|100%| O|  |TAMS 0x0000000080c00000, 0x0000000080c00000| Untracked 
|  12|0x0000000080c00000, 0x0000000080d00000, 0x0000000080d00000|100%| O|  |TAMS 0x0000000080d00000, 0x0000000080d00000| Untracked 
|  13|0x0000000080d00000, 0x0000000080e00000, 0x0000000080e00000|100%| O|  |TAMS 0x0000000080e00000, 0x0000000080e00000| Untracked 
|  14|0x0000000080e00000, 0x0000000080f00000, 0x0000000080f00000|100%| O|  |TAMS 0x0000000080f00000, 0x0000000080f00000| Untracked 
|  15|0x0000000080f00000, 0x0000000081000000, 0x0000000081000000|100%| O|  |TAMS 0x0000000081000000, 0x0000000081000000| Untracked 
|  16|0x0000000081000000, 0x0000000081031a00, 0x0000000081100000| 19%| O|  |TAMS 0x0000000081031a00, 0x0000000081031a00| Untracked 
|  17|0x0000000081100000, 0x0000000081200000, 0x0000000081200000|100%|HS|  |TAMS 0x0000000081100000, 0x0000000081200000| Complete 
|  18|0x0000000081200000, 0x0000000081300000, 0x0000000081300000|100%|HC|  |TAMS 0x0000000081200000, 0x0000000081300000| Complete 
|  19|0x0000000081300000, 0x0000000081400000, 0x0000000081400000|100%|HS|  |TAMS 0x0000000081300000, 0x0000000081400000| Complete 
|  20|0x0000000081400000, 0x0000000081500000, 0x0000000081500000|100%|HC|  |TAMS 0x0000000081400000, 0x0000000081500000| Complete 
|  21|0x0000000081500000, 0x0000000081600000, 0x0000000081600000|100%|HC|  |TAMS 0x0000000081500000, 0x0000000081600000| Complete 
|  22|0x0000000081600000, 0x0000000081700000, 0x0000000081700000|100%|HS|  |TAMS 0x0000000081600000, 0x0000000081700000| Complete 
|  23|0x0000000081700000, 0x0000000081800000, 0x0000000081800000|100%|HC|  |TAMS 0x0000000081700000, 0x0000000081800000| Complete 
|  24|0x0000000081800000, 0x0000000081900000, 0x0000000081900000|100%|HC|  |TAMS 0x0000000081800000, 0x0000000081900000| Complete 
|  25|0x0000000081900000, 0x0000000081a00000, 0x0000000081a00000|100%|HS|  |TAMS 0x0000000081900000, 0x0000000081a00000| Complete 
|  26|0x0000000081a00000, 0x0000000081b00000, 0x0000000081b00000|100%|HC|  |TAMS 0x0000000081a00000, 0x0000000081b00000| Complete 
|  27|0x0000000081b00000, 0x0000000081c00000, 0x0000000081c00000|100%|HS|  |TAMS 0x0000000081b00000, 0x0000000081c00000| Complete 
|  28|0x0000000081c00000, 0x0000000081d00000, 0x0000000081d00000|100%|HC|  |TAMS 0x0000000081c00000, 0x0000000081d00000| Complete 
|  29|0x0000000081d00000, 0x0000000081e00000, 0x0000000081e00000|100%|HC|  |TAMS 0x0000000081d00000, 0x0000000081e00000| Complete 
|  30|0x0000000081e00000, 0x0000000081f00000, 0x0000000081f00000|100%|HC|  |TAMS 0x0000000081e00000, 0x0000000081f00000| Complete 
|  31|0x0000000081f00000, 0x0000000082000000, 0x0000000082000000|100%|HC|  |TAMS 0x0000000081f00000, 0x0000000082000000| Complete 
|  32|0x0000000082000000, 0x0000000082000000, 0x0000000082100000|  0%| F|  |TAMS 0x0000000082000000, 0x0000000082000000| Untracked 
|  33|0x0000000082100000, 0x0000000082100000, 0x0000000082200000|  0%| F|  |TAMS 0x0000000082100000, 0x0000000082100000| Untracked 
|  34|0x0000000082200000, 0x0000000082200000, 0x0000000082300000|  0%| F|  |TAMS 0x0000000082200000, 0x0000000082200000| Untracked 
|  35|0x0000000082300000, 0x0000000082300000, 0x0000000082400000|  0%| F|  |TAMS 0x0000000082300000, 0x0000000082300000| Untracked 
|  36|0x0000000082400000, 0x0000000082400000, 0x0000000082500000|  0%| F|  |TAMS 0x0000000082400000, 0x0000000082400000| Untracked 
|  37|0x0000000082500000, 0x0000000082500000, 0x0000000082600000|  0%| F|  |TAMS 0x0000000082500000, 0x0000000082500000| Untracked 
|  38|0x0000000082600000, 0x0000000082600000, 0x0000000082700000|  0%| F|  |TAMS 0x0000000082600000, 0x0000000082600000| Untracked 
|  39|0x0000000082700000, 0x0000000082700000, 0x0000000082800000|  0%| F|  |TAMS 0x0000000082700000, 0x0000000082700000| Untracked 
|  40|0x0000000082800000, 0x0000000082800000, 0x0000000082900000|  0%| F|  |TAMS 0x0000000082800000, 0x0000000082800000| Untracked 
|  41|0x0000000082900000, 0x0000000082900000, 0x0000000082a00000|  0%| F|  |TAMS 0x0000000082900000, 0x0000000082900000| Untracked 
|  42|0x0000000082a00000, 0x0000000082a00000, 0x0000000082b00000|  0%| F|  |TAMS 0x0000000082a00000, 0x0000000082a00000| Untracked 
|  43|0x0000000082b00000, 0x0000000082b00000, 0x0000000082c00000|  0%| F|  |TAMS 0x0000000082b00000, 0x0000000082b00000| Untracked 
|  44|0x0000000082c00000, 0x0000000082c00000, 0x0000000082d00000|  0%| F|  |TAMS 0x0000000082c00000, 0x0000000082c00000| Untracked 
|  45|0x0000000082d00000, 0x0000000082d00000, 0x0000000082e00000|  0%| F|  |TAMS 0x0000000082d00000, 0x0000000082d00000| Untracked 
|  46|0x0000000082e00000, 0x0000000082e00000, 0x0000000082f00000|  0%| F|  |TAMS 0x0000000082e00000, 0x0000000082e00000| Untracked 
|  47|0x0000000082f00000, 0x0000000082f00000, 0x0000000083000000|  0%| F|  |TAMS 0x0000000082f00000, 0x0000000082f00000| Untracked 
|  48|0x0000000083000000, 0x0000000083000000, 0x0000000083100000|  0%| F|  |TAMS 0x0000000083000000, 0x0000000083000000| Untracked 
|  49|0x0000000083100000, 0x0000000083100000, 0x0000000083200000|  0%| F|  |TAMS 0x0000000083100000, 0x0000000083100000| Untracked 
|  50|0x0000000083200000, 0x0000000083200000, 0x0000000083300000|  0%| F|  |TAMS 0x0000000083200000, 0x0000000083200000| Untracked 
|  51|0x0000000083300000, 0x0000000083300000, 0x0000000083400000|  0%| F|  |TAMS 0x0000000083300000, 0x0000000083300000| Untracked 
|  52|0x0000000083400000, 0x0000000083400000, 0x0000000083500000|  0%| F|  |TAMS 0x0000000083400000, 0x0000000083400000| Untracked 
|  53|0x0000000083500000, 0x0000000083500000, 0x0000000083600000|  0%| F|  |TAMS 0x0000000083500000, 0x0000000083500000| Untracked 
|  54|0x0000000083600000, 0x0000000083600000, 0x0000000083700000|  0%| F|  |TAMS 0x0000000083600000, 0x0000000083600000| Untracked 
|  55|0x0000000083700000, 0x0000000083700000, 0x0000000083800000|  0%| F|  |TAMS 0x0000000083700000, 0x0000000083700000| Untracked 
|  56|0x0000000083800000, 0x0000000083800000, 0x0000000083900000|  0%| F|  |TAMS 0x0000000083800000, 0x0000000083800000| Untracked 
|  57|0x0000000083900000, 0x0000000083900000, 0x0000000083a00000|  0%| F|  |TAMS 0x0000000083900000, 0x0000000083900000| Untracked 
|  58|0x0000000083a00000, 0x0000000083a00000, 0x0000000083b00000|  0%| F|  |TAMS 0x0000000083a00000, 0x0000000083a00000| Untracked 
|  59|0x0000000083b00000, 0x0000000083b00000, 0x0000000083c00000|  0%| F|  |TAMS 0x0000000083b00000, 0x0000000083b00000| Untracked 
|  60|0x0000000083c00000, 0x0000000083c00000, 0x0000000083d00000|  0%| F|  |TAMS 0x0000000083c00000, 0x0000000083c00000| Untracked 
|  61|0x0000000083d00000, 0x0000000083d00000, 0x0000000083e00000|  0%| F|  |TAMS 0x0000000083d00000, 0x0000000083d00000| Untracked 
|  62|0x0000000083e00000, 0x0000000083e00000, 0x0000000083f00000|  0%| F|  |TAMS 0x0000000083e00000, 0x0000000083e00000| Untracked 
|  63|0x0000000083f00000, 0x0000000083f00000, 0x0000000084000000|  0%| F|  |TAMS 0x0000000083f00000, 0x0000000083f00000| Untracked 
|  64|0x0000000084000000, 0x0000000084000000, 0x0000000084100000|  0%| F|  |TAMS 0x0000000084000000, 0x0000000084000000| Untracked 
|  65|0x0000000084100000, 0x0000000084100000, 0x0000000084200000|  0%| F|  |TAMS 0x0000000084100000, 0x0000000084100000| Untracked 
|  66|0x0000000084200000, 0x0000000084200000, 0x0000000084300000|  0%| F|  |TAMS 0x0000000084200000, 0x0000000084200000| Untracked 
|  67|0x0000000084300000, 0x0000000084300000, 0x0000000084400000|  0%| F|  |TAMS 0x0000000084300000, 0x0000000084300000| Untracked 
|  68|0x0000000084400000, 0x0000000084400000, 0x0000000084500000|  0%| F|  |TAMS 0x0000000084400000, 0x0000000084400000| Untracked 
|  69|0x0000000084500000, 0x0000000084500000, 0x0000000084600000|  0%| F|  |TAMS 0x0000000084500000, 0x0000000084500000| Untracked 
|  70|0x0000000084600000, 0x0000000084600000, 0x0000000084700000|  0%| F|  |TAMS 0x0000000084600000, 0x0000000084600000| Untracked 
|  71|0x0000000084700000, 0x0000000084700000, 0x0000000084800000|  0%| F|  |TAMS 0x0000000084700000, 0x0000000084700000| Untracked 
|  72|0x0000000084800000, 0x0000000084800000, 0x0000000084900000|  0%| F|  |TAMS 0x0000000084800000, 0x0000000084800000| Untracked 
|  73|0x0000000084900000, 0x0000000084900000, 0x0000000084a00000|  0%| F|  |TAMS 0x0000000084900000, 0x0000000084900000| Untracked 
|  74|0x0000000084a00000, 0x0000000084a00000, 0x0000000084b00000|  0%| F|  |TAMS 0x0000000084a00000, 0x0000000084a00000| Untracked 
|  75|0x0000000084b00000, 0x0000000084b00000, 0x0000000084c00000|  0%| F|  |TAMS 0x0000000084b00000, 0x0000000084b00000| Untracked 
|  76|0x0000000084c00000, 0x0000000084c00000, 0x0000000084d00000|  0%| F|  |TAMS 0x0000000084c00000, 0x0000000084c00000| Untracked 
|  77|0x0000000084d00000, 0x0000000084d00000, 0x0000000084e00000|  0%| F|  |TAMS 0x0000000084d00000, 0x0000000084d00000| Untracked 
|  78|0x0000000084e00000, 0x0000000084e00000, 0x0000000084f00000|  0%| F|  |TAMS 0x0000000084e00000, 0x0000000084e00000| Untracked 
|  79|0x0000000084f00000, 0x0000000084f00000, 0x0000000085000000|  0%| F|  |TAMS 0x0000000084f00000, 0x0000000084f00000| Untracked 
|  80|0x0000000085000000, 0x0000000085000000, 0x0000000085100000|  0%| F|  |TAMS 0x0000000085000000, 0x0000000085000000| Untracked 
|  81|0x0000000085100000, 0x0000000085100000, 0x0000000085200000|  0%| F|  |TAMS 0x0000000085100000, 0x0000000085100000| Untracked 
|  82|0x0000000085200000, 0x0000000085200000, 0x0000000085300000|  0%| F|  |TAMS 0x0000000085200000, 0x0000000085200000| Untracked 
|  83|0x0000000085300000, 0x0000000085300000, 0x0000000085400000|  0%| F|  |TAMS 0x0000000085300000, 0x0000000085300000| Untracked 
|  84|0x0000000085400000, 0x0000000085400000, 0x0000000085500000|  0%| F|  |TAMS 0x0000000085400000, 0x0000000085400000| Untracked 
|  85|0x0000000085500000, 0x0000000085500000, 0x0000000085600000|  0%| F|  |TAMS 0x0000000085500000, 0x0000000085500000| Untracked 
|  86|0x0000000085600000, 0x0000000085600000, 0x0000000085700000|  0%| F|  |TAMS 0x0000000085600000, 0x0000000085600000| Untracked 
|  87|0x0000000085700000, 0x0000000085700000, 0x0000000085800000|  0%| F|  |TAMS 0x0000000085700000, 0x0000000085700000| Untracked 
|  88|0x0000000085800000, 0x0000000085800000, 0x0000000085900000|  0%| F|  |TAMS 0x0000000085800000, 0x0000000085800000| Untracked 
|  89|0x0000000085900000, 0x0000000085900000, 0x0000000085a00000|  0%| F|  |TAMS 0x0000000085900000, 0x0000000085900000| Untracked 
|  90|0x0000000085a00000, 0x0000000085a00000, 0x0000000085b00000|  0%| F|  |TAMS 0x0000000085a00000, 0x0000000085a00000| Untracked 
|  91|0x0000000085b00000, 0x0000000085b00000, 0x0000000085c00000|  0%| F|  |TAMS 0x0000000085b00000, 0x0000000085b00000| Untracked 
|  92|0x0000000085c00000, 0x0000000085c00000, 0x0000000085d00000|  0%| F|  |TAMS 0x0000000085c00000, 0x0000000085c00000| Untracked 
|  93|0x0000000085d00000, 0x0000000085d00000, 0x0000000085e00000|  0%| F|  |TAMS 0x0000000085d00000, 0x0000000085d00000| Untracked 
|  94|0x0000000085e00000, 0x0000000085e00000, 0x0000000085f00000|  0%| F|  |TAMS 0x0000000085e00000, 0x0000000085e00000| Untracked 
|  95|0x0000000085f00000, 0x0000000085f00000, 0x0000000086000000|  0%| F|  |TAMS 0x0000000085f00000, 0x0000000085f00000| Untracked 
|  96|0x0000000086000000, 0x0000000086000000, 0x0000000086100000|  0%| F|  |TAMS 0x0000000086000000, 0x0000000086000000| Untracked 
|  97|0x0000000086100000, 0x0000000086100000, 0x0000000086200000|  0%| F|  |TAMS 0x0000000086100000, 0x0000000086100000| Untracked 
|  98|0x0000000086200000, 0x0000000086200000, 0x0000000086300000|  0%| F|  |TAMS 0x0000000086200000, 0x0000000086200000| Untracked 
|  99|0x0000000086300000, 0x0000000086300000, 0x0000000086400000|  0%| F|  |TAMS 0x0000000086300000, 0x0000000086300000| Untracked 
| 100|0x0000000086400000, 0x0000000086400000, 0x0000000086500000|  0%| F|  |TAMS 0x0000000086400000, 0x0000000086400000| Untracked 
| 101|0x0000000086500000, 0x0000000086500000, 0x0000000086600000|  0%| F|  |TAMS 0x0000000086500000, 0x0000000086500000| Untracked 
| 102|0x0000000086600000, 0x0000000086600000, 0x0000000086700000|  0%| F|  |TAMS 0x0000000086600000, 0x0000000086600000| Untracked 
| 103|0x0000000086700000, 0x0000000086700000, 0x0000000086800000|  0%| F|  |TAMS 0x0000000086700000, 0x0000000086700000| Untracked 
| 104|0x0000000086800000, 0x0000000086800000, 0x0000000086900000|  0%| F|  |TAMS 0x0000000086800000, 0x0000000086800000| Untracked 
| 105|0x0000000086900000, 0x0000000086900000, 0x0000000086a00000|  0%| F|  |TAMS 0x0000000086900000, 0x0000000086900000| Untracked 
| 106|0x0000000086a00000, 0x0000000086a00000, 0x0000000086b00000|  0%| F|  |TAMS 0x0000000086a00000, 0x0000000086a00000| Untracked 
| 107|0x0000000086b00000, 0x0000000086b00000, 0x0000000086c00000|  0%| F|  |TAMS 0x0000000086b00000, 0x0000000086b00000| Untracked 
| 108|0x0000000086c00000, 0x0000000086c00000, 0x0000000086d00000|  0%| F|  |TAMS 0x0000000086c00000, 0x0000000086c00000| Untracked 
| 109|0x0000000086d00000, 0x0000000086d00000, 0x0000000086e00000|  0%| F|  |TAMS 0x0000000086d00000, 0x0000000086d00000| Untracked 
| 110|0x0000000086e00000, 0x0000000086e00000, 0x0000000086f00000|  0%| F|  |TAMS 0x0000000086e00000, 0x0000000086e00000| Untracked 
| 111|0x0000000086f00000, 0x0000000086f00000, 0x0000000087000000|  0%| F|  |TAMS 0x0000000086f00000, 0x0000000086f00000| Untracked 
| 112|0x0000000087000000, 0x0000000087000000, 0x0000000087100000|  0%| F|  |TAMS 0x0000000087000000, 0x0000000087000000| Untracked 
| 113|0x0000000087100000, 0x0000000087100000, 0x0000000087200000|  0%| F|  |TAMS 0x0000000087100000, 0x0000000087100000| Untracked 
| 114|0x0000000087200000, 0x0000000087200000, 0x0000000087300000|  0%| F|  |TAMS 0x0000000087200000, 0x0000000087200000| Untracked 
| 115|0x0000000087300000, 0x0000000087300000, 0x0000000087400000|  0%| F|  |TAMS 0x0000000087300000, 0x0000000087300000| Untracked 
| 116|0x0000000087400000, 0x0000000087400000, 0x0000000087500000|  0%| F|  |TAMS 0x0000000087400000, 0x0000000087400000| Untracked 
| 117|0x0000000087500000, 0x0000000087500000, 0x0000000087600000|  0%| F|  |TAMS 0x0000000087500000, 0x0000000087500000| Untracked 
| 118|0x0000000087600000, 0x0000000087600000, 0x0000000087700000|  0%| F|  |TAMS 0x0000000087600000, 0x0000000087600000| Untracked 
| 119|0x0000000087700000, 0x0000000087700000, 0x0000000087800000|  0%| F|  |TAMS 0x0000000087700000, 0x0000000087700000| Untracked 
| 120|0x0000000087800000, 0x0000000087800000, 0x0000000087900000|  0%| F|  |TAMS 0x0000000087800000, 0x0000000087800000| Untracked 
| 121|0x0000000087900000, 0x0000000087900000, 0x0000000087a00000|  0%| F|  |TAMS 0x0000000087900000, 0x0000000087900000| Untracked 
| 122|0x0000000087a00000, 0x0000000087a00000, 0x0000000087b00000|  0%| F|  |TAMS 0x0000000087a00000, 0x0000000087a00000| Untracked 
| 123|0x0000000087b00000, 0x0000000087b00000, 0x0000000087c00000|  0%| F|  |TAMS 0x0000000087b00000, 0x0000000087b00000| Untracked 
| 124|0x0000000087c00000, 0x0000000087c00000, 0x0000000087d00000|  0%| F|  |TAMS 0x0000000087c00000, 0x0000000087c00000| Untracked 
| 125|0x0000000087d00000, 0x0000000087d00000, 0x0000000087e00000|  0%| F|  |TAMS 0x0000000087d00000, 0x0000000087d00000| Untracked 
| 126|0x0000000087e00000, 0x0000000087e00000, 0x0000000087f00000|  0%| F|  |TAMS 0x0000000087e00000, 0x0000000087e00000| Untracked 
| 127|0x0000000087f00000, 0x0000000087f00000, 0x0000000088000000|  0%| F|  |TAMS 0x0000000087f00000, 0x0000000087f00000| Untracked 
| 128|0x0000000088000000, 0x0000000088000000, 0x0000000088100000|  0%| F|  |TAMS 0x0000000088000000, 0x0000000088000000| Untracked 
| 129|0x0000000088100000, 0x0000000088100000, 0x0000000088200000|  0%| F|  |TAMS 0x0000000088100000, 0x0000000088100000| Untracked 
| 130|0x0000000088200000, 0x0000000088200000, 0x0000000088300000|  0%| F|  |TAMS 0x0000000088200000, 0x0000000088200000| Untracked 
| 131|0x0000000088300000, 0x0000000088300000, 0x0000000088400000|  0%| F|  |TAMS 0x0000000088300000, 0x0000000088300000| Untracked 
| 132|0x0000000088400000, 0x0000000088400000, 0x0000000088500000|  0%| F|  |TAMS 0x0000000088400000, 0x0000000088400000| Untracked 
| 133|0x0000000088500000, 0x0000000088500000, 0x0000000088600000|  0%| F|  |TAMS 0x0000000088500000, 0x0000000088500000| Untracked 
| 134|0x0000000088600000, 0x0000000088600000, 0x0000000088700000|  0%| F|  |TAMS 0x0000000088600000, 0x0000000088600000| Untracked 
| 135|0x0000000088700000, 0x0000000088700000, 0x0000000088800000|  0%| F|  |TAMS 0x0000000088700000, 0x0000000088700000| Untracked 
| 136|0x0000000088800000, 0x0000000088800000, 0x0000000088900000|  0%| F|  |TAMS 0x0000000088800000, 0x0000000088800000| Untracked 
| 137|0x0000000088900000, 0x0000000088900000, 0x0000000088a00000|  0%| F|  |TAMS 0x0000000088900000, 0x0000000088900000| Untracked 
| 138|0x0000000088a00000, 0x0000000088a00000, 0x0000000088b00000|  0%| F|  |TAMS 0x0000000088a00000, 0x0000000088a00000| Untracked 
| 139|0x0000000088b00000, 0x0000000088b00000, 0x0000000088c00000|  0%| F|  |TAMS 0x0000000088b00000, 0x0000000088b00000| Untracked 
| 140|0x0000000088c00000, 0x0000000088c00000, 0x0000000088d00000|  0%| F|  |TAMS 0x0000000088c00000, 0x0000000088c00000| Untracked 
| 141|0x0000000088d00000, 0x0000000088d00000, 0x0000000088e00000|  0%| F|  |TAMS 0x0000000088d00000, 0x0000000088d00000| Untracked 
| 142|0x0000000088e00000, 0x0000000088e00000, 0x0000000088f00000|  0%| F|  |TAMS 0x0000000088e00000, 0x0000000088e00000| Untracked 
| 143|0x0000000088f00000, 0x0000000088f00000, 0x0000000089000000|  0%| F|  |TAMS 0x0000000088f00000, 0x0000000088f00000| Untracked 
| 144|0x0000000089000000, 0x0000000089000000, 0x0000000089100000|  0%| F|  |TAMS 0x0000000089000000, 0x0000000089000000| Untracked 
| 145|0x0000000089100000, 0x0000000089100000, 0x0000000089200000|  0%| F|  |TAMS 0x0000000089100000, 0x0000000089100000| Untracked 
| 146|0x0000000089200000, 0x0000000089200000, 0x0000000089300000|  0%| F|  |TAMS 0x0000000089200000, 0x0000000089200000| Untracked 
| 147|0x0000000089300000, 0x0000000089300000, 0x0000000089400000|  0%| F|  |TAMS 0x0000000089300000, 0x0000000089300000| Untracked 
| 148|0x0000000089400000, 0x0000000089400000, 0x0000000089500000|  0%| F|  |TAMS 0x0000000089400000, 0x0000000089400000| Untracked 
| 149|0x0000000089500000, 0x0000000089500000, 0x0000000089600000|  0%| F|  |TAMS 0x0000000089500000, 0x0000000089500000| Untracked 
| 150|0x0000000089600000, 0x0000000089600000, 0x0000000089700000|  0%| F|  |TAMS 0x0000000089600000, 0x0000000089600000| Untracked 
| 151|0x0000000089700000, 0x0000000089700000, 0x0000000089800000|  0%| F|  |TAMS 0x0000000089700000, 0x0000000089700000| Untracked 
| 152|0x0000000089800000, 0x0000000089800000, 0x0000000089900000|  0%| F|  |TAMS 0x0000000089800000, 0x0000000089800000| Untracked 
| 153|0x0000000089900000, 0x0000000089900000, 0x0000000089a00000|  0%| F|  |TAMS 0x0000000089900000, 0x0000000089900000| Untracked 
| 154|0x0000000089a00000, 0x0000000089a00000, 0x0000000089b00000|  0%| F|  |TAMS 0x0000000089a00000, 0x0000000089a00000| Untracked 
| 155|0x0000000089b00000, 0x0000000089b00000, 0x0000000089c00000|  0%| F|  |TAMS 0x0000000089b00000, 0x0000000089b00000| Untracked 
| 156|0x0000000089c00000, 0x0000000089c00000, 0x0000000089d00000|  0%| F|  |TAMS 0x0000000089c00000, 0x0000000089c00000| Untracked 
| 157|0x0000000089d00000, 0x0000000089d00000, 0x0000000089e00000|  0%| F|  |TAMS 0x0000000089d00000, 0x0000000089d00000| Untracked 
| 158|0x0000000089e00000, 0x0000000089e00000, 0x0000000089f00000|  0%| F|  |TAMS 0x0000000089e00000, 0x0000000089e00000| Untracked 
| 159|0x0000000089f00000, 0x0000000089f00000, 0x000000008a000000|  0%| F|  |TAMS 0x0000000089f00000, 0x0000000089f00000| Untracked 
| 160|0x000000008a000000, 0x000000008a000000, 0x000000008a100000|  0%| F|  |TAMS 0x000000008a000000, 0x000000008a000000| Untracked 
| 161|0x000000008a100000, 0x000000008a100000, 0x000000008a200000|  0%| F|  |TAMS 0x000000008a100000, 0x000000008a100000| Untracked 
| 162|0x000000008a200000, 0x000000008a200000, 0x000000008a300000|  0%| F|  |TAMS 0x000000008a200000, 0x000000008a200000| Untracked 
| 163|0x000000008a300000, 0x000000008a300000, 0x000000008a400000|  0%| F|  |TAMS 0x000000008a300000, 0x000000008a300000| Untracked 
| 164|0x000000008a400000, 0x000000008a400000, 0x000000008a500000|  0%| F|  |TAMS 0x000000008a400000, 0x000000008a400000| Untracked 
| 165|0x000000008a500000, 0x000000008a500000, 0x000000008a600000|  0%| F|  |TAMS 0x000000008a500000, 0x000000008a500000| Untracked 
| 166|0x000000008a600000, 0x000000008a600000, 0x000000008a700000|  0%| F|  |TAMS 0x000000008a600000, 0x000000008a600000| Untracked 
| 167|0x000000008a700000, 0x000000008a700000, 0x000000008a800000|  0%| F|  |TAMS 0x000000008a700000, 0x000000008a700000| Untracked 
| 168|0x000000008a800000, 0x000000008a800000, 0x000000008a900000|  0%| F|  |TAMS 0x000000008a800000, 0x000000008a800000| Untracked 
| 169|0x000000008a900000, 0x000000008a900000, 0x000000008aa00000|  0%| F|  |TAMS 0x000000008a900000, 0x000000008a900000| Untracked 
| 170|0x000000008aa00000, 0x000000008aa00000, 0x000000008ab00000|  0%| F|  |TAMS 0x000000008aa00000, 0x000000008aa00000| Untracked 
| 171|0x000000008ab00000, 0x000000008ab00000, 0x000000008ac00000|  0%| F|  |TAMS 0x000000008ab00000, 0x000000008ab00000| Untracked 
| 172|0x000000008ac00000, 0x000000008ac00000, 0x000000008ad00000|  0%| F|  |TAMS 0x000000008ac00000, 0x000000008ac00000| Untracked 
| 173|0x000000008ad00000, 0x000000008ad00000, 0x000000008ae00000|  0%| F|  |TAMS 0x000000008ad00000, 0x000000008ad00000| Untracked 
| 174|0x000000008ae00000, 0x000000008ae00000, 0x000000008af00000|  0%| F|  |TAMS 0x000000008ae00000, 0x000000008ae00000| Untracked 
| 175|0x000000008af00000, 0x000000008af00000, 0x000000008b000000|  0%| F|  |TAMS 0x000000008af00000, 0x000000008af00000| Untracked 
| 176|0x000000008b000000, 0x000000008b000000, 0x000000008b100000|  0%| F|  |TAMS 0x000000008b000000, 0x000000008b000000| Untracked 
| 177|0x000000008b100000, 0x000000008b100000, 0x000000008b200000|  0%| F|  |TAMS 0x000000008b100000, 0x000000008b100000| Untracked 
| 178|0x000000008b200000, 0x000000008b200000, 0x000000008b300000|  0%| F|  |TAMS 0x000000008b200000, 0x000000008b200000| Untracked 
| 179|0x000000008b300000, 0x000000008b300000, 0x000000008b400000|  0%| F|  |TAMS 0x000000008b300000, 0x000000008b300000| Untracked 
| 180|0x000000008b400000, 0x000000008b400000, 0x000000008b500000|  0%| F|  |TAMS 0x000000008b400000, 0x000000008b400000| Untracked 
| 181|0x000000008b500000, 0x000000008b500000, 0x000000008b600000|  0%| F|  |TAMS 0x000000008b500000, 0x000000008b500000| Untracked 
| 182|0x000000008b600000, 0x000000008b600000, 0x000000008b700000|  0%| F|  |TAMS 0x000000008b600000, 0x000000008b600000| Untracked 
| 183|0x000000008b700000, 0x000000008b700000, 0x000000008b800000|  0%| F|  |TAMS 0x000000008b700000, 0x000000008b700000| Untracked 
| 184|0x000000008b800000, 0x000000008b800000, 0x000000008b900000|  0%| F|  |TAMS 0x000000008b800000, 0x000000008b800000| Untracked 
| 185|0x000000008b900000, 0x000000008b900000, 0x000000008ba00000|  0%| F|  |TAMS 0x000000008b900000, 0x000000008b900000| Untracked 
| 186|0x000000008ba00000, 0x000000008ba00000, 0x000000008bb00000|  0%| F|  |TAMS 0x000000008ba00000, 0x000000008ba00000| Untracked 
| 187|0x000000008bb00000, 0x000000008bb00000, 0x000000008bc00000|  0%| F|  |TAMS 0x000000008bb00000, 0x000000008bb00000| Untracked 
| 188|0x000000008bc00000, 0x000000008bc00000, 0x000000008bd00000|  0%| F|  |TAMS 0x000000008bc00000, 0x000000008bc00000| Untracked 
| 189|0x000000008bd00000, 0x000000008bd00000, 0x000000008be00000|  0%| F|  |TAMS 0x000000008bd00000, 0x000000008bd00000| Untracked 
| 190|0x000000008be00000, 0x000000008be00000, 0x000000008bf00000|  0%| F|  |TAMS 0x000000008be00000, 0x000000008be00000| Untracked 
| 191|0x000000008bf00000, 0x000000008bf00000, 0x000000008c000000|  0%| F|  |TAMS 0x000000008bf00000, 0x000000008bf00000| Untracked 
| 192|0x000000008c000000, 0x000000008c000000, 0x000000008c100000|  0%| F|  |TAMS 0x000000008c000000, 0x000000008c000000| Untracked 
| 193|0x000000008c100000, 0x000000008c100000, 0x000000008c200000|  0%| F|  |TAMS 0x000000008c100000, 0x000000008c100000| Untracked 
| 194|0x000000008c200000, 0x000000008c200000, 0x000000008c300000|  0%| F|  |TAMS 0x000000008c200000, 0x000000008c200000| Untracked 
| 195|0x000000008c300000, 0x000000008c300000, 0x000000008c400000|  0%| F|  |TAMS 0x000000008c300000, 0x000000008c300000| Untracked 
| 196|0x000000008c400000, 0x000000008c400000, 0x000000008c500000|  0%| F|  |TAMS 0x000000008c400000, 0x000000008c400000| Untracked 
| 197|0x000000008c500000, 0x000000008c59fac0, 0x000000008c600000| 62%| S|CS|TAMS 0x000000008c500000, 0x000000008c500000| Complete 
| 198|0x000000008c600000, 0x000000008c700000, 0x000000008c700000|100%| S|CS|TAMS 0x000000008c600000, 0x000000008c600000| Complete 
| 199|0x000000008c700000, 0x000000008c800000, 0x000000008c800000|100%| S|CS|TAMS 0x000000008c700000, 0x000000008c700000| Complete 
| 200|0x000000008c800000, 0x000000008c900000, 0x000000008c900000|100%| S|CS|TAMS 0x000000008c800000, 0x000000008c800000| Complete 
| 201|0x000000008c900000, 0x000000008ca00000, 0x000000008ca00000|100%| S|CS|TAMS 0x000000008c900000, 0x000000008c900000| Complete 
| 202|0x000000008ca00000, 0x000000008cb00000, 0x000000008cb00000|100%| S|CS|TAMS 0x000000008ca00000, 0x000000008ca00000| Complete 
| 203|0x000000008cb00000, 0x000000008cc00000, 0x000000008cc00000|100%| S|CS|TAMS 0x000000008cb00000, 0x000000008cb00000| Complete 
| 204|0x000000008cc00000, 0x000000008cd00000, 0x000000008cd00000|100%| S|CS|TAMS 0x000000008cc00000, 0x000000008cc00000| Complete 
| 205|0x000000008cd00000, 0x000000008cd00000, 0x000000008ce00000|  0%| F|  |TAMS 0x000000008cd00000, 0x000000008cd00000| Untracked 
| 206|0x000000008ce00000, 0x000000008ce00000, 0x000000008cf00000|  0%| F|  |TAMS 0x000000008ce00000, 0x000000008ce00000| Untracked 
| 207|0x000000008cf00000, 0x000000008cf00000, 0x000000008d000000|  0%| F|  |TAMS 0x000000008cf00000, 0x000000008cf00000| Untracked 
| 208|0x000000008d000000, 0x000000008d000000, 0x000000008d100000|  0%| F|  |TAMS 0x000000008d000000, 0x000000008d000000| Untracked 
| 209|0x000000008d100000, 0x000000008d100000, 0x000000008d200000|  0%| F|  |TAMS 0x000000008d100000, 0x000000008d100000| Untracked 
| 210|0x000000008d200000, 0x000000008d200000, 0x000000008d300000|  0%| F|  |TAMS 0x000000008d200000, 0x000000008d200000| Untracked 
| 211|0x000000008d300000, 0x000000008d300000, 0x000000008d400000|  0%| F|  |TAMS 0x000000008d300000, 0x000000008d300000| Untracked 
| 212|0x000000008d400000, 0x000000008d400000, 0x000000008d500000|  0%| F|  |TAMS 0x000000008d400000, 0x000000008d400000| Untracked 
| 213|0x000000008d500000, 0x000000008d500000, 0x000000008d600000|  0%| F|  |TAMS 0x000000008d500000, 0x000000008d500000| Untracked 
| 214|0x000000008d600000, 0x000000008d600000, 0x000000008d700000|  0%| F|  |TAMS 0x000000008d600000, 0x000000008d600000| Untracked 
| 215|0x000000008d700000, 0x000000008d700000, 0x000000008d800000|  0%| F|  |TAMS 0x000000008d700000, 0x000000008d700000| Untracked 
| 216|0x000000008d800000, 0x000000008d800000, 0x000000008d900000|  0%| F|  |TAMS 0x000000008d800000, 0x000000008d800000| Untracked 
| 217|0x000000008d900000, 0x000000008d900000, 0x000000008da00000|  0%| F|  |TAMS 0x000000008d900000, 0x000000008d900000| Untracked 
| 218|0x000000008da00000, 0x000000008da00000, 0x000000008db00000|  0%| F|  |TAMS 0x000000008da00000, 0x000000008da00000| Untracked 
| 219|0x000000008db00000, 0x000000008db00000, 0x000000008dc00000|  0%| F|  |TAMS 0x000000008db00000, 0x000000008db00000| Untracked 
| 220|0x000000008dc00000, 0x000000008dc00000, 0x000000008dd00000|  0%| F|  |TAMS 0x000000008dc00000, 0x000000008dc00000| Untracked 
| 221|0x000000008dd00000, 0x000000008dd00000, 0x000000008de00000|  0%| F|  |TAMS 0x000000008dd00000, 0x000000008dd00000| Untracked 
| 222|0x000000008de00000, 0x000000008de00000, 0x000000008df00000|  0%| F|  |TAMS 0x000000008de00000, 0x000000008de00000| Untracked 
| 223|0x000000008df00000, 0x000000008df00000, 0x000000008e000000|  0%| F|  |TAMS 0x000000008df00000, 0x000000008df00000| Untracked 

Card table byte_map: [0x0000022ea6930000,0x0000022ea6d30000] _byte_map_base: 0x0000022ea6530000

Marking Bits (Prev, Next): (CMBitMap*) 0x0000022e9372d570, (CMBitMap*) 0x0000022e9372d538
 Prev Bits: [0x0000022ea9130000, 0x0000022eab130000)
 Next Bits: [0x0000022ea7130000, 0x0000022ea9130000)

Polling page: 0x0000022e91620000

Metaspace:

Usage:
  Non-class:     26.86 MB capacity,    26.33 MB ( 98%) used,   469.73 KB (  2%) free+waste,    76.25 KB ( <1%) overhead. 
      Class:      4.40 MB capacity,     4.05 MB ( 92%) used,   314.73 KB (  7%) free+waste,    38.94 KB ( <1%) overhead. 
       Both:     31.26 MB capacity,    30.38 MB ( 97%) used,   784.46 KB (  2%) free+waste,   115.19 KB ( <1%) overhead. 

Virtual space:
  Non-class space:       42.00 MB reserved,      26.92 MB ( 64%) committed 
      Class space:        1.00 GB reserved,       4.45 MB ( <1%) committed 
             Both:        1.04 GB reserved,      31.37 MB (  3%) committed 

Chunk freelists:
   Non-Class:  59.00 KB
       Class:  8.00 KB
        Both:  67.00 KB

MaxMetaspaceSize: 17179869184.00 GB
CompressedClassSpaceSize: 1.00 GB
Initial GC threshold: 20.80 MB
Current GC threshold: 35.53 MB
CDS: off

CodeHeap 'non-profiled nmethods': size=120000Kb used=1490Kb max_used=1490Kb free=118509Kb
 bounds [0x0000022e9ecd0000, 0x0000022e9ef40000, 0x0000022ea6200000]
CodeHeap 'profiled nmethods': size=120000Kb used=5725Kb max_used=5725Kb free=114274Kb
 bounds [0x0000022e977a0000, 0x0000022e97d40000, 0x0000022e9ecd0000]
CodeHeap 'non-nmethods': size=5760Kb used=1231Kb max_used=1286Kb free=4528Kb
 bounds [0x0000022e97200000, 0x0000022e97470000, 0x0000022e977a0000]
 total_blobs=3224 nmethods=2710 adapters=426
 compilation: enabled
              stopped_count=0, restarted_count=0
 full_count=0

Compilation events (20 events):
Event: 6.066 Thread 0x0000022eae489800 nmethod 2701 0x0000022e97d2c710 code [0x0000022e97d2cb20, 0x0000022e97d2eb88]
Event: 6.066 Thread 0x0000022eae489800 2699       3       java.lang.invoke.MethodHandles$Lookup::resolveOrFail (39 bytes)
Event: 6.067 Thread 0x0000022eae489800 nmethod 2699 0x0000022e97d2f690 code [0x0000022e97d2f960, 0x0000022e97d30608]
Event: 6.067 Thread 0x0000022eae489800 2700       3       java.lang.invoke.MethodHandles$Lookup::getDirectMethodForConstant (72 bytes)
Event: 6.069 Thread 0x0000022eae489800 nmethod 2700 0x0000022e97d30a90 code [0x0000022e97d30e20, 0x0000022e97d32448]
Event: 6.073 Thread 0x0000022eae489800 2703       3       com.google.common.cache.LocalCache::usesAccessQueue (20 bytes)
Event: 6.073 Thread 0x0000022eae489800 nmethod 2703 0x0000022e97d32c10 code [0x0000022e97d32de0, 0x0000022e97d33118]
Event: 6.076 Thread 0x0000022eae488800 2704       4       java.lang.ClassLoader::loadClass (7 bytes)
Event: 6.077 Thread 0x0000022eae488800 nmethod 2704 0x0000022e9ee44710 code [0x0000022e9ee448a0, 0x0000022e9ee44918]
Event: 6.077 Thread 0x0000022eae488800 2705 %     4       java.io.WinNTFileSystem::normalize @ 58 (224 bytes)
Event: 6.080 Thread 0x0000022eae489800 2706       3       java.lang.invoke.LambdaForm$NamedFunction::<init> (82 bytes)
Event: 6.080 Thread 0x0000022eae489800 nmethod 2706 0x0000022e97d33210 code [0x0000022e97d333e0, 0x0000022e97d33658]
Event: 6.080 Thread 0x0000022eae489800 2707       3       java.lang.invoke.InfoFromMemberName::getDeclaringClass (8 bytes)
Event: 6.080 Thread 0x0000022eae489800 nmethod 2707 0x0000022e97d33710 code [0x0000022e97d338c0, 0x0000022e97d339d8]
Event: 6.084 Thread 0x0000022eae489800 2708       3       java.lang.reflect.ProxyGenerator$MethodInfo::<init> (86 bytes)
Event: 6.086 Thread 0x0000022eae489800 nmethod 2708 0x0000022e97d33a90 code [0x0000022e97d33d40, 0x0000022e97d34928]
Event: 6.086 Thread 0x0000022eae489800 2709       3       java.lang.reflect.ProxyGenerator::codeClassForName (41 bytes)
Event: 6.087 Thread 0x0000022eae489800 nmethod 2709 0x0000022e97d34e10 code [0x0000022e97d35180, 0x0000022e97d36558]
Event: 6.087 Thread 0x0000022eae489800 2710       3       java.lang.reflect.ProxyGenerator::code_astore (11 bytes)
Event: 6.087 Thread 0x0000022eae489800 nmethod 2710 0x0000022e97d36e10 code [0x0000022e97d36fc0, 0x0000022e97d37108]

GC Heap History (10 events):
Event: 1.174 GC heap before
{Heap before GC invocations=0 (full 0):
 garbage-first heap   total 229376K, used 29696K [0x0000000080000000, 0x0000000100000000)
  region size 1024K, 24 young (24576K), 0 survivors (0K)
 Metaspace       used 10130K, capacity 10337K, committed 10624K, reserved 1058816K
  class space    used 1037K, capacity 1108K, committed 1152K, reserved 1048576K
}
Event: 1.183 GC heap after
{Heap after GC invocations=1 (full 0):
 garbage-first heap   total 229376K, used 9561K [0x0000000080000000, 0x0000000100000000)
  region size 1024K, 3 young (3072K), 3 survivors (3072K)
 Metaspace       used 10130K, capacity 10337K, committed 10624K, reserved 1058816K
  class space    used 1037K, capacity 1108K, committed 1152K, reserved 1048576K
}
Event: 1.825 GC heap before
{Heap before GC invocations=1 (full 0):
 garbage-first heap   total 229376K, used 31065K [0x0000000080000000, 0x0000000100000000)
  region size 1024K, 24 young (24576K), 3 survivors (3072K)
 Metaspace       used 11232K, capacity 11454K, committed 11520K, reserved 1058816K
  class space    used 1155K, capacity 1246K, committed 1280K, reserved 1048576K
}
Event: 1.828 GC heap after
{Heap after GC invocations=2 (full 0):
 garbage-first heap   total 229376K, used 10116K [0x0000000080000000, 0x0000000100000000)
  region size 1024K, 1 young (1024K), 1 survivors (1024K)
 Metaspace       used 11232K, capacity 11454K, committed 11520K, reserved 1058816K
  class space    used 1155K, capacity 1246K, committed 1280K, reserved 1048576K
}
Event: 3.927 GC heap before
{Heap before GC invocations=2 (full 0):
 garbage-first heap   total 229376K, used 70532K [0x0000000080000000, 0x0000000100000000)
  region size 1024K, 59 young (60416K), 1 survivors (1024K)
 Metaspace       used 19695K, capacity 20119K, committed 20224K, reserved 1067008K
  class space    used 2326K, capacity 2468K, committed 2560K, reserved 1048576K
}
Event: 3.963 GC heap after
{Heap after GC invocations=3 (full 0):
 garbage-first heap   total 229376K, used 16779K [0x0000000080000000, 0x0000000100000000)
  region size 1024K, 8 young (8192K), 8 survivors (8192K)
 Metaspace       used 19695K, capacity 20119K, committed 20224K, reserved 1067008K
  class space    used 2326K, capacity 2468K, committed 2560K, reserved 1048576K
}
Event: 4.137 GC heap before
{Heap before GC invocations=3 (full 0):
 garbage-first heap   total 229376K, used 29067K [0x0000000080000000, 0x0000000100000000)
  region size 1024K, 21 young (21504K), 8 survivors (8192K)
 Metaspace       used 20768K, capacity 21132K, committed 21296K, reserved 1069056K
  class space    used 2512K, capacity 2635K, committed 2688K, reserved 1048576K
}
Event: 4.148 GC heap after
{Heap after GC invocations=4 (full 0):
 garbage-first heap   total 229376K, used 17290K [0x0000000080000000, 0x0000000100000000)
  region size 1024K, 1 young (1024K), 1 survivors (1024K)
 Metaspace       used 20768K, capacity 21132K, committed 21296K, reserved 1069056K
  class space    used 2512K, capacity 2635K, committed 2688K, reserved 1048576K
}
Event: 5.841 GC heap before
{Heap before GC invocations=5 (full 0):
 garbage-first heap   total 229376K, used 126858K [0x0000000080000000, 0x0000000100000000)
  region size 1024K, 93 young (95232K), 1 survivors (1024K)
 Metaspace       used 29486K, capacity 30413K, committed 30588K, reserved 1075200K
  class space    used 3906K, capacity 4245K, committed 4300K, reserved 1048576K
}
Event: 5.851 GC heap after
{Heap after GC invocations=6 (full 0):
 garbage-first heap   total 229376K, used 39443K [0x0000000080000000, 0x0000000100000000)
  region size 1024K, 8 young (8192K), 8 survivors (8192K)
 Metaspace       used 29486K, capacity 30413K, committed 30588K, reserved 1075200K
  class space    used 3906K, capacity 4245K, committed 4300K, reserved 1048576K
}

Deoptimization events (20 events):
Event: 5.463 Thread 0x0000022eb06c0000 DEOPT PACKING pc=0x0000022e9ee145b8 sp=0x0000009e892f79a0
Event: 5.463 Thread 0x0000022eb06c0000 DEOPT UNPACKING pc=0x0000022e9724a1af sp=0x0000009e892f7898 mode 2
Event: 5.475 Thread 0x0000022eb06c0000 DEOPT PACKING pc=0x0000022e97ca7e04 sp=0x0000009e892f3b50
Event: 5.475 Thread 0x0000022eb06c0000 DEOPT UNPACKING pc=0x0000022e9724a95e sp=0x0000009e892f3128 mode 0
Event: 5.485 Thread 0x0000022eb06c0000 Uncommon trap: trap_request=0xffffff4d fr.pc=0x0000022e9ee23f38 relative=0x0000000000005d98
Event: 5.485 Thread 0x0000022eb06c0000 Uncommon trap: reason=unstable_if action=reinterpret pc=0x0000022e9ee23f38 method=java.net.URLClassLoader.getAndVerifyPackage(Ljava/lang/String;Ljava/util/jar/Manifest;Ljava/net/URL;)Ljava/lang/Package; @ 62 c2
Event: 5.485 Thread 0x0000022eb06c0000 DEOPT PACKING pc=0x0000022e9ee23f38 sp=0x0000009e892f7940
Event: 5.485 Thread 0x0000022eb06c0000 DEOPT UNPACKING pc=0x0000022e9724a1af sp=0x0000009e892f7898 mode 2
Event: 5.531 Thread 0x0000022eb06c0000 DEOPT PACKING pc=0x0000022e97ad3649 sp=0x0000009e892f9c20
Event: 5.531 Thread 0x0000022eb06c0000 DEOPT UNPACKING pc=0x0000022e9724a95e sp=0x0000009e892f9098 mode 0
Event: 5.814 Thread 0x0000022eb06c0000 DEOPT PACKING pc=0x0000022e97bba679 sp=0x0000009e892f7330
Event: 5.814 Thread 0x0000022eb06c0000 DEOPT UNPACKING pc=0x0000022e9724a95e sp=0x0000009e892f6878 mode 0
Event: 5.999 Thread 0x0000022eb06c0000 Uncommon trap: trap_request=0xffffff4d fr.pc=0x0000022e9edbf5cc relative=0x000000000000020c
Event: 5.999 Thread 0x0000022eb06c0000 Uncommon trap: reason=unstable_if action=reinterpret pc=0x0000022e9edbf5cc method=java.util.HashMap.hash(Ljava/lang/Object;)I @ 1 c2
Event: 5.999 Thread 0x0000022eb06c0000 DEOPT PACKING pc=0x0000022e9edbf5cc sp=0x0000009e892f7190
Event: 5.999 Thread 0x0000022eb06c0000 DEOPT UNPACKING pc=0x0000022e9724a1af sp=0x0000009e892f70c8 mode 2
Event: 6.048 Thread 0x0000022eb06c0000 Uncommon trap: trap_request=0xffffff4d fr.pc=0x0000022e9ee434e4 relative=0x00000000000001a4
Event: 6.048 Thread 0x0000022eb06c0000 Uncommon trap: reason=unstable_if action=reinterpret pc=0x0000022e9ee434e4 method=java.util.regex.Pattern$BmpCharProperty.match(Ljava/util/regex/Matcher;ILjava/lang/CharSequence;)Z @ 39 c2
Event: 6.048 Thread 0x0000022eb06c0000 DEOPT PACKING pc=0x0000022e9ee434e4 sp=0x0000009e892f8a70
Event: 6.048 Thread 0x0000022eb06c0000 DEOPT UNPACKING pc=0x0000022e9724a1af sp=0x0000009e892f8a20 mode 2

Classes redefined (0 events):
No events

Internal exceptions (20 events):
Event: 5.518 Thread 0x0000022eb06c0000 Exception <a 'java/lang/NoSuchMethodError'{0x00000000899e6a60}: <clinit>> (0x00000000899e6a60) thrown at [src/hotspot/share/prims/jni.cpp, line 1367]
Event: 5.519 Thread 0x0000022eb06c0000 Exception <a 'java/lang/NoSuchMethodError'{0x00000000899f0e50}: <clinit>> (0x00000000899f0e50) thrown at [src/hotspot/share/prims/jni.cpp, line 1367]
Event: 5.519 Thread 0x0000022eb06c0000 Exception <a 'java/lang/NoSuchMethodError'{0x00000000899fab88}: <clinit>> (0x00000000899fab88) thrown at [src/hotspot/share/prims/jni.cpp, line 1367]
Event: 5.520 Thread 0x0000022eb06c0000 Exception <a 'java/lang/NoSuchMethodError'{0x0000000089804b90}: <clinit>> (0x0000000089804b90) thrown at [src/hotspot/share/prims/jni.cpp, line 1367]
Event: 5.530 Thread 0x0000022eb06c0000 Exception <a 'java/lang/NoSuchMethodError'{0x00000000898b2f98}: <clinit>> (0x00000000898b2f98) thrown at [src/hotspot/share/prims/jni.cpp, line 1367]
Event: 5.531 Thread 0x0000022eb06c0000 Exception <a 'java/lang/NoSuchMethodError'{0x00000000898b59d0}: <clinit>> (0x00000000898b59d0) thrown at [src/hotspot/share/prims/jni.cpp, line 1367]
Event: 5.531 Thread 0x0000022eb06c0000 Exception <a 'java/lang/NoSuchMethodError'{0x00000000898b6fd8}: <clinit>> (0x00000000898b6fd8) thrown at [src/hotspot/share/prims/jni.cpp, line 1367]
Event: 5.531 Thread 0x0000022eb06c0000 Exception <a 'java/lang/NoSuchMethodError'{0x00000000898b8570}: <clinit>> (0x00000000898b8570) thrown at [src/hotspot/share/prims/jni.cpp, line 1367]
Event: 5.531 Thread 0x0000022eb06c0000 Exception <a 'java/lang/NoSuchMethodError'{0x00000000898b9cd0}: <clinit>> (0x00000000898b9cd0) thrown at [src/hotspot/share/prims/jni.cpp, line 1367]
Event: 5.531 Thread 0x0000022eb06c0000 Exception <a 'java/lang/NoSuchMethodError'{0x00000000898bb368}: <clinit>> (0x00000000898bb368) thrown at [src/hotspot/share/prims/jni.cpp, line 1367]
Event: 5.531 Thread 0x0000022eb06c0000 Exception <a 'java/lang/NoSuchMethodError'{0x00000000898bc5f8}: <clinit>> (0x00000000898bc5f8) thrown at [src/hotspot/share/prims/jni.cpp, line 1367]
Event: 5.570 Thread 0x0000022eb06c0000 Exception <a 'java/lang/NoSuchMethodError'{0x0000000089522990}: 'java.lang.Object java.lang.invoke.Invokers$Holder.linkToTargetMethod(java.lang.Object, int, java.lang.Object)'> (0x0000000089522990) thrown at [src/hotspot/share/interpreter/linkResolver.cpp, line 773]
Event: 5.838 Thread 0x0000022eb06c0000 Exception <a 'java/lang/NoSuchMethodError'{0x0000000088372468}: 'java.lang.Object java.lang.invoke.DirectMethodHandle$Holder.invokeSpecialIFC(java.lang.Object, java.lang.Object, java.lang.Object, java.lang.Object)'> (0x0000000088372468) thrown at [src/hotspot/share/interpreter/linkResolver.cpp, line 773]
Event: 5.999 Thread 0x0000022eb06c0000 Implicit null exception at 0x0000022e9edbf3f5 to 0x0000022e9edbf5bc
Event: 6.052 Thread 0x0000022eb06c0000 Exception <a 'java/lang/NoSuchMethodError'{0x000000008d4d7508}: 'java.lang.Object java.lang.invoke.DirectMethodHandle$Holder.invokeSpecial(java.lang.Object, java.lang.Object, java.lang.Object, java.lang.Object, java.lang.Object, java.lang.Object, java.lang.Object, java.lang.Object, java.lang.Object, java.lang.Object, java.lang.Object, java.lang.Object, java.lang.Object)'> (0x000000008d4d7508) thrown at [src/hotspot/share/interpreter/linkResolver.cpp, line 773]
Event: 6.053 Thread 0x0000022eb06c0000 Exception <a 'java/lang/NoSuchMethodError'{0x000000008d4e8610}: 'java.lang.Object java.lang.invoke.DirectMethodHandle$Holder.invokeSpecial(java.lang.Object, java.lang.Object, java.lang.Object, java.lang.Object, java.lang.Object, java.lang.Object, java.lang.Object, java.lang.Object, java.lang.Object, java.lang.Object, java.lang.Object, java.lang.Object)'> (0x000000008d4e8610) thrown at [src/hotspot/share/interpreter/linkResolver.cpp, line 773]
Event: 6.053 Thread 0x0000022eb06c0000 Exception <a 'java/lang/NoSuchMethodError'{0x000000008d4ed9e0}: 'java.lang.Object java.lang.invoke.Invokers$Holder.linkToTargetMethod(java.lang.Object, java.lang.Object, java.lang.Object, java.lang.Object, java.lang.Object, java.lang.Object, java.lang.Object, java.lang.Object, java.lang.Object, java.lang.Object, java.lang.Object)'> (0x000000008d4ed9e0) thrown at [src/hotspot/share/interpreter/linkResolver.cpp, line 773]
Event: 6.062 Thread 0x0000022eb06c0000 Exception <a 'java/lang/NoSuchMethodError'{0x000000008d389e60}: 'java.lang.Object java.lang.invoke.DirectMethodHandle$Holder.invokeSpecial(java.lang.Object, java.lang.Object, java.lang.Object, java.lang.Object, java.lang.Object, java.lang.Object, java.lang.Object, java.lang.Object, java.lang.Object, java.lang.Object, java.lang.Object, java.lang.Object, java.lang.Object, java.lang.Object)'> (0x000000008d389e60) thrown at [src/hotspot/share/interpreter/linkResolver.cpp, line 773]
Event: 6.063 Thread 0x0000022eb06c0000 Exception <a 'java/lang/NoSuchMethodError'{0x000000008d39b780}: 'java.lang.Object java.lang.invoke.Invokers$Holder.linkToTargetMethod(java.lang.Object, java.lang.Object, java.lang.Object, java.lang.Object, java.lang.Object, java.lang.Object, java.lang.Object, java.lang.Object, java.lang.Object, java.lang.Object, java.lang.Object, java.lang.Object)'> (0x000000008d39b780) thrown at [src/hotspot/share/interpreter/linkResolver.cpp, line 773]
Event: 6.080 Thread 0x0000022eb06c0000 Exception <a 'java/lang/NoSuchMethodError'{0x000000008d2bdca8}: 'java.lang.Object java.lang.invoke.DirectMethodHandle$Holder.invokeStaticInit(java.lang.Object, java.lang.Object, java.lang.Object, java.lang.Object)'> (0x000000008d2bdca8) thrown at [src/hotspot/share/interpreter/linkResolver.cpp, line 773]

Events (20 events):
Event: 6.086 loading class org/gradle/api/internal/artifacts/ivyservice/resolveengine/excludes/factories/ExcludeFactory
Event: 6.086 loading class org/gradle/api/internal/artifacts/ivyservice/resolveengine/excludes/factories/ExcludeFactory done
Event: 6.087 loading class org/gradle/api/internal/artifacts/ivyservice/resolveengine/excludes/specs/ExcludeSpec
Event: 6.087 loading class org/gradle/api/internal/artifacts/ivyservice/resolveengine/excludes/specs/ExcludeSpec done
Event: 6.087 loading class org/gradle/api/internal/artifacts/ivyservice/resolveengine/excludes/factories/CachingExcludeFactory$MergeCaches
Event: 6.087 loading class org/gradle/api/internal/artifacts/ivyservice/resolveengine/excludes/factories/CachingExcludeFactory$MergeCaches done
Event: 6.088 loading class org/gradle/api/internal/artifacts/ivyservice/resolveengine/excludes/factories/CachingExcludeFactory$ConcurrentCache
Event: 6.088 loading class org/gradle/api/internal/artifacts/ivyservice/resolveengine/excludes/factories/CachingExcludeFactory$ConcurrentCache done
Event: 6.089 loading class org/gradle/api/internal/artifacts/ivyservice/resolveengine/excludes/factories/OptimizingExcludeFactory
Event: 6.089 loading class org/gradle/api/internal/artifacts/ivyservice/resolveengine/excludes/factories/OptimizingExcludeFactory done
Event: 6.089 loading class org/gradle/api/internal/artifacts/ivyservice/resolveengine/excludes/factories/DelegatingExcludeFactory
Event: 6.089 loading class org/gradle/api/internal/artifacts/ivyservice/resolveengine/excludes/factories/DelegatingExcludeFactory done
Event: 6.090 loading class org/gradle/api/internal/artifacts/ivyservice/resolveengine/excludes/factories/CachingExcludeFactory
Event: 6.090 loading class org/gradle/api/internal/artifacts/ivyservice/resolveengine/excludes/factories/CachingExcludeFactory done
Event: 6.091 loading class org/gradle/api/internal/artifacts/ivyservice/resolveengine/excludes/factories/NormalizingExcludeFactory
Event: 6.091 loading class org/gradle/api/internal/artifacts/ivyservice/resolveengine/excludes/factories/NormalizingExcludeFactory done
Event: 6.092 Executing VM operation: CollectForMetadataAllocation
Event: 6.092 Executing VM operation: CollectForMetadataAllocation done
Event: 6.093 loading class org/gradle/api/internal/artifacts/ivyservice/resolveengine/excludes/simple/DefaultExcludeFactory
Event: 6.093 loading class org/gradle/api/internal/artifacts/ivyservice/resolveengine/excludes/simple/DefaultExcludeFactory done


Dynamic libraries:
0x00007ff6e06e0000 - 0x00007ff6e06ea000 	C:\Program Files\Android\Android Studio\jbr\bin\java.exe
0x00007ffeefad0000 - 0x00007ffeefce4000 	C:\WINDOWS\SYSTEM32\ntdll.dll
0x00007ffeee740000 - 0x00007ffeee803000 	C:\WINDOWS\System32\KERNEL32.DLL
0x00007ffeed2a0000 - 0x00007ffeed63c000 	C:\WINDOWS\System32\KERNELBASE.dll
0x0000000059a00000 - 0x0000000059a93000 	C:\WINDOWS\System32\SYSFER.DLL
0x00007ffeecf40000 - 0x00007ffeed051000 	C:\WINDOWS\System32\ucrtbase.dll
0x00007ffed46a0000 - 0x00007ffed46b7000 	C:\Program Files\Android\Android Studio\jbr\bin\jli.dll
0x00007ffeef8e0000 - 0x00007ffeefa8d000 	C:\WINDOWS\System32\USER32.dll
0x00007ffeecf10000 - 0x00007ffeecf36000 	C:\WINDOWS\System32\win32u.dll
0x00007ffed29d0000 - 0x00007ffed2c5e000 	C:\WINDOWS\WinSxS\amd64_microsoft.windows.common-controls_6595b64144ccf1df_6.0.22621.608_none_a9444ca7c10bb01d\COMCTL32.dll
0x00007ffeeef70000 - 0x00007ffeeef99000 	C:\WINDOWS\System32\GDI32.dll
0x00007ffeee350000 - 0x00007ffeee3f7000 	C:\WINDOWS\System32\msvcrt.dll
0x00007ffeed0e0000 - 0x00007ffeed1f3000 	C:\WINDOWS\System32\gdi32full.dll
0x00007ffeed200000 - 0x00007ffeed29a000 	C:\WINDOWS\System32\msvcp_win.dll
0x00007ffec78a0000 - 0x00007ffec78bb000 	C:\Program Files\Android\Android Studio\jbr\bin\VCRUNTIME140.dll
0x00007ffeee810000 - 0x00007ffeee841000 	C:\WINDOWS\System32\IMM32.DLL
0x00007ffec5ac0000 - 0x00007ffec5acc000 	C:\Program Files\Android\Android Studio\jbr\bin\vcruntime140_1.dll
0x00007ffec5a30000 - 0x00007ffec5abd000 	C:\Program Files\Android\Android Studio\jbr\bin\msvcp140.dll
0x00007ffe6a080000 - 0x00007ffe6ac3c000 	C:\Program Files\Android\Android Studio\jbr\bin\server\jvm.dll
0x00007ffeeeb00000 - 0x00007ffeeebae000 	C:\WINDOWS\System32\ADVAPI32.dll
0x00007ffeef1e0000 - 0x00007ffeef284000 	C:\WINDOWS\System32\sechost.dll
0x00007ffeee230000 - 0x00007ffeee345000 	C:\WINDOWS\System32\RPCRT4.dll
0x00007ffeef7f0000 - 0x00007ffeef7f8000 	C:\WINDOWS\System32\PSAPI.DLL
0x00007ffec6ba0000 - 0x00007ffec6ba9000 	C:\WINDOWS\SYSTEM32\WSOCK32.dll
0x00007ffeef860000 - 0x00007ffeef8d1000 	C:\WINDOWS\System32\WS2_32.dll
0x00007ffee8530000 - 0x00007ffee8564000 	C:\WINDOWS\SYSTEM32\WINMM.dll
0x00007ffee7200000 - 0x00007ffee720a000 	C:\WINDOWS\SYSTEM32\VERSION.dll
0x00007ffeebf60000 - 0x00007ffeebf78000 	C:\WINDOWS\SYSTEM32\kernel.appcore.dll
0x00007ffec6b90000 - 0x00007ffec6ba0000 	C:\Program Files\Android\Android Studio\jbr\bin\verify.dll
0x00007ffede9d0000 - 0x00007ffedebfe000 	C:\WINDOWS\SYSTEM32\DBGHELP.DLL
0x00007ffeeebc0000 - 0x00007ffeeef49000 	C:\WINDOWS\System32\combase.dll
0x00007ffeef710000 - 0x00007ffeef7e7000 	C:\WINDOWS\System32\OLEAUT32.dll
0x00007ffeda980000 - 0x00007ffeda9b2000 	C:\WINDOWS\SYSTEM32\dbgcore.DLL
0x00007ffeed060000 - 0x00007ffeed0db000 	C:\WINDOWS\System32\bcryptPrimitives.dll
0x00007ffe6a050000 - 0x00007ffe6a078000 	C:\Program Files\Android\Android Studio\jbr\bin\java.dll
0x00007ffec6b80000 - 0x00007ffec6b8a000 	C:\Program Files\Android\Android Studio\jbr\bin\jimage.dll
0x00007ffe6a030000 - 0x00007ffe6a048000 	C:\Program Files\Android\Android Studio\jbr\bin\zip.dll
0x00007ffeeda40000 - 0x00007ffeee230000 	C:\WINDOWS\System32\SHELL32.dll
0x00007ffeeaf20000 - 0x00007ffeeb7ee000 	C:\WINDOWS\SYSTEM32\windows.storage.dll
0x00007ffeeade0000 - 0x00007ffeeaf1e000 	C:\WINDOWS\SYSTEM32\wintypes.dll
0x00007ffeee850000 - 0x00007ffeee941000 	C:\WINDOWS\System32\SHCORE.dll
0x00007ffeed8e0000 - 0x00007ffeed93e000 	C:\WINDOWS\System32\shlwapi.dll
0x00007ffeece40000 - 0x00007ffeece61000 	C:\WINDOWS\SYSTEM32\profapi.dll
0x00007ffe6a010000 - 0x00007ffe6a029000 	C:\Program Files\Android\Android Studio\jbr\bin\net.dll
0x00007ffee7630000 - 0x00007ffee775f000 	C:\WINDOWS\SYSTEM32\WINHTTP.dll
0x00007ffeec3d0000 - 0x00007ffeec439000 	C:\WINDOWS\system32\mswsock.dll
0x00007ffe69ff0000 - 0x00007ffe6a003000 	C:\Program Files\Android\Android Studio\jbr\bin\nio.dll
0x00007ffed2c90000 - 0x00007ffed2cb7000 	C:\Users\HP\.gradle\native\e1d6ef7f7dcc3fd88c89a11ec53ec762bb8ba0a96d01ffa2cd45eb1d1d8dd5c5\windows-amd64\native-platform.dll
0x00007ffea9570000 - 0x00007ffea96b4000 	C:\Users\HP\.gradle\native\0d407fdbe67a94daf76414ababcb853783967236a71b16ec16e742cd7a986fd3\windows-amd64\native-platform-file-events.dll
0x00007ffec6b70000 - 0x00007ffec6b7a000 	C:\Program Files\Android\Android Studio\jbr\bin\management.dll
0x00007ffe8a3b0000 - 0x00007ffe8a3bb000 	C:\Program Files\Android\Android Studio\jbr\bin\management_ext.dll
0x00007ffeec630000 - 0x00007ffeec64b000 	C:\WINDOWS\SYSTEM32\CRYPTSP.dll
0x00007ffeebed0000 - 0x00007ffeebf05000 	C:\WINDOWS\system32\rsaenh.dll
0x00007ffeec4d0000 - 0x00007ffeec4f8000 	C:\WINDOWS\SYSTEM32\USERENV.dll
0x00007ffeec7f0000 - 0x00007ffeec818000 	C:\WINDOWS\SYSTEM32\bcrypt.dll
0x00007ffeec650000 - 0x00007ffeec65c000 	C:\WINDOWS\SYSTEM32\CRYPTBASE.dll
0x00007ffeeba40000 - 0x00007ffeeba6d000 	C:\WINDOWS\SYSTEM32\IPHLPAPI.DLL
0x00007ffeee5f0000 - 0x00007ffeee5f9000 	C:\WINDOWS\System32\NSI.dll
0x00007ffee7610000 - 0x00007ffee7629000 	C:\WINDOWS\SYSTEM32\dhcpcsvc6.DLL
0x00007ffee75f0000 - 0x00007ffee760f000 	C:\WINDOWS\SYSTEM32\dhcpcsvc.DLL
0x00007ffeebab0000 - 0x00007ffeebba3000 	C:\WINDOWS\SYSTEM32\DNSAPI.dll

dbghelp: loaded successfully - version: 4.0.5 - missing functions: none
symbol engine: initialized successfully - sym options: 0x614 - pdb path: .;C:\Program Files\Android\Android Studio\jbr\bin;C:\WINDOWS\SYSTEM32;C:\WINDOWS\WinSxS\amd64_microsoft.windows.common-controls_6595b64144ccf1df_6.0.22621.608_none_a9444ca7c10bb01d;C:\Program Files\Android\Android Studio\jbr\bin\server;C:\Users\HP\.gradle\native\e1d6ef7f7dcc3fd88c89a11ec53ec762bb8ba0a96d01ffa2cd45eb1d1d8dd5c5\windows-amd64;C:\Users\HP\.gradle\native\0d407fdbe67a94daf76414ababcb853783967236a71b16ec16e742cd7a986fd3\windows-amd64

VM Arguments:
jvm_args: --add-opens=java.base/java.util=ALL-UNNAMED --add-opens=java.base/java.lang=ALL-UNNAMED --add-opens=java.base/java.lang.invoke=ALL-UNNAMED --add-opens=java.base/java.util=ALL-UNNAMED --add-opens=java.prefs/java.util.prefs=ALL-UNNAMED --add-opens=java.prefs/java.util.prefs=ALL-UNNAMED --add-opens=java.base/java.nio.charset=ALL-UNNAMED --add-opens=java.base/java.net=ALL-UNNAMED --add-opens=java.base/java.util.concurrent.atomic=ALL-UNNAMED -Xmx2048m -Dfile.encoding=UTF-8 -Duser.country=IN -Duser.language=en -Duser.variant 
java_command: org.gradle.launcher.daemon.bootstrap.GradleDaemon 7.5
java_class_path (initial): C:\Users\HP\.gradle\wrapper\dists\gradle-7.5-bin\f1w0cc9nuo0eivz97x2xlu9sv\gradle-7.5\lib\gradle-launcher-7.5.jar
Launcher Type: SUN_STANDARD

[Global flags]
     intx CICompilerCount                          = 4                                         {product} {ergonomic}
     uint ConcGCThreads                            = 2                                         {product} {ergonomic}
     uint G1ConcRefinementThreads                  = 8                                         {product} {ergonomic}
   size_t G1HeapRegionSize                         = 1048576                                   {product} {ergonomic}
    uintx GCDrainStackTargetSize                   = 64                                        {product} {ergonomic}
   size_t InitialHeapSize                          = 234881024                                 {product} {ergonomic}
   size_t MarkStackSize                            = 4194304                                   {product} {ergonomic}
   size_t MaxHeapSize                              = 2147483648                                {product} {command line}
   size_t MaxNewSize                               = 1287651328                                {product} {ergonomic}
   size_t MinHeapDeltaBytes                        = 1048576                                   {product} {ergonomic}
    uintx NonNMethodCodeHeapSize                   = 5836300                                {pd product} {ergonomic}
    uintx NonProfiledCodeHeapSize                  = 122910970                              {pd product} {ergonomic}
    uintx ProfiledCodeHeapSize                     = 122910970                              {pd product} {ergonomic}
    uintx ReservedCodeCacheSize                    = 251658240                              {pd product} {ergonomic}
     bool SegmentedCodeCache                       = true                                      {product} {ergonomic}
     bool UseCompressedClassPointers               = true                                 {lp64_product} {ergonomic}
     bool UseCompressedOops                        = true                                 {lp64_product} {ergonomic}
     bool UseG1GC                                  = true                                      {product} {ergonomic}
     bool UseLargePagesIndividualAllocation        = false                                  {pd product} {ergonomic}

Logging:
Log output configuration:
 #0: stdout all=warning uptime,level,tags
 #1: stderr all=off uptime,level,tags

Environment Variables:
PATH=C:\python310\Scripts\;C:\python310\;C:\WINDOWS\system32;C:\WINDOWS;C:\WINDOWS\System32\Wbem;C:\WINDOWS\System32\WindowsPowerShell\v1.0\;C:\WINDOWS\System32\OpenSSH\;C:\MinGW\bin;C:\Program Files\nodejs\;C:\Program Files (x86)\Windows Kits\8.1\Windows Performance Toolkit\;D:\bin;C:\Program Files\Git\cmd;C:\Users\HP\AppData\Local\Microsoft\WindowsApps;;C:\Users\HP\AppData\Roaming\npm;C:\intelFPGA\20.1\modelsim_ase\win32aloem;C:\Users\HP\AppData\Local\Programs\Microsoft VS Code\bin
USERNAME=DD
OS=Windows_NT
PROCESSOR_IDENTIFIER=AMD64 Family 23 Model 24 Stepping 1, AuthenticAMD



---------------  S Y S T E M  ---------------

OS: Windows 11 , 64 bit Build 22621 (10.0.22621.1344)
OS uptime: 1 days 3:13 hours

CPU:total 8 (initial active 8) (8 cores per cpu, 2 threads per core) family 23 model 24 stepping 1 microcode 0x0, cmov, cx8, fxsr, mmx, sse, sse2, sse3, ssse3, sse4.1, sse4.2, popcnt, avx, avx2, aes, clmul, mmxext, 3dnowpref, lzcnt, sse4a, ht, tsc, tscinvbit, tscinv, bmi1, bmi2, adx, sha, fma

Memory: 4k page, system-wide physical 14212M (3297M free)
TotalPageFile size 14212M (AvailPageFile size 5M)
current process WorkingSet (physical memory assigned to process): 277M, peak: 277M
current process commit charge ("private bytes"): 409M, peak: 410M

vm_info: OpenJDK 64-Bit Server VM (11.0.15+0-b2043.56-9505619) for windows-amd64 JRE (11.0.15+0-b2043.56-9505619), built on Jan 19 2023 02:48:00 by "builduser" with unknown MS VC++:1929

END.
