#
# There is insufficient memory for the Java Runtime Environment to continue.
# Native memory allocation (malloc) failed to allocate 1145136 bytes for Chunk::new
# Possible reasons:
#   The system is out of physical RAM or swap space
#   The process is running with CompressedOops enabled, and the Java Heap may be blocking the growth of the native heap
# Possible solutions:
#   Reduce memory load on the system
#   Increase physical memory or swap space
#   Check if swap backing store is full
#   Decrease Java heap size (-Xmx/-Xms)
#   Decrease number of Java threads
#   Decrease Java thread stack sizes (-Xss)
#   Set larger code cache with -XX:ReservedCodeCacheSize=
#   JVM is running with Unscaled Compressed Oops mode in which the Java heap is
#     placed in the first 4GB address space. The Java Heap base address is the
#     maximum limit for the native heap growth. Please use -XX:HeapBaseMinAddress
#     to set the Java Heap base and to place the Java Heap above 4GB virtual address.
# This output file may be truncated or incomplete.
#
#  Out of Memory Error (src/hotspot/share/memory/arena.cpp:197), pid=67748, tid=73400
#
# JRE version: OpenJDK Runtime Environment (11.0.15) (build 11.0.15+0-b2043.56-9505619)
# Java VM: OpenJDK 64-Bit Server VM (11.0.15+0-b2043.56-9505619, mixed mode, tiered, compressed oops, g1 gc, windows-amd64)
# No core dump will be written. Minidumps are not enabled by default on client versions of Windows
#

---------------  S U M M A R Y ------------

Command Line: --add-opens=java.base/java.util=ALL-UNNAMED --add-opens=java.base/java.lang=ALL-UNNAMED --add-opens=java.base/java.lang.invoke=ALL-UNNAMED --add-opens=java.base/java.util=ALL-UNNAMED --add-opens=java.prefs/java.util.prefs=ALL-UNNAMED --add-opens=java.prefs/java.util.prefs=ALL-UNNAMED --add-opens=java.base/java.nio.charset=ALL-UNNAMED --add-opens=java.base/java.net=ALL-UNNAMED --add-opens=java.base/java.util.concurrent.atomic=ALL-UNNAMED -Xmx2048m -Dfile.encoding=UTF-8 -Duser.country=IN -Duser.language=en -Duser.variant org.gradle.launcher.daemon.bootstrap.GradleDaemon 7.5

Host: AMD Ryzen 5 3450U with Radeon Vega Mobile Gfx  , 8 cores, 13G,  Windows 11 , 64 bit Build 22621 (10.0.22621.1344)
Time: Mon Mar 27 19:06:04 2023 India Standard Time elapsed time: 16.016391 seconds (0d 0h 0m 16s)

---------------  T H R E A D  ---------------

Current thread (0x0000023493a9f800):  JavaThread "C2 CompilerThread0" daemon [_thread_in_native, id=73400, stack(0x000000dc57e00000,0x000000dc57f00000)]


Current CompileTask:
C2:  16016 6647   !   4       java.util.jar.Attributes::read (354 bytes)

Stack: [0x000000dc57e00000,0x000000dc57f00000]
Native frames: (J=compiled Java code, j=interpreted, Vv=VM code, C=native code)
V  [jvm.dll+0x64135a]
V  [jvm.dll+0x7d39f9]
V  [jvm.dll+0x7d51b9]
V  [jvm.dll+0x7d58a3]
V  [jvm.dll+0x2691c5]
V  [jvm.dll+0xc1a5c]
V  [jvm.dll+0xc200c]
V  [jvm.dll+0x3774a7]
V  [jvm.dll+0x342495]
V  [jvm.dll+0x34186a]
V  [jvm.dll+0x2214bd]
V  [jvm.dll+0x220498]
V  [jvm.dll+0x19e851]
V  [jvm.dll+0x230479]
V  [jvm.dll+0x22e5ef]
V  [jvm.dll+0x794de1]
V  [jvm.dll+0x78dc24]
V  [jvm.dll+0x6400f6]
C  [ucrtbase.dll+0x29363]
C  [KERNEL32.DLL+0x126bd]
C  [ntdll.dll+0x5a9f8]


---------------  P R O C E S S  ---------------

Threads class SMR info:
_java_thread_list=0x0000023495042a40, length=124, elements={
0x00000234f8c2b800, 0x0000023493a36000, 0x0000023493a43800, 0x0000023493a96800,
0x0000023493a98000, 0x0000023493a9a800, 0x0000023493a9f800, 0x0000023493aa1000,
0x0000023493aa8000, 0x0000023493c22800, 0x0000023495430000, 0x0000023493de4800,
0x0000023495af2800, 0x00000234962c8000, 0x000002349542a800, 0x00000234962df000,
0x0000023495ad6800, 0x0000023494ca6800, 0x0000023494ca7000, 0x0000023495ff1000,
0x0000023495c05000, 0x0000023495c00800, 0x0000023495c01800, 0x0000023495bff000,
0x0000023495c04000, 0x0000023495c02800, 0x0000023495c05800, 0x0000023495c03000,
0x0000023495c00000, 0x0000023495b8a800, 0x0000023495b89800, 0x0000023495b87000,
0x0000023495b88000, 0x0000023495b8b000, 0x0000023495b88800, 0x0000023495b85800,
0x0000023495b8c000, 0x0000023495b86800, 0x0000023495b91000, 0x0000023495b92800,
0x0000023495b91800, 0x0000023495b90000, 0x0000023495b8d000, 0x0000023495b93800,
0x0000023495b94000, 0x00000234954db800, 0x00000234954d8000, 0x00000234954de000,
0x00000234954dd000, 0x00000234954de800, 0x00000234954da000, 0x00000234954d9000,
0x00000234954df800, 0x00000234954e0800, 0x00000234954da800, 0x00000234954dc800,
0x00000234954e3800, 0x00000234954e4800, 0x00000234954e7000, 0x00000234954e5800,
0x00000234954e2000, 0x00000234954e6000, 0x00000234954e1000, 0x00000234954e3000,
0x00000234940a6000, 0x00000234940a8800, 0x00000234940a8000, 0x00000234940ac000,
0x00000234940ad000, 0x00000234940a7000, 0x00000234940aa800, 0x00000234940af000,
0x00000234940a9800, 0x00000234940ad800, 0x00000234940b0000, 0x00000234940ae800,
0x00000234940b1000, 0x00000234940ab000, 0x00000234940b3800, 0x00000234940b1800,
0x00000234940b2800, 0x00000234940b4000, 0x00000234940b5000, 0x0000023499a63800,
0x0000023499a61800, 0x0000023499a5f800, 0x0000023499a64000, 0x0000023499a60000,
0x0000023499a66800, 0x0000023499a61000, 0x0000023499a66000, 0x0000023499a65000,
0x0000023499a67800, 0x0000023499a68800, 0x0000023499a62800, 0x0000023499a6d000,
0x0000023499a69000, 0x0000023499a6c800, 0x0000023499a6e000, 0x0000023499a6a000,
0x0000023499a6a800, 0x0000023499a6b800, 0x0000023498705000, 0x0000023498709000,
0x0000023498707800, 0x000002349870a000, 0x0000023498705800, 0x000002349870a800,
0x000002349870b800, 0x000002349870c800, 0x0000023498706800, 0x000002349870d000,
0x000002349870e000, 0x0000023498708000, 0x0000023498712000, 0x0000023498713000,
0x0000023498711000, 0x0000023498713800, 0x000002349870e800, 0x000002349870f800,
0x0000023498710800, 0x000002349b181000, 0x000002349b182000, 0x00000234940b9800
}

Java Threads: ( => current thread )
  0x00000234f8c2b800 JavaThread "main" [_thread_blocked, id=68960, stack(0x000000dc57200000,0x000000dc57300000)]
  0x0000023493a36000 JavaThread "Reference Handler" daemon [_thread_blocked, id=76904, stack(0x000000dc57900000,0x000000dc57a00000)]
  0x0000023493a43800 JavaThread "Finalizer" daemon [_thread_blocked, id=28108, stack(0x000000dc57a00000,0x000000dc57b00000)]
  0x0000023493a96800 JavaThread "Signal Dispatcher" daemon [_thread_blocked, id=50592, stack(0x000000dc57b00000,0x000000dc57c00000)]
  0x0000023493a98000 JavaThread "Attach Listener" daemon [_thread_blocked, id=63648, stack(0x000000dc57c00000,0x000000dc57d00000)]
  0x0000023493a9a800 JavaThread "Service Thread" daemon [_thread_blocked, id=63284, stack(0x000000dc57d00000,0x000000dc57e00000)]
=>0x0000023493a9f800 JavaThread "C2 CompilerThread0" daemon [_thread_in_native, id=73400, stack(0x000000dc57e00000,0x000000dc57f00000)]
  0x0000023493aa1000 JavaThread "C1 CompilerThread0" daemon [_thread_blocked, id=68624, stack(0x000000dc57f00000,0x000000dc58000000)]
  0x0000023493aa8000 JavaThread "Sweeper thread" daemon [_thread_blocked, id=36940, stack(0x000000dc58000000,0x000000dc58100000)]
  0x0000023493c22800 JavaThread "Common-Cleaner" daemon [_thread_blocked, id=73264, stack(0x000000dc58100000,0x000000dc58200000)]
  0x0000023495430000 JavaThread "Daemon health stats" [_thread_blocked, id=69676, stack(0x000000dc58800000,0x000000dc58900000)]
  0x0000023493de4800 JavaThread "Incoming local TCP Connector on port 58609" [_thread_in_native, id=57696, stack(0x000000dc58300000,0x000000dc58400000)]
  0x0000023495af2800 JavaThread "Daemon periodic checks" [_thread_blocked, id=45228, stack(0x000000dc58900000,0x000000dc58a00000)]
  0x00000234962c8000 JavaThread "Daemon" [_thread_blocked, id=54100, stack(0x000000dc58a00000,0x000000dc58b00000)]
  0x000002349542a800 JavaThread "Handler for socket connection from /127.0.0.1:58609 to /127.0.0.1:58610" [_thread_in_native, id=57216, stack(0x000000dc58b00000,0x000000dc58c00000)]
  0x00000234962df000 JavaThread "Cancel handler" [_thread_blocked, id=11272, stack(0x000000dc58c00000,0x000000dc58d00000)]
  0x0000023495ad6800 JavaThread "Daemon worker" [_thread_in_Java, id=57004, stack(0x000000dc58d00000,0x000000dc58e00000)]
  0x0000023494ca6800 JavaThread "Asynchronous log dispatcher for DefaultDaemonConnection: socket connection from /127.0.0.1:58609 to /127.0.0.1:58610" [_thread_blocked, id=46100, stack(0x000000dc58e00000,0x000000dc58f00000)]
  0x0000023494ca7000 JavaThread "Stdin handler" [_thread_blocked, id=45264, stack(0x000000dc58f00000,0x000000dc59000000)]
  0x0000023495ff1000 JavaThread "Daemon client event forwarder" [_thread_blocked, id=57932, stack(0x000000dc59000000,0x000000dc59100000)]
  0x0000023495c05000 JavaThread "Cache worker for journal cache (C:\Users\HP\.gradle\caches\journal-1)" [_thread_blocked, id=62656, stack(0x000000dc59100000,0x000000dc59200000)]
  0x0000023495c00800 JavaThread "File lock request listener" [_thread_in_native, id=65472, stack(0x000000dc59200000,0x000000dc59300000)]
  0x0000023495c01800 JavaThread "Cache worker for file hash cache (C:\Users\HP\.gradle\caches\7.5\fileHashes)" [_thread_blocked, id=37012, stack(0x000000dc59700000,0x000000dc59800000)]
  0x0000023495bff000 JavaThread "File watcher server" daemon [_thread_in_native, id=78768, stack(0x000000dc59900000,0x000000dc59a00000)]
  0x0000023495c04000 JavaThread "File watcher consumer" daemon [_thread_blocked, id=56020, stack(0x000000dc59a00000,0x000000dc59b00000)]
  0x0000023495c02800 JavaThread "jar transforms" [_thread_blocked, id=77092, stack(0x000000dc59c00000,0x000000dc59d00000)]
  0x0000023495c05800 JavaThread "jar transforms Thread 2" [_thread_blocked, id=76248, stack(0x000000dc59d00000,0x000000dc59e00000)]
  0x0000023495c03000 JavaThread "jar transforms Thread 3" [_thread_blocked, id=62484, stack(0x000000dc59e00000,0x000000dc59f00000)]
  0x0000023495c00000 JavaThread "jar transforms Thread 4" [_thread_blocked, id=54012, stack(0x000000dc59f00000,0x000000dc5a000000)]
  0x0000023495b8a800 JavaThread "jar transforms Thread 5" [_thread_blocked, id=71796, stack(0x000000dc5a000000,0x000000dc5a100000)]
  0x0000023495b89800 JavaThread "jar transforms Thread 6" [_thread_blocked, id=62612, stack(0x000000dc5a100000,0x000000dc5a200000)]
  0x0000023495b87000 JavaThread "jar transforms Thread 7" [_thread_blocked, id=1120, stack(0x000000dc5a200000,0x000000dc5a300000)]
  0x0000023495b88000 JavaThread "jar transforms Thread 8" [_thread_blocked, id=40228, stack(0x000000dc5a300000,0x000000dc5a400000)]
  0x0000023495b8b000 JavaThread "Cache worker for checksums cache (C:\Users\HP\Desktop\PikStock App\.gradle\7.5\checksums)" [_thread_blocked, id=54380, stack(0x000000dc5a400000,0x000000dc5a500000)]
  0x0000023495b88800 JavaThread "Cache worker for cache directory md-rule (C:\Users\HP\.gradle\caches\7.5\md-rule)" [_thread_blocked, id=52972, stack(0x000000dc5a500000,0x000000dc5a600000)]
  0x0000023495b85800 JavaThread "Cache worker for file content cache (C:\Users\HP\.gradle\caches\7.5\fileContent)" [_thread_blocked, id=71904, stack(0x000000dc5a600000,0x000000dc5a700000)]
  0x0000023495b8c000 JavaThread "Cache worker for file hash cache (C:\Users\HP\Desktop\PikStock App\.gradle\7.5\fileHashes)" [_thread_blocked, id=4220, stack(0x000000dc5a700000,0x000000dc5a800000)]
  0x0000023495b86800 JavaThread "Cache worker for cache directory md-supplier (C:\Users\HP\.gradle\caches\7.5\md-supplier)" [_thread_blocked, id=22056, stack(0x000000dc5a800000,0x000000dc5a900000)]
  0x0000023495b91000 JavaThread "Cache worker for execution history cache (C:\Users\HP\.gradle\caches\7.5\executionHistory)" [_thread_blocked, id=46184, stack(0x000000dc5a900000,0x000000dc5aa00000)]
  0x0000023495b92800 JavaThread "Cache worker for dependencies-accessors (C:\Users\HP\Desktop\PikStock App\.gradle\7.5\dependencies-accessors)" [_thread_blocked, id=53988, stack(0x000000dc59b00000,0x000000dc59c00000)]
  0x0000023495b91800 JavaThread "Cache worker for Build Output Cleanup Cache (C:\Users\HP\Desktop\PikStock App\.gradle\buildOutputCleanup)" [_thread_blocked, id=74568, stack(0x000000dc5aa00000,0x000000dc5ab00000)]
  0x0000023495b90000 JavaThread "Unconstrained build operations" [_thread_blocked, id=38868, stack(0x000000dc59800000,0x000000dc59900000)]
  0x0000023495b8d000 JavaThread "Unconstrained build operations Thread 2" [_thread_blocked, id=61896, stack(0x000000dc5ab00000,0x000000dc5ac00000)]
  0x0000023495b93800 JavaThread "Unconstrained build operations Thread 3" [_thread_blocked, id=60184, stack(0x000000dc5ad00000,0x000000dc5ae00000)]
  0x0000023495b94000 JavaThread "Unconstrained build operations Thread 4" [_thread_blocked, id=70828, stack(0x000000dc5ae00000,0x000000dc5af00000)]
  0x00000234954db800 JavaThread "Unconstrained build operations Thread 5" [_thread_blocked, id=63220, stack(0x000000dc5af00000,0x000000dc5b000000)]
  0x00000234954d8000 JavaThread "Unconstrained build operations Thread 6" [_thread_blocked, id=35968, stack(0x000000dc5b000000,0x000000dc5b100000)]
  0x00000234954de000 JavaThread "Unconstrained build operations Thread 7" [_thread_blocked, id=7304, stack(0x000000dc5b100000,0x000000dc5b200000)]
  0x00000234954dd000 JavaThread "Unconstrained build operations Thread 8" [_thread_blocked, id=63072, stack(0x000000dc5b200000,0x000000dc5b300000)]
  0x00000234954de800 JavaThread "Unconstrained build operations Thread 9" [_thread_blocked, id=67716, stack(0x000000dc5b300000,0x000000dc5b400000)]
  0x00000234954da000 JavaThread "Unconstrained build operations Thread 10" [_thread_blocked, id=31192, stack(0x000000dc5b400000,0x000000dc5b500000)]
  0x00000234954d9000 JavaThread "Unconstrained build operations Thread 11" [_thread_blocked, id=54744, stack(0x000000dc5b500000,0x000000dc5b600000)]
  0x00000234954df800 JavaThread "Unconstrained build operations Thread 12" [_thread_blocked, id=77612, stack(0x000000dc5b600000,0x000000dc5b700000)]
  0x00000234954e0800 JavaThread "Unconstrained build operations Thread 13" [_thread_blocked, id=35484, stack(0x000000dc5b700000,0x000000dc5b800000)]
  0x00000234954da800 JavaThread "Unconstrained build operations Thread 14" [_thread_blocked, id=35320, stack(0x000000dc5b800000,0x000000dc5b900000)]
  0x00000234954dc800 JavaThread "Unconstrained build operations Thread 15" [_thread_blocked, id=76104, stack(0x000000dc5b900000,0x000000dc5ba00000)]
  0x00000234954e3800 JavaThread "Unconstrained build operations Thread 16" [_thread_blocked, id=62652, stack(0x000000dc5ba00000,0x000000dc5bb00000)]
  0x00000234954e4800 JavaThread "Unconstrained build operations Thread 17" [_thread_blocked, id=37408, stack(0x000000dc5bb00000,0x000000dc5bc00000)]
  0x00000234954e7000 JavaThread "Unconstrained build operations Thread 18" [_thread_blocked, id=53480, stack(0x000000dc5bc00000,0x000000dc5bd00000)]
  0x00000234954e5800 JavaThread "Unconstrained build operations Thread 19" [_thread_blocked, id=61528, stack(0x000000dc5bd00000,0x000000dc5be00000)]
  0x00000234954e2000 JavaThread "Unconstrained build operations Thread 20" [_thread_blocked, id=58748, stack(0x000000dc5be00000,0x000000dc5bf00000)]
  0x00000234954e6000 JavaThread "Unconstrained build operations Thread 21" [_thread_blocked, id=57496, stack(0x000000dc5bf00000,0x000000dc5c000000)]
  0x00000234954e1000 JavaThread "Unconstrained build operations Thread 22" [_thread_blocked, id=54184, stack(0x000000dc5c000000,0x000000dc5c100000)]
  0x00000234954e3000 JavaThread "Unconstrained build operations Thread 23" [_thread_blocked, id=11004, stack(0x000000dc5c100000,0x000000dc5c200000)]
  0x00000234940a6000 JavaThread "Unconstrained build operations Thread 24" [_thread_blocked, id=77028, stack(0x000000dc5c200000,0x000000dc5c300000)]
  0x00000234940a8800 JavaThread "Unconstrained build operations Thread 25" [_thread_blocked, id=35960, stack(0x000000dc5c300000,0x000000dc5c400000)]
  0x00000234940a8000 JavaThread "Unconstrained build operations Thread 26" [_thread_blocked, id=71284, stack(0x000000dc5c400000,0x000000dc5c500000)]
  0x00000234940ac000 JavaThread "Unconstrained build operations Thread 27" [_thread_blocked, id=65512, stack(0x000000dc5c500000,0x000000dc5c600000)]
  0x00000234940ad000 JavaThread "Unconstrained build operations Thread 28" [_thread_blocked, id=34324, stack(0x000000dc5c600000,0x000000dc5c700000)]
  0x00000234940a7000 JavaThread "Unconstrained build operations Thread 29" [_thread_blocked, id=66604, stack(0x000000dc5c700000,0x000000dc5c800000)]
  0x00000234940aa800 JavaThread "Unconstrained build operations Thread 30" [_thread_blocked, id=73088, stack(0x000000dc5c800000,0x000000dc5c900000)]
  0x00000234940af000 JavaThread "Unconstrained build operations Thread 31" [_thread_blocked, id=53584, stack(0x000000dc5c900000,0x000000dc5ca00000)]
  0x00000234940a9800 JavaThread "Unconstrained build operations Thread 32" [_thread_blocked, id=61328, stack(0x000000dc5ca00000,0x000000dc5cb00000)]
  0x00000234940ad800 JavaThread "Unconstrained build operations Thread 33" [_thread_blocked, id=66660, stack(0x000000dc5cb00000,0x000000dc5cc00000)]
  0x00000234940b0000 JavaThread "Unconstrained build operations Thread 34" [_thread_blocked, id=7364, stack(0x000000dc5cc00000,0x000000dc5cd00000)]
  0x00000234940ae800 JavaThread "Unconstrained build operations Thread 35" [_thread_blocked, id=74976, stack(0x000000dc5cd00000,0x000000dc5ce00000)]
  0x00000234940b1000 JavaThread "Unconstrained build operations Thread 36" [_thread_blocked, id=77176, stack(0x000000dc5ce00000,0x000000dc5cf00000)]
  0x00000234940ab000 JavaThread "Unconstrained build operations Thread 37" [_thread_blocked, id=63984, stack(0x000000dc5cf00000,0x000000dc5d000000)]
  0x00000234940b3800 JavaThread "Unconstrained build operations Thread 38" [_thread_blocked, id=75316, stack(0x000000dc5d000000,0x000000dc5d100000)]
  0x00000234940b1800 JavaThread "Unconstrained build operations Thread 39" [_thread_blocked, id=73348, stack(0x000000dc5d100000,0x000000dc5d200000)]
  0x00000234940b2800 JavaThread "Unconstrained build operations Thread 40" [_thread_blocked, id=25544, stack(0x000000dc5d200000,0x000000dc5d300000)]
  0x00000234940b4000 JavaThread "Unconstrained build operations Thread 41" [_thread_blocked, id=78660, stack(0x000000dc5d300000,0x000000dc5d400000)]
  0x00000234940b5000 JavaThread "Unconstrained build operations Thread 42" [_thread_blocked, id=78664, stack(0x000000dc5d400000,0x000000dc5d500000)]
  0x0000023499a63800 JavaThread "Unconstrained build operations Thread 43" [_thread_blocked, id=76892, stack(0x000000dc5d500000,0x000000dc5d600000)]
  0x0000023499a61800 JavaThread "Unconstrained build operations Thread 44" [_thread_blocked, id=53300, stack(0x000000dc5d600000,0x000000dc5d700000)]
  0x0000023499a5f800 JavaThread "Unconstrained build operations Thread 45" [_thread_blocked, id=61652, stack(0x000000dc5d700000,0x000000dc5d800000)]
  0x0000023499a64000 JavaThread "Unconstrained build operations Thread 46" [_thread_blocked, id=75488, stack(0x000000dc5d800000,0x000000dc5d900000)]
  0x0000023499a60000 JavaThread "Unconstrained build operations Thread 47" [_thread_blocked, id=67668, stack(0x000000dc5d900000,0x000000dc5da00000)]
  0x0000023499a66800 JavaThread "Unconstrained build operations Thread 48" [_thread_blocked, id=76600, stack(0x000000dc5da00000,0x000000dc5db00000)]
  0x0000023499a61000 JavaThread "Unconstrained build operations Thread 49" [_thread_blocked, id=41016, stack(0x000000dc5db00000,0x000000dc5dc00000)]
  0x0000023499a66000 JavaThread "Unconstrained build operations Thread 50" [_thread_blocked, id=37044, stack(0x000000dc5dc00000,0x000000dc5dd00000)]
  0x0000023499a65000 JavaThread "Unconstrained build operations Thread 51" [_thread_blocked, id=40184, stack(0x000000dc5dd00000,0x000000dc5de00000)]
  0x0000023499a67800 JavaThread "Unconstrained build operations Thread 52" [_thread_blocked, id=61884, stack(0x000000dc5de00000,0x000000dc5df00000)]
  0x0000023499a68800 JavaThread "Unconstrained build operations Thread 53" [_thread_blocked, id=66836, stack(0x000000dc5df00000,0x000000dc5e000000)]
  0x0000023499a62800 JavaThread "Unconstrained build operations Thread 54" [_thread_blocked, id=74848, stack(0x000000dc5e000000,0x000000dc5e100000)]
  0x0000023499a6d000 JavaThread "Unconstrained build operations Thread 55" [_thread_blocked, id=58032, stack(0x000000dc5e100000,0x000000dc5e200000)]
  0x0000023499a69000 JavaThread "Unconstrained build operations Thread 56" [_thread_blocked, id=53308, stack(0x000000dc5e200000,0x000000dc5e300000)]
  0x0000023499a6c800 JavaThread "Unconstrained build operations Thread 57" [_thread_blocked, id=63960, stack(0x000000dc5e300000,0x000000dc5e400000)]
  0x0000023499a6e000 JavaThread "Unconstrained build operations Thread 58" [_thread_blocked, id=66084, stack(0x000000dc5e400000,0x000000dc5e500000)]
  0x0000023499a6a000 JavaThread "Unconstrained build operations Thread 59" [_thread_blocked, id=22584, stack(0x000000dc5e500000,0x000000dc5e600000)]
  0x0000023499a6a800 JavaThread "Unconstrained build operations Thread 60" [_thread_blocked, id=66196, stack(0x000000dc5e600000,0x000000dc5e700000)]
  0x0000023499a6b800 JavaThread "Unconstrained build operations Thread 61" [_thread_blocked, id=38236, stack(0x000000dc5e700000,0x000000dc5e800000)]
  0x0000023498705000 JavaThread "Unconstrained build operations Thread 62" [_thread_blocked, id=3112, stack(0x000000dc5e800000,0x000000dc5e900000)]
  0x0000023498709000 JavaThread "Unconstrained build operations Thread 63" [_thread_blocked, id=60320, stack(0x000000dc5e900000,0x000000dc5ea00000)]
  0x0000023498707800 JavaThread "Unconstrained build operations Thread 64" [_thread_blocked, id=54800, stack(0x000000dc5ea00000,0x000000dc5eb00000)]
  0x000002349870a000 JavaThread "Unconstrained build operations Thread 65" [_thread_blocked, id=52720, stack(0x000000dc5eb00000,0x000000dc5ec00000)]
  0x0000023498705800 JavaThread "Unconstrained build operations Thread 66" [_thread_blocked, id=78360, stack(0x000000dc5ec00000,0x000000dc5ed00000)]
  0x000002349870a800 JavaThread "Unconstrained build operations Thread 67" [_thread_blocked, id=78708, stack(0x000000dc5ed00000,0x000000dc5ee00000)]
  0x000002349870b800 JavaThread "Unconstrained build operations Thread 68" [_thread_blocked, id=18484, stack(0x000000dc5ee00000,0x000000dc5ef00000)]
  0x000002349870c800 JavaThread "Unconstrained build operations Thread 69" [_thread_blocked, id=41068, stack(0x000000dc5ef00000,0x000000dc5f000000)]
  0x0000023498706800 JavaThread "Unconstrained build operations Thread 70" [_thread_blocked, id=74056, stack(0x000000dc5f000000,0x000000dc5f100000)]
  0x000002349870d000 JavaThread "Unconstrained build operations Thread 71" [_thread_blocked, id=67756, stack(0x000000dc5f100000,0x000000dc5f200000)]
  0x000002349870e000 JavaThread "Unconstrained build operations Thread 72" [_thread_blocked, id=59260, stack(0x000000dc5f200000,0x000000dc5f300000)]
  0x0000023498708000 JavaThread "Unconstrained build operations Thread 73" [_thread_blocked, id=54360, stack(0x000000dc5f300000,0x000000dc5f400000)]
  0x0000023498712000 JavaThread "Unconstrained build operations Thread 74" [_thread_blocked, id=72660, stack(0x000000dc5f400000,0x000000dc5f500000)]
  0x0000023498713000 JavaThread "Unconstrained build operations Thread 75" [_thread_blocked, id=68460, stack(0x000000dc5f500000,0x000000dc5f600000)]
  0x0000023498711000 JavaThread "Unconstrained build operations Thread 76" [_thread_blocked, id=52612, stack(0x000000dc5f600000,0x000000dc5f700000)]
  0x0000023498713800 JavaThread "Unconstrained build operations Thread 77" [_thread_blocked, id=65104, stack(0x000000dc5f700000,0x000000dc5f800000)]
  0x000002349870e800 JavaThread "Unconstrained build operations Thread 78" [_thread_blocked, id=60976, stack(0x000000dc5f800000,0x000000dc5f900000)]
  0x000002349870f800 JavaThread "Unconstrained build operations Thread 79" [_thread_blocked, id=68536, stack(0x000000dc5f900000,0x000000dc5fa00000)]
  0x0000023498710800 JavaThread "Unconstrained build operations Thread 80" [_thread_blocked, id=61508, stack(0x000000dc5fa00000,0x000000dc5fb00000)]
  0x000002349b181000 JavaThread "C2 CompilerThread1" daemon [_thread_blocked, id=56812, stack(0x000000dc5fb00000,0x000000dc5fc00000)]
  0x000002349b182000 JavaThread "C2 CompilerThread2" daemon [_thread_blocked, id=2184, stack(0x000000dc5fc00000,0x000000dc5fd00000)]
  0x00000234940b9800 JavaThread "Memory manager" [_thread_blocked, id=46656, stack(0x000000dc5fd00000,0x000000dc5fe00000)]

Other Threads:
  0x00000234931fc000 VMThread "VM Thread" [stack: 0x000000dc57800000,0x000000dc57900000] [id=67000]
  0x0000023493c30800 WatcherThread [stack: 0x000000dc58200000,0x000000dc58300000] [id=71632]
  0x00000234f8c44800 GCTaskThread "GC Thread#0" [stack: 0x000000dc57300000,0x000000dc57400000] [id=77300]
  0x0000023494800800 GCTaskThread "GC Thread#1" [stack: 0x000000dc58400000,0x000000dc58500000] [id=53712]
  0x0000023494b88000 GCTaskThread "GC Thread#2" [stack: 0x000000dc58500000,0x000000dc58600000] [id=70188]
  0x00000234946d4800 GCTaskThread "GC Thread#3" [stack: 0x000000dc58600000,0x000000dc58700000] [id=37400]
  0x0000023494f49000 GCTaskThread "GC Thread#4" [stack: 0x000000dc58700000,0x000000dc58800000] [id=60604]
  0x0000023495e74800 GCTaskThread "GC Thread#5" [stack: 0x000000dc59300000,0x000000dc59400000] [id=71812]
  0x0000023496193000 GCTaskThread "GC Thread#6" [stack: 0x000000dc59400000,0x000000dc59500000] [id=62228]
  0x0000023495ff0000 GCTaskThread "GC Thread#7" [stack: 0x000000dc59500000,0x000000dc59600000] [id=53544]
  0x00000234f8c77800 ConcurrentGCThread "G1 Main Marker" [stack: 0x000000dc57400000,0x000000dc57500000] [id=55224]
  0x00000234f8c7a000 ConcurrentGCThread "G1 Conc#0" [stack: 0x000000dc57500000,0x000000dc57600000] [id=70516]
  0x000002349463f000 ConcurrentGCThread "G1 Conc#1" [stack: 0x000000dc59600000,0x000000dc59700000] [id=66808]
  0x0000023493080800 ConcurrentGCThread "G1 Refine#0" [stack: 0x000000dc57600000,0x000000dc57700000] [id=21628]
  0x0000023493083800 ConcurrentGCThread "G1 Young RemSet Sampling" [stack: 0x000000dc57700000,0x000000dc57800000] [id=65016]

Threads with active compile tasks:
C2 CompilerThread0    16106 6647   !   4       java.util.jar.Attributes::read (354 bytes)
C2 CompilerThread1    16106 6757  s    4       java.util.Hashtable::get (69 bytes)
C2 CompilerThread2    16106 6745 %     4       java.math.BigInteger::montReduce @ 9 (99 bytes)

VM state:not at safepoint (normal execution)

VM Mutex/Monitor currently owned by a thread: None

Heap address: 0x0000000080000000, size: 2048 MB, Compressed Oops mode: 32-bit
Narrow klass base: 0x0000000000000000, Narrow klass shift: 3
Compressed class space size: 1073741824 Address: 0x0000000100000000

Heap:
 garbage-first heap   total 229376K, used 122356K [0x0000000080000000, 0x0000000100000000)
  region size 1024K, 9 young (9216K), 5 survivors (5120K)
 Metaspace       used 68530K, capacity 70408K, committed 70640K, reserved 1110016K
  class space    used 8701K, capacity 9444K, committed 9588K, reserved 1048576K
Heap Regions: E=young(eden), S=young(survivor), O=old, HS=humongous(starts), HC=humongous(continues), CS=collection set, F=free, A=archive, TAMS=top-at-mark-start (previous, next)
|   0|0x0000000080000000, 0x0000000080100000, 0x0000000080100000|100%| O|  |TAMS 0x0000000080100000, 0x0000000080000000| Updating 
|   1|0x0000000080100000, 0x0000000080200000, 0x0000000080200000|100%| O|  |TAMS 0x0000000080200000, 0x0000000080100000| Updating 
|   2|0x0000000080200000, 0x0000000080300000, 0x0000000080300000|100%| O|  |TAMS 0x0000000080300000, 0x0000000080200000| Updating 
|   3|0x0000000080300000, 0x0000000080400000, 0x0000000080400000|100%|HS|  |TAMS 0x0000000080400000, 0x0000000080300000| Complete 
|   4|0x0000000080400000, 0x0000000080500000, 0x0000000080500000|100%|HC|  |TAMS 0x0000000080500000, 0x0000000080400000| Complete 
|   5|0x0000000080500000, 0x0000000080600000, 0x0000000080600000|100%|HC|  |TAMS 0x0000000080600000, 0x0000000080500000| Complete 
|   6|0x0000000080600000, 0x0000000080700000, 0x0000000080700000|100%| O|  |TAMS 0x0000000080700000, 0x0000000080600000| Updating 
|   7|0x0000000080700000, 0x0000000080800000, 0x0000000080800000|100%| O|  |TAMS 0x0000000080800000, 0x0000000080700000| Updating 
|   8|0x0000000080800000, 0x0000000080900000, 0x0000000080900000|100%| O|  |TAMS 0x0000000080900000, 0x0000000080800000| Updating 
|   9|0x0000000080900000, 0x0000000080a00000, 0x0000000080a00000|100%| O|  |TAMS 0x0000000080a00000, 0x0000000080900000| Updating 
|  10|0x0000000080a00000, 0x0000000080b00000, 0x0000000080b00000|100%| O|  |TAMS 0x0000000080b00000, 0x0000000080a00000| Updating 
|  11|0x0000000080b00000, 0x0000000080c00000, 0x0000000080c00000|100%| O|  |TAMS 0x0000000080c00000, 0x0000000080b00000| Updating 
|  12|0x0000000080c00000, 0x0000000080d00000, 0x0000000080d00000|100%| O|  |TAMS 0x0000000080d00000, 0x0000000080c00000| Updating 
|  13|0x0000000080d00000, 0x0000000080e00000, 0x0000000080e00000|100%| O|  |TAMS 0x0000000080e00000, 0x0000000080d00000| Updating 
|  14|0x0000000080e00000, 0x0000000080f00000, 0x0000000080f00000|100%| O|  |TAMS 0x0000000080f00000, 0x0000000080e00000| Updating 
|  15|0x0000000080f00000, 0x0000000081000000, 0x0000000081000000|100%| O|  |TAMS 0x0000000081000000, 0x0000000080f00000| Updating 
|  16|0x0000000081000000, 0x0000000081100000, 0x0000000081100000|100%| O|  |TAMS 0x0000000081100000, 0x0000000081000000| Updating 
|  17|0x0000000081100000, 0x0000000081200000, 0x0000000081200000|100%|HS|  |TAMS 0x0000000081200000, 0x0000000081100000| Complete 
|  18|0x0000000081200000, 0x0000000081300000, 0x0000000081300000|100%|HC|  |TAMS 0x0000000081300000, 0x0000000081200000| Complete 
|  19|0x0000000081300000, 0x0000000081400000, 0x0000000081400000|100%|HS|  |TAMS 0x0000000081400000, 0x0000000081300000| Complete 
|  20|0x0000000081400000, 0x0000000081500000, 0x0000000081500000|100%|HC|  |TAMS 0x0000000081500000, 0x0000000081400000| Complete 
|  21|0x0000000081500000, 0x0000000081600000, 0x0000000081600000|100%|HC|  |TAMS 0x0000000081600000, 0x0000000081500000| Complete 
|  22|0x0000000081600000, 0x0000000081700000, 0x0000000081700000|100%|HS|  |TAMS 0x0000000081700000, 0x0000000081600000| Complete 
|  23|0x0000000081700000, 0x0000000081800000, 0x0000000081800000|100%|HC|  |TAMS 0x0000000081800000, 0x0000000081700000| Complete 
|  24|0x0000000081800000, 0x0000000081900000, 0x0000000081900000|100%|HC|  |TAMS 0x0000000081900000, 0x0000000081800000| Complete 
|  25|0x0000000081900000, 0x0000000081a00000, 0x0000000081a00000|100%|HS|  |TAMS 0x0000000081a00000, 0x0000000081900000| Complete 
|  26|0x0000000081a00000, 0x0000000081b00000, 0x0000000081b00000|100%|HC|  |TAMS 0x0000000081b00000, 0x0000000081a00000| Complete 
|  27|0x0000000081b00000, 0x0000000081c00000, 0x0000000081c00000|100%|HS|  |TAMS 0x0000000081c00000, 0x0000000081b00000| Complete 
|  28|0x0000000081c00000, 0x0000000081d00000, 0x0000000081d00000|100%|HC|  |TAMS 0x0000000081d00000, 0x0000000081c00000| Complete 
|  29|0x0000000081d00000, 0x0000000081e00000, 0x0000000081e00000|100%|HC|  |TAMS 0x0000000081e00000, 0x0000000081d00000| Complete 
|  30|0x0000000081e00000, 0x0000000081f00000, 0x0000000081f00000|100%|HC|  |TAMS 0x0000000081f00000, 0x0000000081e00000| Complete 
|  31|0x0000000081f00000, 0x0000000082000000, 0x0000000082000000|100%|HC|  |TAMS 0x0000000082000000, 0x0000000081f00000| Complete 
|  32|0x0000000082000000, 0x0000000082100000, 0x0000000082100000|100%|HC|  |TAMS 0x0000000082100000, 0x0000000082000000| Complete 
|  33|0x0000000082100000, 0x0000000082200000, 0x0000000082200000|100%|HC|  |TAMS 0x0000000082200000, 0x0000000082100000| Complete 
|  34|0x0000000082200000, 0x0000000082300000, 0x0000000082300000|100%|HC|  |TAMS 0x0000000082300000, 0x0000000082200000| Complete 
|  35|0x0000000082300000, 0x0000000082400000, 0x0000000082400000|100%|HC|  |TAMS 0x0000000082400000, 0x0000000082300000| Complete 
|  36|0x0000000082400000, 0x0000000082500000, 0x0000000082500000|100%|HC|  |TAMS 0x0000000082500000, 0x0000000082400000| Complete 
|  37|0x0000000082500000, 0x0000000082600000, 0x0000000082600000|100%|HS|  |TAMS 0x0000000082600000, 0x0000000082500000| Complete 
|  38|0x0000000082600000, 0x0000000082700000, 0x0000000082700000|100%|HC|  |TAMS 0x0000000082700000, 0x0000000082600000| Complete 
|  39|0x0000000082700000, 0x0000000082800000, 0x0000000082800000|100%|HS|  |TAMS 0x0000000082800000, 0x0000000082700000| Complete 
|  40|0x0000000082800000, 0x0000000082900000, 0x0000000082900000|100%|HC|  |TAMS 0x0000000082900000, 0x0000000082800000| Complete 
|  41|0x0000000082900000, 0x0000000082a00000, 0x0000000082a00000|100%|HC|  |TAMS 0x0000000082a00000, 0x0000000082900000| Complete 
|  42|0x0000000082a00000, 0x0000000082b00000, 0x0000000082b00000|100%|HC|  |TAMS 0x0000000082b00000, 0x0000000082a00000| Complete 
|  43|0x0000000082b00000, 0x0000000082c00000, 0x0000000082c00000|100%|HC|  |TAMS 0x0000000082c00000, 0x0000000082b00000| Complete 
|  44|0x0000000082c00000, 0x0000000082d00000, 0x0000000082d00000|100%|HS|  |TAMS 0x0000000082d00000, 0x0000000082c00000| Complete 
|  45|0x0000000082d00000, 0x0000000082e00000, 0x0000000082e00000|100%| O|  |TAMS 0x0000000082e00000, 0x0000000082d00000| Updating 
|  46|0x0000000082e00000, 0x0000000082f00000, 0x0000000082f00000|100%| O|  |TAMS 0x0000000082f00000, 0x0000000082e00000| Updating 
|  47|0x0000000082f00000, 0x0000000083000000, 0x0000000083000000|100%|HS|  |TAMS 0x0000000083000000, 0x0000000082f00000| Complete 
|  48|0x0000000083000000, 0x0000000083100000, 0x0000000083100000|100%|HC|  |TAMS 0x0000000083100000, 0x0000000083000000| Complete 
|  49|0x0000000083100000, 0x0000000083200000, 0x0000000083200000|100%|HC|  |TAMS 0x0000000083200000, 0x0000000083100000| Complete 
|  50|0x0000000083200000, 0x0000000083300000, 0x0000000083300000|100%|HC|  |TAMS 0x0000000083300000, 0x0000000083200000| Complete 
|  51|0x0000000083300000, 0x0000000083400000, 0x0000000083400000|100%|HC|  |TAMS 0x0000000083400000, 0x0000000083300000| Complete 
|  52|0x0000000083400000, 0x0000000083500000, 0x0000000083500000|100%|HC|  |TAMS 0x0000000083500000, 0x0000000083400000| Complete 
|  53|0x0000000083500000, 0x0000000083600000, 0x0000000083600000|100%|HC|  |TAMS 0x0000000083600000, 0x0000000083500000| Complete 
|  54|0x0000000083600000, 0x0000000083700000, 0x0000000083700000|100%|HC|  |TAMS 0x0000000083700000, 0x0000000083600000| Complete 
|  55|0x0000000083700000, 0x0000000083800000, 0x0000000083800000|100%|HC|  |TAMS 0x0000000083800000, 0x0000000083700000| Complete 
|  56|0x0000000083800000, 0x0000000083900000, 0x0000000083900000|100%|HC|  |TAMS 0x0000000083900000, 0x0000000083800000| Complete 
|  57|0x0000000083900000, 0x0000000083a00000, 0x0000000083a00000|100%|HS|  |TAMS 0x0000000083a00000, 0x0000000083900000| Complete 
|  58|0x0000000083a00000, 0x0000000083b00000, 0x0000000083b00000|100%|HC|  |TAMS 0x0000000083b00000, 0x0000000083a00000| Complete 
|  59|0x0000000083b00000, 0x0000000083c00000, 0x0000000083c00000|100%|HS|  |TAMS 0x0000000083c00000, 0x0000000083b00000| Complete 
|  60|0x0000000083c00000, 0x0000000083d00000, 0x0000000083d00000|100%|HC|  |TAMS 0x0000000083d00000, 0x0000000083c00000| Complete 
|  61|0x0000000083d00000, 0x0000000083e00000, 0x0000000083e00000|100%|HC|  |TAMS 0x0000000083e00000, 0x0000000083d00000| Complete 
|  62|0x0000000083e00000, 0x0000000083f00000, 0x0000000083f00000|100%|HS|  |TAMS 0x0000000083f00000, 0x0000000083e00000| Complete 
|  63|0x0000000083f00000, 0x0000000084000000, 0x0000000084000000|100%|HC|  |TAMS 0x0000000084000000, 0x0000000083f00000| Complete 
|  64|0x0000000084000000, 0x0000000084100000, 0x0000000084100000|100%|HS|  |TAMS 0x0000000084100000, 0x0000000084000000| Complete 
|  65|0x0000000084100000, 0x0000000084200000, 0x0000000084200000|100%|HC|  |TAMS 0x0000000084200000, 0x0000000084100000| Complete 
|  66|0x0000000084200000, 0x0000000084300000, 0x0000000084300000|100%|HC|  |TAMS 0x0000000084300000, 0x0000000084200000| Complete 
|  67|0x0000000084300000, 0x0000000084400000, 0x0000000084400000|100%| O|  |TAMS 0x0000000084400000, 0x0000000084300000| Updating 
|  68|0x0000000084400000, 0x0000000084500000, 0x0000000084500000|100%| O|  |TAMS 0x0000000084500000, 0x0000000084400000| Updating 
|  69|0x0000000084500000, 0x0000000084600000, 0x0000000084600000|100%| O|  |TAMS 0x0000000084600000, 0x0000000084500000| Updating 
|  70|0x0000000084600000, 0x0000000084700000, 0x0000000084700000|100%| O|  |TAMS 0x0000000084700000, 0x0000000084600000| Updating 
|  71|0x0000000084700000, 0x0000000084800000, 0x0000000084800000|100%| O|  |TAMS 0x0000000084800000, 0x0000000084700000| Updating 
|  72|0x0000000084800000, 0x0000000084900000, 0x0000000084900000|100%| O|  |TAMS 0x0000000084900000, 0x0000000084800000| Updating 
|  73|0x0000000084900000, 0x0000000084a00000, 0x0000000084a00000|100%| O|  |TAMS 0x0000000084a00000, 0x0000000084900000| Updating 
|  74|0x0000000084a00000, 0x0000000084b00000, 0x0000000084b00000|100%| O|  |TAMS 0x0000000084b00000, 0x0000000084a00000| Updating 
|  75|0x0000000084b00000, 0x0000000084c00000, 0x0000000084c00000|100%| O|  |TAMS 0x0000000084c00000, 0x0000000084b00000| Updating 
|  76|0x0000000084c00000, 0x0000000084d00000, 0x0000000084d00000|100%|HS|  |TAMS 0x0000000084d00000, 0x0000000084c00000| Complete 
|  77|0x0000000084d00000, 0x0000000084e00000, 0x0000000084e00000|100%|HC|  |TAMS 0x0000000084e00000, 0x0000000084d00000| Complete 
|  78|0x0000000084e00000, 0x0000000084f00000, 0x0000000084f00000|100%|HC|  |TAMS 0x0000000084f00000, 0x0000000084e00000| Complete 
|  79|0x0000000084f00000, 0x0000000085000000, 0x0000000085000000|100%|HC|  |TAMS 0x0000000085000000, 0x0000000084f00000| Complete 
|  80|0x0000000085000000, 0x0000000085100000, 0x0000000085100000|100%|HC|  |TAMS 0x0000000085100000, 0x0000000085000000| Complete 
|  81|0x0000000085100000, 0x0000000085200000, 0x0000000085200000|100%| O|  |TAMS 0x0000000085200000, 0x0000000085100000| Updating 
|  82|0x0000000085200000, 0x0000000085300000, 0x0000000085300000|100%| O|  |TAMS 0x0000000085300000, 0x0000000085200000| Updating 
|  83|0x0000000085300000, 0x0000000085400000, 0x0000000085400000|100%| O|  |TAMS 0x0000000085400000, 0x0000000085300000| Updating 
|  84|0x0000000085400000, 0x0000000085500000, 0x0000000085500000|100%| O|  |TAMS 0x0000000085500000, 0x0000000085400000| Updating 
|  85|0x0000000085500000, 0x0000000085600000, 0x0000000085600000|100%| O|  |TAMS 0x0000000085600000, 0x0000000085500000| Updating 
|  86|0x0000000085600000, 0x0000000085700000, 0x0000000085700000|100%| O|  |TAMS 0x0000000085700000, 0x0000000085600000| Updating 
|  87|0x0000000085700000, 0x0000000085800000, 0x0000000085800000|100%| O|  |TAMS 0x0000000085800000, 0x0000000085700000| Updating 
|  88|0x0000000085800000, 0x0000000085900000, 0x0000000085900000|100%|HS|  |TAMS 0x0000000085900000, 0x0000000085800000| Complete 
|  89|0x0000000085900000, 0x0000000085a00000, 0x0000000085a00000|100%|HS|  |TAMS 0x0000000085a00000, 0x0000000085900000| Complete 
|  90|0x0000000085a00000, 0x0000000085b00000, 0x0000000085b00000|100%| O|  |TAMS 0x0000000085b00000, 0x0000000085a00000| Updating 
|  91|0x0000000085b00000, 0x0000000085c00000, 0x0000000085c00000|100%| O|  |TAMS 0x0000000085c00000, 0x0000000085b00000| Updating 
|  92|0x0000000085c00000, 0x0000000085d00000, 0x0000000085d00000|100%| O|  |TAMS 0x0000000085d00000, 0x0000000085c00000| Updating 
|  93|0x0000000085d00000, 0x0000000085e00000, 0x0000000085e00000|100%| O|  |TAMS 0x0000000085e00000, 0x0000000085d00000| Updating 
|  94|0x0000000085e00000, 0x0000000085f00000, 0x0000000085f00000|100%| O|  |TAMS 0x0000000085f00000, 0x0000000085e00000| Updating 
|  95|0x0000000085f00000, 0x0000000086000000, 0x0000000086000000|100%| O|  |TAMS 0x0000000086000000, 0x0000000085f00000| Updating 
|  96|0x0000000086000000, 0x0000000086100000, 0x0000000086100000|100%|HS|  |TAMS 0x0000000086000000, 0x0000000086000000| Complete 
|  97|0x0000000086100000, 0x0000000086100000, 0x0000000086200000|  0%| F|  |TAMS 0x0000000086100000, 0x0000000086100000| Untracked 
|  98|0x0000000086200000, 0x0000000086300000, 0x0000000086300000|100%|HS|  |TAMS 0x0000000086300000, 0x0000000086200000| Complete 
|  99|0x0000000086300000, 0x0000000086400000, 0x0000000086400000|100%|HS|  |TAMS 0x0000000086400000, 0x0000000086300000| Complete 
| 100|0x0000000086400000, 0x0000000086500000, 0x0000000086500000|100%|HS|  |TAMS 0x0000000086500000, 0x0000000086400000| Complete 
| 101|0x0000000086500000, 0x0000000086600000, 0x0000000086600000|100%| O|  |TAMS 0x0000000086600000, 0x0000000086500000| Updating 
| 102|0x0000000086600000, 0x0000000086700000, 0x0000000086700000|100%| O|  |TAMS 0x0000000086700000, 0x0000000086600000| Updating 
| 103|0x0000000086700000, 0x0000000086800000, 0x0000000086800000|100%| O|  |TAMS 0x0000000086800000, 0x0000000086700000| Updating 
| 104|0x0000000086800000, 0x0000000086900000, 0x0000000086900000|100%| O|  |TAMS 0x0000000086900000, 0x0000000086800000| Updating 
| 105|0x0000000086900000, 0x0000000086a00000, 0x0000000086a00000|100%| O|  |TAMS 0x0000000086a00000, 0x0000000086900000| Updating 
| 106|0x0000000086a00000, 0x0000000086b00000, 0x0000000086b00000|100%| O|  |TAMS 0x0000000086b00000, 0x0000000086a00000| Updating 
| 107|0x0000000086b00000, 0x0000000086c00000, 0x0000000086c00000|100%| O|  |TAMS 0x0000000086c00000, 0x0000000086b00000| Updating 
| 108|0x0000000086c00000, 0x0000000086d00000, 0x0000000086d00000|100%| O|  |TAMS 0x0000000086d00000, 0x0000000086c00000| Updating 
| 109|0x0000000086d00000, 0x0000000086e00000, 0x0000000086e00000|100%| O|  |TAMS 0x0000000086e00000, 0x0000000086d00000| Updating 
| 110|0x0000000086e00000, 0x0000000086f00000, 0x0000000086f00000|100%| O|  |TAMS 0x0000000086f00000, 0x0000000086e00000| Updating 
| 111|0x0000000086f00000, 0x0000000087000000, 0x0000000087000000|100%| O|  |TAMS 0x0000000087000000, 0x0000000086f00000| Updating 
| 112|0x0000000087000000, 0x000000008707d200, 0x0000000087100000| 48%| O|  |TAMS 0x000000008707d200, 0x0000000087000000| Updating 
| 113|0x0000000087100000, 0x0000000087100000, 0x0000000087200000|  0%| F|  |TAMS 0x0000000087100000, 0x0000000087100000| Untracked 
| 114|0x0000000087200000, 0x0000000087200000, 0x0000000087300000|  0%| F|  |TAMS 0x0000000087200000, 0x0000000087200000| Untracked 
| 115|0x0000000087300000, 0x0000000087300000, 0x0000000087400000|  0%| F|  |TAMS 0x0000000087300000, 0x0000000087300000| Untracked 
| 116|0x0000000087400000, 0x0000000087400000, 0x0000000087500000|  0%| F|  |TAMS 0x0000000087400000, 0x0000000087400000| Untracked 
| 117|0x0000000087500000, 0x0000000087500000, 0x0000000087600000|  0%| F|  |TAMS 0x0000000087500000, 0x0000000087500000| Untracked 
| 118|0x0000000087600000, 0x0000000087600000, 0x0000000087700000|  0%| F|  |TAMS 0x0000000087600000, 0x0000000087600000| Untracked 
| 119|0x0000000087700000, 0x0000000087700000, 0x0000000087800000|  0%| F|  |TAMS 0x0000000087700000, 0x0000000087700000| Untracked 
| 120|0x0000000087800000, 0x0000000087800000, 0x0000000087900000|  0%| F|  |TAMS 0x0000000087800000, 0x0000000087800000| Untracked 
| 121|0x0000000087900000, 0x0000000087900000, 0x0000000087a00000|  0%| F|  |TAMS 0x0000000087900000, 0x0000000087900000| Untracked 
| 122|0x0000000087a00000, 0x0000000087a00000, 0x0000000087b00000|  0%| F|  |TAMS 0x0000000087a00000, 0x0000000087a00000| Untracked 
| 123|0x0000000087b00000, 0x0000000087b00000, 0x0000000087c00000|  0%| F|  |TAMS 0x0000000087b00000, 0x0000000087b00000| Untracked 
| 124|0x0000000087c00000, 0x0000000087c00000, 0x0000000087d00000|  0%| F|  |TAMS 0x0000000087c00000, 0x0000000087c00000| Untracked 
| 125|0x0000000087d00000, 0x0000000087d00000, 0x0000000087e00000|  0%| F|  |TAMS 0x0000000087d00000, 0x0000000087d00000| Untracked 
| 126|0x0000000087e00000, 0x0000000087e00000, 0x0000000087f00000|  0%| F|  |TAMS 0x0000000087e00000, 0x0000000087e00000| Untracked 
| 127|0x0000000087f00000, 0x0000000087f00000, 0x0000000088000000|  0%| F|  |TAMS 0x0000000087f00000, 0x0000000087f00000| Untracked 
| 128|0x0000000088000000, 0x0000000088000000, 0x0000000088100000|  0%| F|  |TAMS 0x0000000088000000, 0x0000000088000000| Untracked 
| 129|0x0000000088100000, 0x0000000088100000, 0x0000000088200000|  0%| F|  |TAMS 0x0000000088100000, 0x0000000088100000| Untracked 
| 130|0x0000000088200000, 0x0000000088200000, 0x0000000088300000|  0%| F|  |TAMS 0x0000000088200000, 0x0000000088200000| Untracked 
| 131|0x0000000088300000, 0x0000000088300000, 0x0000000088400000|  0%| F|  |TAMS 0x0000000088300000, 0x0000000088300000| Untracked 
| 132|0x0000000088400000, 0x0000000088400000, 0x0000000088500000|  0%| F|  |TAMS 0x0000000088400000, 0x0000000088400000| Untracked 
| 133|0x0000000088500000, 0x0000000088500000, 0x0000000088600000|  0%| F|  |TAMS 0x0000000088500000, 0x0000000088500000| Untracked 
| 134|0x0000000088600000, 0x0000000088600000, 0x0000000088700000|  0%| F|  |TAMS 0x0000000088600000, 0x0000000088600000| Untracked 
| 135|0x0000000088700000, 0x0000000088700000, 0x0000000088800000|  0%| F|  |TAMS 0x0000000088700000, 0x0000000088700000| Untracked 
| 136|0x0000000088800000, 0x0000000088800000, 0x0000000088900000|  0%| F|  |TAMS 0x0000000088800000, 0x0000000088800000| Untracked 
| 137|0x0000000088900000, 0x0000000088900000, 0x0000000088a00000|  0%| F|  |TAMS 0x0000000088900000, 0x0000000088900000| Untracked 
| 138|0x0000000088a00000, 0x0000000088a00000, 0x0000000088b00000|  0%| F|  |TAMS 0x0000000088a00000, 0x0000000088a00000| Untracked 
| 139|0x0000000088b00000, 0x0000000088b00000, 0x0000000088c00000|  0%| F|  |TAMS 0x0000000088b00000, 0x0000000088b00000| Untracked 
| 140|0x0000000088c00000, 0x0000000088c00000, 0x0000000088d00000|  0%| F|  |TAMS 0x0000000088c00000, 0x0000000088c00000| Untracked 
| 141|0x0000000088d00000, 0x0000000088d00000, 0x0000000088e00000|  0%| F|  |TAMS 0x0000000088d00000, 0x0000000088d00000| Untracked 
| 142|0x0000000088e00000, 0x0000000088e00000, 0x0000000088f00000|  0%| F|  |TAMS 0x0000000088e00000, 0x0000000088e00000| Untracked 
| 143|0x0000000088f00000, 0x0000000088f00000, 0x0000000089000000|  0%| F|  |TAMS 0x0000000088f00000, 0x0000000088f00000| Untracked 
| 144|0x0000000089000000, 0x0000000089000000, 0x0000000089100000|  0%| F|  |TAMS 0x0000000089000000, 0x0000000089000000| Untracked 
| 145|0x0000000089100000, 0x0000000089100000, 0x0000000089200000|  0%| F|  |TAMS 0x0000000089100000, 0x0000000089100000| Untracked 
| 146|0x0000000089200000, 0x0000000089200000, 0x0000000089300000|  0%| F|  |TAMS 0x0000000089200000, 0x0000000089200000| Untracked 
| 147|0x0000000089300000, 0x0000000089300000, 0x0000000089400000|  0%| F|  |TAMS 0x0000000089300000, 0x0000000089300000| Untracked 
| 148|0x0000000089400000, 0x0000000089400000, 0x0000000089500000|  0%| F|  |TAMS 0x0000000089400000, 0x0000000089400000| Untracked 
| 149|0x0000000089500000, 0x0000000089500000, 0x0000000089600000|  0%| F|  |TAMS 0x0000000089500000, 0x0000000089500000| Untracked 
| 150|0x0000000089600000, 0x0000000089600000, 0x0000000089700000|  0%| F|  |TAMS 0x0000000089600000, 0x0000000089600000| Untracked 
| 151|0x0000000089700000, 0x0000000089700000, 0x0000000089800000|  0%| F|  |TAMS 0x0000000089700000, 0x0000000089700000| Untracked 
| 152|0x0000000089800000, 0x0000000089800000, 0x0000000089900000|  0%| F|  |TAMS 0x0000000089800000, 0x0000000089800000| Untracked 
| 153|0x0000000089900000, 0x0000000089900000, 0x0000000089a00000|  0%| F|  |TAMS 0x0000000089900000, 0x0000000089900000| Untracked 
| 154|0x0000000089a00000, 0x0000000089a00000, 0x0000000089b00000|  0%| F|  |TAMS 0x0000000089a00000, 0x0000000089a00000| Untracked 
| 155|0x0000000089b00000, 0x0000000089b00000, 0x0000000089c00000|  0%| F|  |TAMS 0x0000000089b00000, 0x0000000089b00000| Untracked 
| 156|0x0000000089c00000, 0x0000000089c00000, 0x0000000089d00000|  0%| F|  |TAMS 0x0000000089c00000, 0x0000000089c00000| Untracked 
| 157|0x0000000089d00000, 0x0000000089d00000, 0x0000000089e00000|  0%| F|  |TAMS 0x0000000089d00000, 0x0000000089d00000| Untracked 
| 158|0x0000000089e00000, 0x0000000089e00000, 0x0000000089f00000|  0%| F|  |TAMS 0x0000000089e00000, 0x0000000089e00000| Untracked 
| 159|0x0000000089f00000, 0x0000000089f00000, 0x000000008a000000|  0%| F|  |TAMS 0x0000000089f00000, 0x0000000089f00000| Untracked 
| 160|0x000000008a000000, 0x000000008a000000, 0x000000008a100000|  0%| F|  |TAMS 0x000000008a000000, 0x000000008a000000| Untracked 
| 161|0x000000008a100000, 0x000000008a100000, 0x000000008a200000|  0%| F|  |TAMS 0x000000008a100000, 0x000000008a100000| Untracked 
| 162|0x000000008a200000, 0x000000008a200000, 0x000000008a300000|  0%| F|  |TAMS 0x000000008a200000, 0x000000008a200000| Untracked 
| 163|0x000000008a300000, 0x000000008a300000, 0x000000008a400000|  0%| F|  |TAMS 0x000000008a300000, 0x000000008a300000| Untracked 
| 164|0x000000008a400000, 0x000000008a400000, 0x000000008a500000|  0%| F|  |TAMS 0x000000008a400000, 0x000000008a400000| Untracked 
| 165|0x000000008a500000, 0x000000008a500000, 0x000000008a600000|  0%| F|  |TAMS 0x000000008a500000, 0x000000008a500000| Untracked 
| 166|0x000000008a600000, 0x000000008a600000, 0x000000008a700000|  0%| F|  |TAMS 0x000000008a600000, 0x000000008a600000| Untracked 
| 167|0x000000008a700000, 0x000000008a700000, 0x000000008a800000|  0%| F|  |TAMS 0x000000008a700000, 0x000000008a700000| Untracked 
| 168|0x000000008a800000, 0x000000008a800000, 0x000000008a900000|  0%| F|  |TAMS 0x000000008a800000, 0x000000008a800000| Untracked 
| 169|0x000000008a900000, 0x000000008a900000, 0x000000008aa00000|  0%| F|  |TAMS 0x000000008a900000, 0x000000008a900000| Untracked 
| 170|0x000000008aa00000, 0x000000008aa00000, 0x000000008ab00000|  0%| F|  |TAMS 0x000000008aa00000, 0x000000008aa00000| Untracked 
| 171|0x000000008ab00000, 0x000000008ab00000, 0x000000008ac00000|  0%| F|  |TAMS 0x000000008ab00000, 0x000000008ab00000| Untracked 
| 172|0x000000008ac00000, 0x000000008ac00000, 0x000000008ad00000|  0%| F|  |TAMS 0x000000008ac00000, 0x000000008ac00000| Untracked 
| 173|0x000000008ad00000, 0x000000008ad00000, 0x000000008ae00000|  0%| F|  |TAMS 0x000000008ad00000, 0x000000008ad00000| Untracked 
| 174|0x000000008ae00000, 0x000000008ae00000, 0x000000008af00000|  0%| F|  |TAMS 0x000000008ae00000, 0x000000008ae00000| Untracked 
| 175|0x000000008af00000, 0x000000008af00000, 0x000000008b000000|  0%| F|  |TAMS 0x000000008af00000, 0x000000008af00000| Untracked 
| 176|0x000000008b000000, 0x000000008b000000, 0x000000008b100000|  0%| F|  |TAMS 0x000000008b000000, 0x000000008b000000| Untracked 
| 177|0x000000008b100000, 0x000000008b100000, 0x000000008b200000|  0%| F|  |TAMS 0x000000008b100000, 0x000000008b100000| Untracked 
| 178|0x000000008b200000, 0x000000008b200000, 0x000000008b300000|  0%| F|  |TAMS 0x000000008b200000, 0x000000008b200000| Untracked 
| 179|0x000000008b300000, 0x000000008b300000, 0x000000008b400000|  0%| F|  |TAMS 0x000000008b300000, 0x000000008b300000| Untracked 
| 180|0x000000008b400000, 0x000000008b400000, 0x000000008b500000|  0%| F|  |TAMS 0x000000008b400000, 0x000000008b400000| Untracked 
| 181|0x000000008b500000, 0x000000008b500000, 0x000000008b600000|  0%| F|  |TAMS 0x000000008b500000, 0x000000008b500000| Untracked 
| 182|0x000000008b600000, 0x000000008b600000, 0x000000008b700000|  0%| F|  |TAMS 0x000000008b600000, 0x000000008b600000| Untracked 
| 183|0x000000008b700000, 0x000000008b700000, 0x000000008b800000|  0%| F|  |TAMS 0x000000008b700000, 0x000000008b700000| Untracked 
| 184|0x000000008b800000, 0x000000008b800000, 0x000000008b900000|  0%| F|  |TAMS 0x000000008b800000, 0x000000008b800000| Untracked 
| 185|0x000000008b900000, 0x000000008b900000, 0x000000008ba00000|  0%| F|  |TAMS 0x000000008b900000, 0x000000008b900000| Untracked 
| 186|0x000000008ba00000, 0x000000008ba00000, 0x000000008bb00000|  0%| F|  |TAMS 0x000000008ba00000, 0x000000008ba00000| Untracked 
| 187|0x000000008bb00000, 0x000000008bb00000, 0x000000008bc00000|  0%| F|  |TAMS 0x000000008bb00000, 0x000000008bb00000| Untracked 
| 188|0x000000008bc00000, 0x000000008bc00000, 0x000000008bd00000|  0%| F|  |TAMS 0x000000008bc00000, 0x000000008bc00000| Untracked 
| 189|0x000000008bd00000, 0x000000008bd00000, 0x000000008be00000|  0%| F|  |TAMS 0x000000008bd00000, 0x000000008bd00000| Untracked 
| 190|0x000000008be00000, 0x000000008be00000, 0x000000008bf00000|  0%| F|  |TAMS 0x000000008be00000, 0x000000008be00000| Untracked 
| 191|0x000000008bf00000, 0x000000008bf00000, 0x000000008c000000|  0%| F|  |TAMS 0x000000008bf00000, 0x000000008bf00000| Untracked 
| 192|0x000000008c000000, 0x000000008c000000, 0x000000008c100000|  0%| F|  |TAMS 0x000000008c000000, 0x000000008c000000| Untracked 
| 193|0x000000008c100000, 0x000000008c100000, 0x000000008c200000|  0%| F|  |TAMS 0x000000008c100000, 0x000000008c100000| Untracked 
| 194|0x000000008c200000, 0x000000008c200000, 0x000000008c300000|  0%| F|  |TAMS 0x000000008c200000, 0x000000008c200000| Untracked 
| 195|0x000000008c300000, 0x000000008c300000, 0x000000008c400000|  0%| F|  |TAMS 0x000000008c300000, 0x000000008c300000| Untracked 
| 196|0x000000008c400000, 0x000000008c400000, 0x000000008c500000|  0%| F|  |TAMS 0x000000008c400000, 0x000000008c400000| Untracked 
| 197|0x000000008c500000, 0x000000008c500000, 0x000000008c600000|  0%| F|  |TAMS 0x000000008c500000, 0x000000008c500000| Untracked 
| 198|0x000000008c600000, 0x000000008c600000, 0x000000008c700000|  0%| F|  |TAMS 0x000000008c600000, 0x000000008c600000| Untracked 
| 199|0x000000008c700000, 0x000000008c700000, 0x000000008c800000|  0%| F|  |TAMS 0x000000008c700000, 0x000000008c700000| Untracked 
| 200|0x000000008c800000, 0x000000008c800000, 0x000000008c900000|  0%| F|  |TAMS 0x000000008c800000, 0x000000008c800000| Untracked 
| 201|0x000000008c900000, 0x000000008c900000, 0x000000008ca00000|  0%| F|  |TAMS 0x000000008c900000, 0x000000008c900000| Untracked 
| 202|0x000000008ca00000, 0x000000008ca00000, 0x000000008cb00000|  0%| F|  |TAMS 0x000000008ca00000, 0x000000008ca00000| Untracked 
| 203|0x000000008cb00000, 0x000000008cb00000, 0x000000008cc00000|  0%| F|  |TAMS 0x000000008cb00000, 0x000000008cb00000| Untracked 
| 204|0x000000008cc00000, 0x000000008cd00000, 0x000000008cd00000|100%| S|CS|TAMS 0x000000008cc00000, 0x000000008cc00000| Complete 
| 205|0x000000008cd00000, 0x000000008ce00000, 0x000000008ce00000|100%| S|CS|TAMS 0x000000008cd00000, 0x000000008cd00000| Complete 
| 206|0x000000008ce00000, 0x000000008cf00000, 0x000000008cf00000|100%| S|CS|TAMS 0x000000008ce00000, 0x000000008ce00000| Complete 
| 207|0x000000008cf00000, 0x000000008d000000, 0x000000008d000000|100%| S|CS|TAMS 0x000000008cf00000, 0x000000008cf00000| Complete 
| 208|0x000000008d000000, 0x000000008d100000, 0x000000008d100000|100%| S|CS|TAMS 0x000000008d000000, 0x000000008d000000| Complete 
| 209|0x000000008d100000, 0x000000008d100000, 0x000000008d200000|  0%| F|  |TAMS 0x000000008d100000, 0x000000008d100000| Untracked 
| 210|0x000000008d200000, 0x000000008d200000, 0x000000008d300000|  0%| F|  |TAMS 0x000000008d200000, 0x000000008d200000| Untracked 
| 211|0x000000008d300000, 0x000000008d300000, 0x000000008d400000|  0%| F|  |TAMS 0x000000008d300000, 0x000000008d300000| Untracked 
| 212|0x000000008d400000, 0x000000008d400000, 0x000000008d500000|  0%| F|  |TAMS 0x000000008d400000, 0x000000008d400000| Untracked 
| 213|0x000000008d500000, 0x000000008d500000, 0x000000008d600000|  0%| F|  |TAMS 0x000000008d500000, 0x000000008d500000| Untracked 
| 214|0x000000008d600000, 0x000000008d600000, 0x000000008d700000|  0%| F|  |TAMS 0x000000008d600000, 0x000000008d600000| Untracked 
| 215|0x000000008d700000, 0x000000008d700000, 0x000000008d800000|  0%| F|  |TAMS 0x000000008d700000, 0x000000008d700000| Untracked 
| 216|0x000000008d800000, 0x000000008d800000, 0x000000008d900000|  0%| F|  |TAMS 0x000000008d800000, 0x000000008d800000| Untracked 
| 217|0x000000008d900000, 0x000000008d900000, 0x000000008da00000|  0%| F|  |TAMS 0x000000008d900000, 0x000000008d900000| Untracked 
| 218|0x000000008da00000, 0x000000008da00000, 0x000000008db00000|  0%| F|  |TAMS 0x000000008da00000, 0x000000008da00000| Untracked 
| 219|0x000000008db00000, 0x000000008db00000, 0x000000008dc00000|  0%| F|  |TAMS 0x000000008db00000, 0x000000008db00000| Untracked 
| 220|0x000000008dc00000, 0x000000008dd00000, 0x000000008dd00000|100%| E|  |TAMS 0x000000008dc00000, 0x000000008dc00000| Complete 
| 221|0x000000008dd00000, 0x000000008de00000, 0x000000008de00000|100%| E|CS|TAMS 0x000000008dd00000, 0x000000008dd00000| Complete 
| 222|0x000000008de00000, 0x000000008df00000, 0x000000008df00000|100%| E|CS|TAMS 0x000000008de00000, 0x000000008de00000| Complete 
| 223|0x000000008df00000, 0x000000008e000000, 0x000000008e000000|100%| E|CS|TAMS 0x000000008df00000, 0x000000008df00000| Complete 

Card table byte_map: [0x00000234fce70000,0x00000234fd270000] _byte_map_base: 0x00000234fca70000

Marking Bits (Prev, Next): (CMBitMap*) 0x00000234f8c6edf8, (CMBitMap*) 0x00000234f8c6ee30
 Prev Bits: [0x00000234fd670000, 0x00000234ff670000)
 Next Bits: [0x000002348f000000, 0x0000023491000000)

Polling page: 0x00000234f6bd0000

Metaspace:

Usage:
  Non-class:     59.54 MB capacity,    58.43 MB ( 98%) used,   944.36 KB (  2%) free+waste,   188.12 KB ( <1%) overhead. 
      Class:      9.22 MB capacity,     8.50 MB ( 92%) used,   648.48 KB (  7%) free+waste,    90.31 KB ( <1%) overhead. 
       Both:     68.76 MB capacity,    66.93 MB ( 97%) used,     1.56 MB (  2%) free+waste,   278.44 KB ( <1%) overhead. 

Virtual space:
  Non-class space:       60.00 MB reserved,      59.62 MB (>99%) committed 
      Class space:        1.00 GB reserved,       9.36 MB ( <1%) committed 
             Both:        1.06 GB reserved,      68.98 MB (  6%) committed 

Chunk freelists:
   Non-Class:  24.00 KB
       Class:  28.00 KB
        Both:  52.00 KB

MaxMetaspaceSize: 17179869184.00 GB
CompressedClassSpaceSize: 1.00 GB
Initial GC threshold: 20.80 MB
Current GC threshold: 114.98 MB
CDS: off

CodeHeap 'non-profiled nmethods': size=120000Kb used=4057Kb max_used=4057Kb free=115942Kb
 bounds [0x0000023487ad0000, 0x0000023487ed0000, 0x000002348f000000]
CodeHeap 'profiled nmethods': size=120000Kb used=14332Kb max_used=14332Kb free=105667Kb
 bounds [0x00000234805a0000, 0x00000234813a0000, 0x0000023487ad0000]
CodeHeap 'non-nmethods': size=5760Kb used=2368Kb max_used=2411Kb free=3392Kb
 bounds [0x0000023480000000, 0x0000023480270000, 0x00000234805a0000]
 total_blobs=7630 nmethods=6744 adapters=798
 compilation: enabled
              stopped_count=0, restarted_count=0
 full_count=0

Compilation events (20 events):
Event: 15.970 Thread 0x0000023493aa1000 6736       3       java.math.MutableBigInteger::normalize (91 bytes)
Event: 15.971 Thread 0x0000023493aa1000 nmethod 6736 0x0000023481391b10 code [0x0000023481391ce0, 0x0000023481392038]
Event: 15.971 Thread 0x0000023493aa1000 6735       3       java.math.MutableBigInteger::primitiveLeftShift (89 bytes)
Event: 15.971 Thread 0x0000023493aa1000 nmethod 6735 0x0000023481392190 code [0x0000023481392360, 0x00000234813925d8]
Event: 15.972 Thread 0x0000023493aa1000 6738       3       java.math.MutableBigInteger::getLowestSetBit (74 bytes)
Event: 15.972 Thread 0x0000023493aa1000 nmethod 6738 0x0000023481392790 code [0x0000023481392960, 0x0000023481392c88]
Event: 15.972 Thread 0x0000023493aa1000 6734       3       java.lang.Integer::numberOfTrailingZeros (79 bytes)
Event: 15.973 Thread 0x0000023493aa1000 nmethod 6734 0x0000023481392e10 code [0x0000023481392fc0, 0x0000023481393218]
Event: 15.973 Thread 0x0000023493aa1000 6737       3       java.math.MutableBigInteger::rightShift (79 bytes)
Event: 15.973 Thread 0x0000023493aa1000 nmethod 6737 0x0000023481393290 code [0x0000023481393480, 0x00000234813937c8]
Event: 15.973 Thread 0x0000023493aa1000 6739       3       java.math.BigInteger::multiplyToLen (20 bytes)
Event: 15.974 Thread 0x0000023493aa1000 nmethod 6739 0x0000023481393990 code [0x0000023481393be0, 0x0000023481394328]
Event: 15.974 Thread 0x0000023493aa1000 6740       3       java.math.BigInteger::montgomeryMultiply (54 bytes)
Event: 15.976 Thread 0x0000023493aa1000 nmethod 6740 0x0000023481394690 code [0x0000023481394960, 0x0000023481395588]
Event: 15.976 Thread 0x0000023493aa1000 6741       3       java.math.BigInteger::implMontgomeryMultiply (22 bytes)
Event: 15.977 Thread 0x0000023493aa1000 nmethod 6741 0x0000023481395b10 code [0x0000023481395d60, 0x0000023481396578]
Event: 15.987 Thread 0x000002349b182000 nmethod 6706 0x0000023487ebe990 code [0x0000023487ebeb40, 0x0000023487ebf398]
Event: 15.987 Thread 0x000002349b182000 6730       4       java.math.BigInteger::implSquareToLen (154 bytes)
Event: 15.992 Thread 0x000002349b181000 nmethod 6714 0x0000023487ebf610 code [0x0000023487ebf7e0, 0x0000023487ec0348]
Event: 15.993 Thread 0x000002349b181000 6731       4       java.math.BigInteger::primitiveLeftShift (79 bytes)

GC Heap History (17 events):
Event: 1.510 GC heap before
{Heap before GC invocations=0 (full 0):
 garbage-first heap   total 229376K, used 29696K [0x0000000080000000, 0x0000000100000000)
  region size 1024K, 24 young (24576K), 0 survivors (0K)
 Metaspace       used 10134K, capacity 10333K, committed 10624K, reserved 1058816K
  class space    used 1035K, capacity 1108K, committed 1152K, reserved 1048576K
}
Event: 1.516 GC heap after
{Heap after GC invocations=1 (full 0):
 garbage-first heap   total 229376K, used 9242K [0x0000000080000000, 0x0000000100000000)
  region size 1024K, 3 young (3072K), 3 survivors (3072K)
 Metaspace       used 10134K, capacity 10333K, committed 10624K, reserved 1058816K
  class space    used 1035K, capacity 1108K, committed 1152K, reserved 1048576K
}
Event: 4.523 GC heap before
{Heap before GC invocations=1 (full 0):
 garbage-first heap   total 229376K, used 104474K [0x0000000080000000, 0x0000000100000000)
  region size 1024K, 96 young (98304K), 3 survivors (3072K)
 Metaspace       used 20794K, capacity 21224K, committed 21296K, reserved 1069056K
  class space    used 2517K, capacity 2667K, committed 2688K, reserved 1048576K
}
Event: 4.542 GC heap after
{Heap after GC invocations=2 (full 0):
 garbage-first heap   total 229376K, used 16782K [0x0000000080000000, 0x0000000100000000)
  region size 1024K, 11 young (11264K), 11 survivors (11264K)
 Metaspace       used 20794K, capacity 21224K, committed 21296K, reserved 1069056K
  class space    used 2517K, capacity 2667K, committed 2688K, reserved 1048576K
}
Event: 5.081 GC heap before
{Heap before GC invocations=3 (full 0):
 garbage-first heap   total 229376K, used 54670K [0x0000000080000000, 0x0000000100000000)
  region size 1024K, 48 young (49152K), 11 survivors (11264K)
 Metaspace       used 24527K, capacity 25115K, committed 25392K, reserved 1071104K
  class space    used 3128K, capacity 3334K, committed 3456K, reserved 1048576K
}
Event: 5.093 GC heap after
{Heap after GC invocations=4 (full 0):
 garbage-first heap   total 229376K, used 18900K [0x0000000080000000, 0x0000000100000000)
  region size 1024K, 2 young (2048K), 2 survivors (2048K)
 Metaspace       used 24527K, capacity 25115K, committed 25392K, reserved 1071104K
  class space    used 3128K, capacity 3334K, committed 3456K, reserved 1048576K
}
Event: 6.908 GC heap before
{Heap before GC invocations=4 (full 0):
 garbage-first heap   total 229376K, used 146900K [0x0000000080000000, 0x0000000100000000)
  region size 1024K, 102 young (104448K), 2 survivors (2048K)
 Metaspace       used 34597K, capacity 35590K, committed 35708K, reserved 1079296K
  class space    used 4655K, capacity 5059K, committed 5120K, reserved 1048576K
}
Event: 6.926 GC heap after
{Heap after GC invocations=5 (full 0):
 garbage-first heap   total 229376K, used 54529K [0x0000000080000000, 0x0000000100000000)
  region size 1024K, 10 young (10240K), 10 survivors (10240K)
 Metaspace       used 34597K, capacity 35590K, committed 35708K, reserved 1079296K
  class space    used 4655K, capacity 5059K, committed 5120K, reserved 1048576K
}
Event: 8.768 GC heap before
{Heap before GC invocations=6 (full 0):
 garbage-first heap   total 229376K, used 181505K [0x0000000080000000, 0x0000000100000000)
  region size 1024K, 112 young (114688K), 10 survivors (10240K)
 Metaspace       used 44888K, capacity 46231K, committed 46332K, reserved 1089536K
  class space    used 5740K, capacity 6246K, committed 6272K, reserved 1048576K
}
Event: 8.785 GC heap after
{Heap after GC invocations=7 (full 0):
 garbage-first heap   total 229376K, used 84259K [0x0000000080000000, 0x0000000100000000)
  region size 1024K, 10 young (10240K), 10 survivors (10240K)
 Metaspace       used 44888K, capacity 46231K, committed 46332K, reserved 1089536K
  class space    used 5740K, capacity 6246K, committed 6272K, reserved 1048576K
}
Event: 10.076 GC heap before
{Heap before GC invocations=7 (full 0):
 garbage-first heap   total 229376K, used 179491K [0x0000000080000000, 0x0000000100000000)
  region size 1024K, 98 young (100352K), 10 survivors (10240K)
 Metaspace       used 50854K, capacity 52338K, committed 52348K, reserved 1095680K
  class space    used 6568K, capacity 7168K, committed 7168K, reserved 1048576K
}
Event: 10.092 GC heap after
{Heap after GC invocations=8 (full 0):
 garbage-first heap   total 229376K, used 94899K [0x0000000080000000, 0x0000000100000000)
  region size 1024K, 7 young (7168K), 7 survivors (7168K)
 Metaspace       used 50854K, capacity 52338K, committed 52348K, reserved 1095680K
  class space    used 6568K, capacity 7168K, committed 7168K, reserved 1048576K
}
Event: 14.159 GC heap before
{Heap before GC invocations=8 (full 0):
 garbage-first heap   total 229376K, used 162483K [0x0000000080000000, 0x0000000100000000)
  region size 1024K, 74 young (75776K), 7 survivors (7168K)
 Metaspace       used 58354K, capacity 59912K, committed 59940K, reserved 1101824K
  class space    used 7445K, capacity 8076K, committed 8104K, reserved 1048576K
}
Event: 14.173 GC heap after
{Heap after GC invocations=9 (full 0):
 garbage-first heap   total 229376K, used 100392K [0x0000000080000000, 0x0000000100000000)
  region size 1024K, 11 young (11264K), 11 survivors (11264K)
 Metaspace       used 58354K, capacity 59912K, committed 59940K, reserved 1101824K
  class space    used 7445K, capacity 8076K, committed 8104K, reserved 1048576K
}
Event: 15.817 GC heap before
{Heap before GC invocations=10 (full 0):
 garbage-first heap   total 229376K, used 183336K [0x0000000080000000, 0x0000000100000000)
  region size 1024K, 91 young (93184K), 11 survivors (11264K)
 Metaspace       used 68285K, capacity 70169K, committed 70256K, reserved 1110016K
  class space    used 8680K, capacity 9409K, committed 9460K, reserved 1048576K
}
Event: 15.829 GC heap after
{Heap after GC invocations=11 (full 0):
 garbage-first heap   total 229376K, used 108796K [0x0000000080000000, 0x0000000100000000)
  region size 1024K, 12 young (12288K), 12 survivors (12288K)
 Metaspace       used 68285K, capacity 70169K, committed 70256K, reserved 1110016K
  class space    used 8680K, capacity 9409K, committed 9460K, reserved 1048576K
}
Event: 15.995 GC heap before
{Heap before GC invocations=11 (full 0):
 garbage-first heap   total 229376K, used 129276K [0x0000000080000000, 0x0000000100000000)
  region size 1024K, 27 young (27648K), 12 survivors (12288K)
 Metaspace       used 68516K, capacity 70408K, committed 70640K, reserved 1110016K
  class space    used 8701K, capacity 9444K, committed 9588K, reserved 1048576K
}

Deoptimization events (20 events):
Event: 15.971 Thread 0x0000023495ad6800 DEOPT PACKING pc=0x0000023481374d35 sp=0x000000dc58df1a30
Event: 15.971 Thread 0x0000023495ad6800 DEOPT UNPACKING pc=0x000002348004a95e sp=0x000000dc58df0eb0 mode 0
Event: 15.971 Thread 0x0000023495ad6800 DEOPT PACKING pc=0x0000023481372122 sp=0x000000dc58df1a10
Event: 15.971 Thread 0x0000023495ad6800 DEOPT UNPACKING pc=0x000002348004a95e sp=0x000000dc58df0e88 mode 0
Event: 15.972 Thread 0x0000023495ad6800 DEOPT PACKING pc=0x0000023481374d35 sp=0x000000dc58df1a30
Event: 15.972 Thread 0x0000023495ad6800 DEOPT UNPACKING pc=0x000002348004a95e sp=0x000000dc58df0eb0 mode 0
Event: 15.973 Thread 0x0000023495ad6800 DEOPT PACKING pc=0x0000023481374d35 sp=0x000000dc58df1a30
Event: 15.973 Thread 0x0000023495ad6800 DEOPT UNPACKING pc=0x000002348004a95e sp=0x000000dc58df0eb0 mode 0
Event: 15.973 Thread 0x0000023495ad6800 DEOPT PACKING pc=0x0000023481374d35 sp=0x000000dc58df1a20
Event: 15.973 Thread 0x0000023495ad6800 DEOPT UNPACKING pc=0x000002348004a95e sp=0x000000dc58df0ea0 mode 0
Event: 15.974 Thread 0x0000023495ad6800 DEOPT PACKING pc=0x0000023481374d35 sp=0x000000dc58df1a30
Event: 15.974 Thread 0x0000023495ad6800 DEOPT UNPACKING pc=0x000002348004a95e sp=0x000000dc58df0eb0 mode 0
Event: 15.974 Thread 0x0000023495ad6800 DEOPT PACKING pc=0x0000023481372122 sp=0x000000dc58df1a10
Event: 15.974 Thread 0x0000023495ad6800 DEOPT UNPACKING pc=0x000002348004a95e sp=0x000000dc58df0e88 mode 0
Event: 15.975 Thread 0x0000023495ad6800 DEOPT PACKING pc=0x0000023481374d35 sp=0x000000dc58df19e0
Event: 15.975 Thread 0x0000023495ad6800 DEOPT UNPACKING pc=0x000002348004a95e sp=0x000000dc58df0e38 mode 0
Event: 15.975 Thread 0x0000023495ad6800 DEOPT PACKING pc=0x0000023481374d35 sp=0x000000dc58df19e0
Event: 15.975 Thread 0x0000023495ad6800 DEOPT UNPACKING pc=0x000002348004a95e sp=0x000000dc58df0e38 mode 0
Event: 15.976 Thread 0x0000023495ad6800 DEOPT PACKING pc=0x0000023481374d35 sp=0x000000dc58df1a90
Event: 15.976 Thread 0x0000023495ad6800 DEOPT UNPACKING pc=0x000002348004a95e sp=0x000000dc58df0ee8 mode 0

Classes redefined (0 events):
No events

Internal exceptions (20 events):
Event: 14.585 Thread 0x0000023495ad6800 Exception <a 'java/lang/NoSuchMethodError'{0x000000008cdbf930}: 'java.lang.Object java.lang.invoke.DirectMethodHandle$Holder.invokeSpecial(java.lang.Object, java.lang.Object, java.lang.Object, java.lang.Object, java.lang.Object, int)'> (0x000000008cdbf930) thrown at [src/hotspot/share/interpreter/linkResolver.cpp, line 773]
Event: 14.586 Thread 0x0000023495ad6800 Exception <a 'java/lang/NoSuchMethodError'{0x000000008cdc4218}: 'java.lang.Object java.lang.invoke.Invokers$Holder.linkToTargetMethod(java.lang.Object, java.lang.Object, java.lang.Object, int, java.lang.Object)'> (0x000000008cdc4218) thrown at [src/hotspot/share/interpreter/linkResolver.cpp, line 773]
Event: 14.602 Thread 0x0000023495ad6800 Exception <a 'java/lang/NoSuchMethodError'{0x000000008cc8e868}: 'java.lang.Object java.lang.invoke.Invokers$Holder.linkToTargetMethod(java.lang.Object, int, int, java.lang.Object)'> (0x000000008cc8e868) thrown at [src/hotspot/share/interpreter/linkResolver.cpp, line 773]
Event: 14.604 Thread 0x0000023495ad6800 Exception <a 'java/lang/NoSuchMethodError'{0x000000008cca6908}: 'java.lang.Object java.lang.invoke.DirectMethodHandle$Holder.invokeStatic(java.lang.Object, java.lang.Object, int, int, java.lang.Object, java.lang.Object)'> (0x000000008cca6908) thrown at [src/hotspot/share/interpreter/linkResolver.cpp, line 773]
Event: 14.909 Thread 0x0000023495ad6800 Exception <a 'java/lang/NoSuchMethodError'{0x000000008bc9e318}: 'java.lang.Object java.lang.invoke.DirectMethodHandle$Holder.invokeStatic(java.lang.Object, java.lang.Object, java.lang.Object, java.lang.Object, java.lang.Object, java.lang.Object, java.lang.Object, java.lang.Object, java.lang.Object, java.lang.Object, java.lang.Object, java.lang.Object, java.lang.Object, int)'> (0x000000008bc9e318) thrown at [src/hotspot/share/interpreter/linkResolver.cpp, line 773]
Event: 14.911 Thread 0x0000023495ad6800 Exception <a 'java/lang/NoSuchMethodError'{0x000000008bcabd60}: 'java.lang.Object java.lang.invoke.DirectMethodHandle$Holder.invokeStatic(java.lang.Object, java.lang.Object, java.lang.Object, java.lang.Object, java.lang.Object, java.lang.Object, java.lang.Object, java.lang.Object, java.lang.Object, java.lang.Object, java.lang.Object, java.lang.Object, java.lang.Object, int, int)'> (0x000000008bcabd60) thrown at [src/hotspot/share/interpreter/linkResolver.cpp, line 773]
Event: 14.969 Thread 0x0000023495ad6800 Exception <a 'java/lang/NoSuchMethodError'{0x000000008b9085a0}: 'int java.lang.invoke.DirectMethodHandle$Holder.invokeInterface(java.lang.Object, java.lang.Object, java.lang.Object, java.lang.Object)'> (0x000000008b9085a0) thrown at [src/hotspot/share/interpreter/linkResolver.cpp, line 773]
Event: 15.433 Thread 0x0000023495ad6800 Exception <a 'java/lang/NoSuchMethodError'{0x000000008a14ae50}: 'java.lang.Object java.lang.invoke.DirectMethodHandle$Holder.invokeSpecial(java.lang.Object, java.lang.Object, int, int, int, java.lang.Object, java.lang.Object, java.lang.Object, java.lang.Object)'> (0x000000008a14ae50) thrown at [src/hotspot/share/interpreter/linkResolver.cpp, line 773]
Event: 15.433 Thread 0x0000023495ad6800 Exception <a 'java/lang/NoSuchMethodError'{0x000000008a14f8a0}: 'java.lang.Object java.lang.invoke.DelegatingMethodHandle$Holder.reinvoke_L(java.lang.Object, int, int, int, java.lang.Object, java.lang.Object, java.lang.Object, java.lang.Object)'> (0x000000008a14f8a0) thrown at [src/hotspot/share/interpreter/linkResolver.cpp, line 773]
Event: 15.435 Thread 0x0000023495ad6800 Exception <a 'java/lang/NoSuchMethodError'{0x000000008a1581f8}: 'java.lang.Object java.lang.invoke.DirectMethodHandle$Holder.invokeStatic(java.lang.Object, java.lang.Object, java.lang.Object, java.lang.Object, java.lang.Object, int)'> (0x000000008a1581f8) thrown at [src/hotspot/share/interpreter/linkResolver.cpp, line 773]
Event: 15.576 Thread 0x0000023495ad6800 Exception <a 'java/lang/NoSuchMethodError'{0x0000000088ec1470}: 'java.lang.Object java.lang.invoke.DirectMethodHandle$Holder.invokeSpecial(java.lang.Object, java.lang.Object, int, int, java.lang.Object, java.lang.Object, java.lang.Object)'> (0x0000000088ec1470) thrown at [src/hotspot/share/interpreter/linkResolver.cpp, line 773]
Event: 15.576 Thread 0x0000023495ad6800 Exception <a 'java/lang/NoSuchMethodError'{0x0000000088ec61e8}: 'java.lang.Object java.lang.invoke.DelegatingMethodHandle$Holder.reinvoke_L(java.lang.Object, int, int, java.lang.Object, java.lang.Object, java.lang.Object)'> (0x0000000088ec61e8) thrown at [src/hotspot/share/interpreter/linkResolver.cpp, line 773]
Event: 15.578 Thread 0x0000023495ad6800 Exception <a 'java/lang/NoSuchMethodError'{0x0000000088edcd60}: 'java.lang.Object java.lang.invoke.DirectMethodHandle$Holder.invokeStatic(java.lang.Object, java.lang.Object, java.lang.Object, java.lang.Object, int, int)'> (0x0000000088edcd60) thrown at [src/hotspot/share/interpreter/linkResolver.cpp, line 773]
Event: 15.579 Thread 0x0000023495ad6800 Exception <a 'java/lang/NoSuchMethodError'{0x0000000088ef3680}: 'java.lang.Object java.lang.invoke.DirectMethodHandle$Holder.invokeStatic(java.lang.Object, java.lang.Object, java.lang.Object, java.lang.Object, int, int, java.lang.Object)'> (0x0000000088ef3680) thrown at [src/hotspot/share/interpreter/linkResolver.cpp, line 773]
Event: 15.581 Thread 0x0000023495ad6800 Exception <a 'java/lang/NoSuchMethodError'{0x0000000088d0bdc0}: 'java.lang.Object java.lang.invoke.DirectMethodHandle$Holder.invokeStatic(java.lang.Object, java.lang.Object, java.lang.Object, java.lang.Object, int, int, java.lang.Object, java.lang.Object)'> (0x0000000088d0bdc0) thrown at [src/hotspot/share/interpreter/linkResolver.cpp, line 773]
Event: 15.583 Thread 0x0000023495ad6800 Exception <a 'java/lang/NoSuchMethodError'{0x0000000088d255e0}: 'java.lang.Object java.lang.invoke.DirectMethodHandle$Holder.invokeStatic(java.lang.Object, java.lang.Object, java.lang.Object, java.lang.Object, int, int, java.lang.Object, java.lang.Object, java.lang.Object)'> (0x0000000088d255e0) thrown at [src/hotspot/share/interpreter/linkResolver.cpp, line 773]
Event: 15.638 Thread 0x0000023495ad6800 Exception <a 'java/lang/IncompatibleClassChangeError'{0x0000000088c4c508}: Found class java.lang.Object, but interface was expected> (0x0000000088c4c508) thrown at [src/hotspot/share/interpreter/linkResolver.cpp, line 839]
Event: 15.709 Thread 0x0000023495ad6800 Implicit null exception at 0x0000023487df3bd4 to 0x0000023487df3e98
Event: 15.842 Thread 0x0000023495ad6800 Implicit null exception at 0x0000023487bf500b to 0x0000023487bf50e4
Event: 15.854 Thread 0x0000023495ad6800 Implicit null exception at 0x0000023487c7fd2c to 0x0000023487c7fe62

Events (20 events):
Event: 15.859 loading class java/security/spec/DSAParameterSpec done
Event: 15.860 loading class java/math/SignedMutableBigInteger
Event: 15.860 loading class java/math/SignedMutableBigInteger done
Event: 15.871 loading class sun/security/util/JarConstraintsParameters
Event: 15.871 loading class sun/security/util/JarConstraintsParameters done
Event: 15.872 loading class java/util/Base64
Event: 15.872 loading class java/util/Base64 done
Event: 15.872 loading class java/util/Base64$Decoder
Event: 15.873 loading class java/util/Base64$Decoder done
Event: 15.873 loading class java/util/Base64$Encoder
Event: 15.873 loading class java/util/Base64$Encoder done
Event: 15.903 loading class java/util/jar/JarVerifier$VerifierStream
Event: 15.904 loading class java/util/jar/JarVerifier$VerifierStream done
Event: 15.904 loading class sun/security/util/ManifestEntryVerifier$SunProviderHolder
Event: 15.904 loading class sun/security/util/ManifestEntryVerifier$SunProviderHolder done
Event: 15.906 loading class org/bouncycastle/operator/OperatorException
Event: 15.906 loading class org/bouncycastle/operator/OperatorException done
Event: 15.908 loading class org/bouncycastle/jce/provider/BouncyCastleProvider
Event: 15.908 loading class org/bouncycastle/jce/provider/BouncyCastleProvider done
Event: 15.995 Executing VM operation: G1CollectForAllocation


Dynamic libraries:
0x00007ff6e06e0000 - 0x00007ff6e06ea000 	C:\Program Files\Android\Android Studio\jbr\bin\java.exe
0x00007ffeefad0000 - 0x00007ffeefce4000 	C:\WINDOWS\SYSTEM32\ntdll.dll
0x00007ffeee740000 - 0x00007ffeee803000 	C:\WINDOWS\System32\KERNEL32.DLL
0x00007ffeed2a0000 - 0x00007ffeed63c000 	C:\WINDOWS\System32\KERNELBASE.dll
0x0000000059a00000 - 0x0000000059a93000 	C:\WINDOWS\System32\SYSFER.DLL
0x00007ffeecf40000 - 0x00007ffeed051000 	C:\WINDOWS\System32\ucrtbase.dll
0x00007ffedb6b0000 - 0x00007ffedb6c7000 	C:\Program Files\Android\Android Studio\jbr\bin\jli.dll
0x00007ffeef8e0000 - 0x00007ffeefa8d000 	C:\WINDOWS\System32\USER32.dll
0x00007ffeecf10000 - 0x00007ffeecf36000 	C:\WINDOWS\System32\win32u.dll
0x00007ffed29d0000 - 0x00007ffed2c5e000 	C:\WINDOWS\WinSxS\amd64_microsoft.windows.common-controls_6595b64144ccf1df_6.0.22621.608_none_a9444ca7c10bb01d\COMCTL32.dll
0x00007ffeee350000 - 0x00007ffeee3f7000 	C:\WINDOWS\System32\msvcrt.dll
0x00007ffed46a0000 - 0x00007ffed46bb000 	C:\Program Files\Android\Android Studio\jbr\bin\VCRUNTIME140.dll
0x00007ffeeef70000 - 0x00007ffeeef99000 	C:\WINDOWS\System32\GDI32.dll
0x00007ffeed0e0000 - 0x00007ffeed1f3000 	C:\WINDOWS\System32\gdi32full.dll
0x00007ffeed200000 - 0x00007ffeed29a000 	C:\WINDOWS\System32\msvcp_win.dll
0x00007ffeee810000 - 0x00007ffeee841000 	C:\WINDOWS\System32\IMM32.DLL
0x00007ffedb6a0000 - 0x00007ffedb6ac000 	C:\Program Files\Android\Android Studio\jbr\bin\vcruntime140_1.dll
0x00007ffec5a40000 - 0x00007ffec5acd000 	C:\Program Files\Android\Android Studio\jbr\bin\msvcp140.dll
0x00007ffe6a080000 - 0x00007ffe6ac3c000 	C:\Program Files\Android\Android Studio\jbr\bin\server\jvm.dll
0x00007ffeeeb00000 - 0x00007ffeeebae000 	C:\WINDOWS\System32\ADVAPI32.dll
0x00007ffeef1e0000 - 0x00007ffeef284000 	C:\WINDOWS\System32\sechost.dll
0x00007ffeee230000 - 0x00007ffeee345000 	C:\WINDOWS\System32\RPCRT4.dll
0x00007ffeef7f0000 - 0x00007ffeef7f8000 	C:\WINDOWS\System32\PSAPI.DLL
0x00007ffec6ba0000 - 0x00007ffec6ba9000 	C:\WINDOWS\SYSTEM32\WSOCK32.dll
0x00007ffeef860000 - 0x00007ffeef8d1000 	C:\WINDOWS\System32\WS2_32.dll
0x00007ffee8530000 - 0x00007ffee8564000 	C:\WINDOWS\SYSTEM32\WINMM.dll
0x00007ffee7200000 - 0x00007ffee720a000 	C:\WINDOWS\SYSTEM32\VERSION.dll
0x00007ffeebf60000 - 0x00007ffeebf78000 	C:\WINDOWS\SYSTEM32\kernel.appcore.dll
0x00007ffec6b90000 - 0x00007ffec6ba0000 	C:\Program Files\Android\Android Studio\jbr\bin\verify.dll
0x00007ffede9d0000 - 0x00007ffedebfe000 	C:\WINDOWS\SYSTEM32\DBGHELP.DLL
0x00007ffeeebc0000 - 0x00007ffeeef49000 	C:\WINDOWS\System32\combase.dll
0x00007ffeef710000 - 0x00007ffeef7e7000 	C:\WINDOWS\System32\OLEAUT32.dll
0x00007ffeda980000 - 0x00007ffeda9b2000 	C:\WINDOWS\SYSTEM32\dbgcore.DLL
0x00007ffeed060000 - 0x00007ffeed0db000 	C:\WINDOWS\System32\bcryptPrimitives.dll
0x00007ffe6a050000 - 0x00007ffe6a078000 	C:\Program Files\Android\Android Studio\jbr\bin\java.dll
0x00007ffec6b80000 - 0x00007ffec6b8a000 	C:\Program Files\Android\Android Studio\jbr\bin\jimage.dll
0x00007ffe6a030000 - 0x00007ffe6a048000 	C:\Program Files\Android\Android Studio\jbr\bin\zip.dll
0x00007ffeeda40000 - 0x00007ffeee230000 	C:\WINDOWS\System32\SHELL32.dll
0x00007ffeeaf20000 - 0x00007ffeeb7ee000 	C:\WINDOWS\SYSTEM32\windows.storage.dll
0x00007ffeeade0000 - 0x00007ffeeaf1e000 	C:\WINDOWS\SYSTEM32\wintypes.dll
0x00007ffeee850000 - 0x00007ffeee941000 	C:\WINDOWS\System32\SHCORE.dll
0x00007ffeed8e0000 - 0x00007ffeed93e000 	C:\WINDOWS\System32\shlwapi.dll
0x00007ffeece40000 - 0x00007ffeece61000 	C:\WINDOWS\SYSTEM32\profapi.dll
0x00007ffe6a010000 - 0x00007ffe6a029000 	C:\Program Files\Android\Android Studio\jbr\bin\net.dll
0x00007ffee7630000 - 0x00007ffee775f000 	C:\WINDOWS\SYSTEM32\WINHTTP.dll
0x00007ffeec3d0000 - 0x00007ffeec439000 	C:\WINDOWS\system32\mswsock.dll
0x00007ffe69ff0000 - 0x00007ffe6a003000 	C:\Program Files\Android\Android Studio\jbr\bin\nio.dll
0x00007ffed2c90000 - 0x00007ffed2cb7000 	C:\Users\HP\.gradle\native\e1d6ef7f7dcc3fd88c89a11ec53ec762bb8ba0a96d01ffa2cd45eb1d1d8dd5c5\windows-amd64\native-platform.dll
0x00007ffea9570000 - 0x00007ffea96b4000 	C:\Users\HP\.gradle\native\0d407fdbe67a94daf76414ababcb853783967236a71b16ec16e742cd7a986fd3\windows-amd64\native-platform-file-events.dll
0x00007ffec6b70000 - 0x00007ffec6b7a000 	C:\Program Files\Android\Android Studio\jbr\bin\management.dll
0x00007ffe8a3b0000 - 0x00007ffe8a3bb000 	C:\Program Files\Android\Android Studio\jbr\bin\management_ext.dll
0x00007ffeec630000 - 0x00007ffeec64b000 	C:\WINDOWS\SYSTEM32\CRYPTSP.dll
0x00007ffeebed0000 - 0x00007ffeebf05000 	C:\WINDOWS\system32\rsaenh.dll
0x00007ffeec4d0000 - 0x00007ffeec4f8000 	C:\WINDOWS\SYSTEM32\USERENV.dll
0x00007ffeec7f0000 - 0x00007ffeec818000 	C:\WINDOWS\SYSTEM32\bcrypt.dll
0x00007ffeec650000 - 0x00007ffeec65c000 	C:\WINDOWS\SYSTEM32\CRYPTBASE.dll
0x00007ffeeba40000 - 0x00007ffeeba6d000 	C:\WINDOWS\SYSTEM32\IPHLPAPI.DLL
0x00007ffeee5f0000 - 0x00007ffeee5f9000 	C:\WINDOWS\System32\NSI.dll
0x00007ffee7610000 - 0x00007ffee7629000 	C:\WINDOWS\SYSTEM32\dhcpcsvc6.DLL
0x00007ffee75f0000 - 0x00007ffee760f000 	C:\WINDOWS\SYSTEM32\dhcpcsvc.DLL
0x00007ffeebab0000 - 0x00007ffeebba3000 	C:\WINDOWS\SYSTEM32\DNSAPI.dll
0x00007ffe69aa0000 - 0x00007ffe69ac7000 	C:\Program Files\Android\Android Studio\jbr\bin\sunec.dll
0x00007ffee0560000 - 0x00007ffee056a000 	C:\Windows\System32\rasadhlp.dll
0x00007ffee6b10000 - 0x00007ffee6b93000 	C:\WINDOWS\System32\fwpuclnt.dll

dbghelp: loaded successfully - version: 4.0.5 - missing functions: none
symbol engine: initialized successfully - sym options: 0x614 - pdb path: .;C:\Program Files\Android\Android Studio\jbr\bin;C:\WINDOWS\SYSTEM32;C:\WINDOWS\WinSxS\amd64_microsoft.windows.common-controls_6595b64144ccf1df_6.0.22621.608_none_a9444ca7c10bb01d;C:\Program Files\Android\Android Studio\jbr\bin\server;C:\Users\HP\.gradle\native\e1d6ef7f7dcc3fd88c89a11ec53ec762bb8ba0a96d01ffa2cd45eb1d1d8dd5c5\windows-amd64;C:\Users\HP\.gradle\native\0d407fdbe67a94daf76414ababcb853783967236a71b16ec16e742cd7a986fd3\windows-amd64

VM Arguments:
jvm_args: --add-opens=java.base/java.util=ALL-UNNAMED --add-opens=java.base/java.lang=ALL-UNNAMED --add-opens=java.base/java.lang.invoke=ALL-UNNAMED --add-opens=java.base/java.util=ALL-UNNAMED --add-opens=java.prefs/java.util.prefs=ALL-UNNAMED --add-opens=java.prefs/java.util.prefs=ALL-UNNAMED --add-opens=java.base/java.nio.charset=ALL-UNNAMED --add-opens=java.base/java.net=ALL-UNNAMED --add-opens=java.base/java.util.concurrent.atomic=ALL-UNNAMED -Xmx2048m -Dfile.encoding=UTF-8 -Duser.country=IN -Duser.language=en -Duser.variant 
java_command: org.gradle.launcher.daemon.bootstrap.GradleDaemon 7.5
java_class_path (initial): C:\Users\HP\.gradle\wrapper\dists\gradle-7.5-bin\f1w0cc9nuo0eivz97x2xlu9sv\gradle-7.5\lib\gradle-launcher-7.5.jar
Launcher Type: SUN_STANDARD

[Global flags]
     intx CICompilerCount                          = 4                                         {product} {ergonomic}
     uint ConcGCThreads                            = 2                                         {product} {ergonomic}
     uint G1ConcRefinementThreads                  = 8                                         {product} {ergonomic}
   size_t G1HeapRegionSize                         = 1048576                                   {product} {ergonomic}
    uintx GCDrainStackTargetSize                   = 64                                        {product} {ergonomic}
   size_t InitialHeapSize                          = 234881024                                 {product} {ergonomic}
   size_t MarkStackSize                            = 4194304                                   {product} {ergonomic}
   size_t MaxHeapSize                              = 2147483648                                {product} {command line}
   size_t MaxNewSize                               = 1287651328                                {product} {ergonomic}
   size_t MinHeapDeltaBytes                        = 1048576                                   {product} {ergonomic}
    uintx NonNMethodCodeHeapSize                   = 5836300                                {pd product} {ergonomic}
    uintx NonProfiledCodeHeapSize                  = 122910970                              {pd product} {ergonomic}
    uintx ProfiledCodeHeapSize                     = 122910970                              {pd product} {ergonomic}
    uintx ReservedCodeCacheSize                    = 251658240                              {pd product} {ergonomic}
     bool SegmentedCodeCache                       = true                                      {product} {ergonomic}
     bool UseCompressedClassPointers               = true                                 {lp64_product} {ergonomic}
     bool UseCompressedOops                        = true                                 {lp64_product} {ergonomic}
     bool UseG1GC                                  = true                                      {product} {ergonomic}
     bool UseLargePagesIndividualAllocation        = false                                  {pd product} {ergonomic}

Logging:
Log output configuration:
 #0: stdout all=warning uptime,level,tags
 #1: stderr all=off uptime,level,tags

Environment Variables:
PATH=C:\python310\Scripts\;C:\python310\;C:\WINDOWS\system32;C:\WINDOWS;C:\WINDOWS\System32\Wbem;C:\WINDOWS\System32\WindowsPowerShell\v1.0\;C:\WINDOWS\System32\OpenSSH\;C:\MinGW\bin;C:\Program Files\nodejs\;C:\Program Files (x86)\Windows Kits\8.1\Windows Performance Toolkit\;D:\bin;C:\Program Files\Git\cmd;C:\Users\HP\AppData\Local\Microsoft\WindowsApps;;C:\Users\HP\AppData\Roaming\npm;C:\intelFPGA\20.1\modelsim_ase\win32aloem;C:\Users\HP\AppData\Local\Programs\Microsoft VS Code\bin
USERNAME=DD
OS=Windows_NT
PROCESSOR_IDENTIFIER=AMD64 Family 23 Model 24 Stepping 1, AuthenticAMD



---------------  S Y S T E M  ---------------

OS: Windows 11 , 64 bit Build 22621 (10.0.22621.1344)
OS uptime: 1 days 3:15 hours

CPU:total 8 (initial active 8) (8 cores per cpu, 2 threads per core) family 23 model 24 stepping 1 microcode 0x0, cmov, cx8, fxsr, mmx, sse, sse2, sse3, ssse3, sse4.1, sse4.2, popcnt, avx, avx2, aes, clmul, mmxext, 3dnowpref, lzcnt, sse4a, ht, tsc, tscinvbit, tscinv, bmi1, bmi2, adx, sha, fma

Memory: 4k page, system-wide physical 14212M (2949M free)
TotalPageFile size 14212M (AvailPageFile size 6M)
current process WorkingSet (physical memory assigned to process): 441M, peak: 442M
current process commit charge ("private bytes"): 485M, peak: 492M

vm_info: OpenJDK 64-Bit Server VM (11.0.15+0-b2043.56-9505619) for windows-amd64 JRE (11.0.15+0-b2043.56-9505619), built on Jan 19 2023 02:48:00 by "builduser" with unknown MS VC++:1929

END.
