#
# There is insufficient memory for the Java Runtime Environment to continue.
# Native memory allocation (malloc) failed to allocate 1809616 bytes for Chunk::new
# Possible reasons:
#   The system is out of physical RAM or swap space
#   The process is running with CompressedOops enabled, and the Java Heap may be blocking the growth of the native heap
# Possible solutions:
#   Reduce memory load on the system
#   Increase physical memory or swap space
#   Check if swap backing store is full
#   Decrease Java heap size (-Xmx/-Xms)
#   Decrease number of Java threads
#   Decrease Java thread stack sizes (-Xss)
#   Set larger code cache with -XX:ReservedCodeCacheSize=
#   JVM is running with Unscaled Compressed Oops mode in which the Java heap is
#     placed in the first 4GB address space. The Java Heap base address is the
#     maximum limit for the native heap growth. Please use -XX:HeapBaseMinAddress
#     to set the Java Heap base and to place the Java Heap above 4GB virtual address.
# This output file may be truncated or incomplete.
#
#  Out of Memory Error (src/hotspot/share/memory/arena.cpp:197), pid=62848, tid=50888
#
# JRE version: OpenJDK Runtime Environment (11.0.15) (build 11.0.15+0-b2043.56-9505619)
# Java VM: OpenJDK 64-Bit Server VM (11.0.15+0-b2043.56-9505619, mixed mode, tiered, compressed oops, g1 gc, windows-amd64)
# No core dump will be written. Minidumps are not enabled by default on client versions of Windows
#

---------------  S U M M A R Y ------------

Command Line: --add-opens=java.base/java.util=ALL-UNNAMED --add-opens=java.base/java.lang=ALL-UNNAMED --add-opens=java.base/java.lang.invoke=ALL-UNNAMED --add-opens=java.base/java.util=ALL-UNNAMED --add-opens=java.prefs/java.util.prefs=ALL-UNNAMED --add-opens=java.prefs/java.util.prefs=ALL-UNNAMED --add-opens=java.base/java.nio.charset=ALL-UNNAMED --add-opens=java.base/java.net=ALL-UNNAMED --add-opens=java.base/java.util.concurrent.atomic=ALL-UNNAMED -Xmx2048m -Dfile.encoding=UTF-8 -Duser.country=IN -Duser.language=en -Duser.variant org.gradle.launcher.daemon.bootstrap.GradleDaemon 7.5

Host: AMD Ryzen 5 3450U with Radeon Vega Mobile Gfx  , 8 cores, 13G,  Windows 11 , 64 bit Build 22621 (10.0.22621.1194)
Time: Sat Mar 25 17:49:31 2023 India Standard Time elapsed time: 6.223516 seconds (0d 0h 0m 6s)

---------------  T H R E A D  ---------------

Current thread (0x00000276de88a000):  JavaThread "C2 CompilerThread0" daemon [_thread_in_native, id=50888, stack(0x000000eb0af00000,0x000000eb0b000000)]


Current CompileTask:
C2:   6223 2157       4       java.net.URLClassLoader$1::run (5 bytes)

Stack: [0x000000eb0af00000,0x000000eb0b000000]
Native frames: (J=compiled Java code, j=interpreted, Vv=VM code, C=native code)
V  [jvm.dll+0x64135a]
V  [jvm.dll+0x7d39f9]
V  [jvm.dll+0x7d51b9]
V  [jvm.dll+0x7d58a3]
V  [jvm.dll+0x2691c5]
V  [jvm.dll+0xc1a5c]
V  [jvm.dll+0xc200c]
V  [jvm.dll+0x3774a7]
V  [jvm.dll+0x342495]
V  [jvm.dll+0x34186a]
V  [jvm.dll+0x2214bd]
V  [jvm.dll+0x220498]
V  [jvm.dll+0x19e851]
V  [jvm.dll+0x230479]
V  [jvm.dll+0x22e5ef]
V  [jvm.dll+0x794de1]
V  [jvm.dll+0x78dc24]
V  [jvm.dll+0x6400f6]
C  [ucrtbase.dll+0x29363]
C  [KERNEL32.DLL+0x126bd]
C  [ntdll.dll+0x5dfb8]


---------------  P R O C E S S  ---------------

Threads class SMR info:
_java_thread_list=0x00000276e14882d0, length=25, elements={
0x00000276c3aeb800, 0x00000276ddfae000, 0x00000276ddfa2000, 0x00000276de882800,
0x00000276de883800, 0x00000276de885800, 0x00000276de88a000, 0x00000276de88b800,
0x00000276de89a000, 0x00000276de9fd000, 0x00000276e0c91800, 0x00000276deb15800,
0x00000276e03db000, 0x00000276e08e2000, 0x00000276e047e800, 0x00000276dfee4800,
0x00000276dffdd000, 0x00000276e08dc800, 0x00000276e08de800, 0x00000276dfc65800,
0x00000276e0ece800, 0x00000276e0ed0000, 0x00000276e0ecc000, 0x00000276e120a800,
0x00000276e12fb800
}

Java Threads: ( => current thread )
  0x00000276c3aeb800 JavaThread "main" [_thread_blocked, id=71152, stack(0x000000eb0a300000,0x000000eb0a400000)]
  0x00000276ddfae000 JavaThread "Reference Handler" daemon [_thread_blocked, id=51064, stack(0x000000eb0aa00000,0x000000eb0ab00000)]
  0x00000276ddfa2000 JavaThread "Finalizer" daemon [_thread_blocked, id=77644, stack(0x000000eb0ab00000,0x000000eb0ac00000)]
  0x00000276de882800 JavaThread "Signal Dispatcher" daemon [_thread_blocked, id=45952, stack(0x000000eb0ac00000,0x000000eb0ad00000)]
  0x00000276de883800 JavaThread "Attach Listener" daemon [_thread_blocked, id=69580, stack(0x000000eb0ad00000,0x000000eb0ae00000)]
  0x00000276de885800 JavaThread "Service Thread" daemon [_thread_blocked, id=82720, stack(0x000000eb0ae00000,0x000000eb0af00000)]
=>0x00000276de88a000 JavaThread "C2 CompilerThread0" daemon [_thread_in_native, id=50888, stack(0x000000eb0af00000,0x000000eb0b000000)]
  0x00000276de88b800 JavaThread "C1 CompilerThread0" daemon [_thread_blocked, id=82540, stack(0x000000eb0b000000,0x000000eb0b100000)]
  0x00000276de89a000 JavaThread "Sweeper thread" daemon [_thread_blocked, id=38420, stack(0x000000eb0b100000,0x000000eb0b200000)]
  0x00000276de9fd000 JavaThread "Common-Cleaner" daemon [_thread_blocked, id=77284, stack(0x000000eb0b200000,0x000000eb0b300000)]
  0x00000276e0c91800 JavaThread "Daemon health stats" [_thread_blocked, id=34500, stack(0x000000eb0b900000,0x000000eb0ba00000)]
  0x00000276deb15800 JavaThread "Incoming local TCP Connector on port 59289" [_thread_in_native, id=76104, stack(0x000000eb0b400000,0x000000eb0b500000)]
  0x00000276e03db000 JavaThread "Daemon periodic checks" [_thread_blocked, id=62400, stack(0x000000eb0ba00000,0x000000eb0bb00000)]
  0x00000276e08e2000 JavaThread "Daemon" [_thread_blocked, id=52164, stack(0x000000eb0bb00000,0x000000eb0bc00000)]
  0x00000276e047e800 JavaThread "Handler for socket connection from /127.0.0.1:59289 to /127.0.0.1:59290" [_thread_in_native, id=58640, stack(0x000000eb0bc00000,0x000000eb0bd00000)]
  0x00000276dfee4800 JavaThread "Cancel handler" [_thread_blocked, id=46744, stack(0x000000eb0bd00000,0x000000eb0be00000)]
  0x00000276dffdd000 JavaThread "Daemon worker" [_thread_blocked, id=79648, stack(0x000000eb0be00000,0x000000eb0bf00000)]
  0x00000276e08dc800 JavaThread "Asynchronous log dispatcher for DefaultDaemonConnection: socket connection from /127.0.0.1:59289 to /127.0.0.1:59290" [_thread_blocked, id=59436, stack(0x000000eb0bf00000,0x000000eb0c000000)]
  0x00000276e08de800 JavaThread "Stdin handler" [_thread_blocked, id=52548, stack(0x000000eb0c000000,0x000000eb0c100000)]
  0x00000276dfc65800 JavaThread "Daemon client event forwarder" [_thread_blocked, id=80576, stack(0x000000eb0c100000,0x000000eb0c200000)]
  0x00000276e0ece800 JavaThread "Cache worker for journal cache (C:\Users\HP\.gradle\caches\journal-1)" [_thread_blocked, id=66616, stack(0x000000eb0c200000,0x000000eb0c300000)]
  0x00000276e0ed0000 JavaThread "File lock request listener" [_thread_in_native, id=45004, stack(0x000000eb0c300000,0x000000eb0c400000)]
  0x00000276e0ecc000 JavaThread "Cache worker for file hash cache (C:\Users\HP\.gradle\caches\7.5\fileHashes)" [_thread_blocked, id=64020, stack(0x000000eb0c400000,0x000000eb0c500000)]
  0x00000276e120a800 JavaThread "C2 CompilerThread1" daemon [_thread_in_native, id=51020, stack(0x000000eb0c900000,0x000000eb0ca00000)]
  0x00000276e12fb800 JavaThread "C2 CompilerThread2" daemon [_thread_in_native, id=82464, stack(0x000000eb0ca00000,0x000000eb0cb00000)]

Other Threads:
  0x00000276de835000 VMThread "VM Thread" [stack: 0x000000eb0a900000,0x000000eb0aa00000] [id=54868]
  0x00000276dea19800 WatcherThread [stack: 0x000000eb0b300000,0x000000eb0b400000] [id=6652]
  0x00000276c3b04000 GCTaskThread "GC Thread#0" [stack: 0x000000eb0a400000,0x000000eb0a500000] [id=62712]
  0x00000276df03e800 GCTaskThread "GC Thread#1" [stack: 0x000000eb0b500000,0x000000eb0b600000] [id=66956]
  0x00000276e00ae800 GCTaskThread "GC Thread#2" [stack: 0x000000eb0b600000,0x000000eb0b700000] [id=14016]
  0x00000276dfd1f800 GCTaskThread "GC Thread#3" [stack: 0x000000eb0b700000,0x000000eb0b800000] [id=51004]
  0x00000276dfcea800 GCTaskThread "GC Thread#4" [stack: 0x000000eb0b800000,0x000000eb0b900000] [id=55172]
  0x00000276dfc60000 GCTaskThread "GC Thread#5" [stack: 0x000000eb0c500000,0x000000eb0c600000] [id=54428]
  0x00000276dfc61800 GCTaskThread "GC Thread#6" [stack: 0x000000eb0c600000,0x000000eb0c700000] [id=56340]
  0x00000276dfc5f800 GCTaskThread "GC Thread#7" [stack: 0x000000eb0c700000,0x000000eb0c800000] [id=54780]
  0x00000276c3b35000 ConcurrentGCThread "G1 Main Marker" [stack: 0x000000eb0a500000,0x000000eb0a600000] [id=54760]
  0x00000276c3b38000 ConcurrentGCThread "G1 Conc#0" [stack: 0x000000eb0a600000,0x000000eb0a700000] [id=73324]
  0x00000276dfc61000 ConcurrentGCThread "G1 Conc#1" [stack: 0x000000eb0c800000,0x000000eb0c900000] [id=37692]
  0x00000276dde6c000 ConcurrentGCThread "G1 Refine#0" [stack: 0x000000eb0a700000,0x000000eb0a800000] [id=36620]
  0x00000276dde6f000 ConcurrentGCThread "G1 Young RemSet Sampling" [stack: 0x000000eb0a800000,0x000000eb0a900000] [id=65540]

Threads with active compile tasks:
C2 CompilerThread0     6266 2157       4       java.net.URLClassLoader$1::run (5 bytes)
C2 CompilerThread1     6266 2158   !   4       java.net.URLClassLoader$1::run (81 bytes)
C2 CompilerThread2     6266 2261       4       com.google.common.base.CharMatcher::indexIn (48 bytes)

VM state:not at safepoint (normal execution)

VM Mutex/Monitor currently owned by a thread: None

Heap address: 0x0000000080000000, size: 2048 MB, Compressed Oops mode: 32-bit
Narrow klass base: 0x0000000000000000, Narrow klass shift: 3
Compressed class space size: 1073741824 Address: 0x0000000100000000

Heap:
 garbage-first heap   total 229376K, used 50489K [0x0000000080000000, 0x0000000100000000)
  region size 1024K, 34 young (34816K), 1 survivors (1024K)
 Metaspace       used 26188K, capacity 26805K, committed 27004K, reserved 1073152K
  class space    used 3402K, capacity 3652K, committed 3788K, reserved 1048576K
Heap Regions: E=young(eden), S=young(survivor), O=old, HS=humongous(starts), HC=humongous(continues), CS=collection set, F=free, A=archive, TAMS=top-at-mark-start (previous, next)
|   0|0x0000000080000000, 0x0000000080100000, 0x0000000080100000|100%| O|  |TAMS 0x0000000080000000, 0x0000000080000000| Untracked 
|   1|0x0000000080100000, 0x0000000080200000, 0x0000000080200000|100%| O|  |TAMS 0x0000000080100000, 0x0000000080100000| Untracked 
|   2|0x0000000080200000, 0x0000000080300000, 0x0000000080300000|100%| O|  |TAMS 0x0000000080200000, 0x0000000080200000| Untracked 
|   3|0x0000000080300000, 0x0000000080400000, 0x0000000080400000|100%|HS|  |TAMS 0x0000000080400000, 0x0000000080300000| Complete 
|   4|0x0000000080400000, 0x0000000080500000, 0x0000000080500000|100%|HC|  |TAMS 0x0000000080500000, 0x0000000080400000| Complete 
|   5|0x0000000080500000, 0x0000000080600000, 0x0000000080600000|100%|HC|  |TAMS 0x0000000080600000, 0x0000000080500000| Complete 
|   6|0x0000000080600000, 0x0000000080700000, 0x0000000080700000|100%| O|  |TAMS 0x0000000080700000, 0x0000000080600000| Untracked 
|   7|0x0000000080700000, 0x0000000080800000, 0x0000000080800000|100%| O|  |TAMS 0x0000000080800000, 0x0000000080700000| Untracked 
|   8|0x0000000080800000, 0x0000000080900000, 0x0000000080900000|100%| O|  |TAMS 0x0000000080900000, 0x0000000080800000| Untracked 
|   9|0x0000000080900000, 0x0000000080a00000, 0x0000000080a00000|100%| O|  |TAMS 0x000000008090fe00, 0x0000000080900000| Untracked 
|  10|0x0000000080a00000, 0x0000000080b00000, 0x0000000080b00000|100%| O|  |TAMS 0x0000000080a00000, 0x0000000080a00000| Untracked 
|  11|0x0000000080b00000, 0x0000000080c00000, 0x0000000080c00000|100%| O|  |TAMS 0x0000000080b00000, 0x0000000080b00000| Untracked 
|  12|0x0000000080c00000, 0x0000000080d00000, 0x0000000080d00000|100%| O|  |TAMS 0x0000000080c00000, 0x0000000080c00000| Untracked 
|  13|0x0000000080d00000, 0x0000000080e00000, 0x0000000080e00000|100%| O|  |TAMS 0x0000000080d00000, 0x0000000080d00000| Untracked 
|  14|0x0000000080e00000, 0x0000000080f00000, 0x0000000080f00000|100%| O|  |TAMS 0x0000000080e00000, 0x0000000080e00000| Untracked 
|  15|0x0000000080f00000, 0x0000000081000000, 0x0000000081000000|100%| O|  |TAMS 0x0000000080f00000, 0x0000000080f00000| Untracked 
|  16|0x0000000081000000, 0x0000000081050800, 0x0000000081100000| 31%| O|  |TAMS 0x0000000081000000, 0x0000000081000000| Untracked 
|  17|0x0000000081100000, 0x0000000081100000, 0x0000000081200000|  0%| F|  |TAMS 0x0000000081100000, 0x0000000081100000| Untracked 
|  18|0x0000000081200000, 0x0000000081200000, 0x0000000081300000|  0%| F|  |TAMS 0x0000000081200000, 0x0000000081200000| Untracked 
|  19|0x0000000081300000, 0x0000000081300000, 0x0000000081400000|  0%| F|  |TAMS 0x0000000081300000, 0x0000000081300000| Untracked 
|  20|0x0000000081400000, 0x0000000081400000, 0x0000000081500000|  0%| F|  |TAMS 0x0000000081400000, 0x0000000081400000| Untracked 
|  21|0x0000000081500000, 0x0000000081500000, 0x0000000081600000|  0%| F|  |TAMS 0x0000000081500000, 0x0000000081500000| Untracked 
|  22|0x0000000081600000, 0x0000000081600000, 0x0000000081700000|  0%| F|  |TAMS 0x0000000081600000, 0x0000000081600000| Untracked 
|  23|0x0000000081700000, 0x0000000081700000, 0x0000000081800000|  0%| F|  |TAMS 0x0000000081700000, 0x0000000081700000| Untracked 
|  24|0x0000000081800000, 0x0000000081800000, 0x0000000081900000|  0%| F|  |TAMS 0x0000000081800000, 0x0000000081800000| Untracked 
|  25|0x0000000081900000, 0x0000000081900000, 0x0000000081a00000|  0%| F|  |TAMS 0x0000000081900000, 0x0000000081900000| Untracked 
|  26|0x0000000081a00000, 0x0000000081a00000, 0x0000000081b00000|  0%| F|  |TAMS 0x0000000081a00000, 0x0000000081a00000| Untracked 
|  27|0x0000000081b00000, 0x0000000081b00000, 0x0000000081c00000|  0%| F|  |TAMS 0x0000000081b00000, 0x0000000081b00000| Untracked 
|  28|0x0000000081c00000, 0x0000000081c00000, 0x0000000081d00000|  0%| F|  |TAMS 0x0000000081c00000, 0x0000000081c00000| Untracked 
|  29|0x0000000081d00000, 0x0000000081d00000, 0x0000000081e00000|  0%| F|  |TAMS 0x0000000081d00000, 0x0000000081d00000| Untracked 
|  30|0x0000000081e00000, 0x0000000081e00000, 0x0000000081f00000|  0%| F|  |TAMS 0x0000000081e00000, 0x0000000081e00000| Untracked 
|  31|0x0000000081f00000, 0x0000000081f00000, 0x0000000082000000|  0%| F|  |TAMS 0x0000000081f00000, 0x0000000081f00000| Untracked 
|  32|0x0000000082000000, 0x0000000082000000, 0x0000000082100000|  0%| F|  |TAMS 0x0000000082000000, 0x0000000082000000| Untracked 
|  33|0x0000000082100000, 0x0000000082100000, 0x0000000082200000|  0%| F|  |TAMS 0x0000000082100000, 0x0000000082100000| Untracked 
|  34|0x0000000082200000, 0x0000000082200000, 0x0000000082300000|  0%| F|  |TAMS 0x0000000082200000, 0x0000000082200000| Untracked 
|  35|0x0000000082300000, 0x0000000082300000, 0x0000000082400000|  0%| F|  |TAMS 0x0000000082300000, 0x0000000082300000| Untracked 
|  36|0x0000000082400000, 0x0000000082400000, 0x0000000082500000|  0%| F|  |TAMS 0x0000000082400000, 0x0000000082400000| Untracked 
|  37|0x0000000082500000, 0x0000000082500000, 0x0000000082600000|  0%| F|  |TAMS 0x0000000082500000, 0x0000000082500000| Untracked 
|  38|0x0000000082600000, 0x0000000082600000, 0x0000000082700000|  0%| F|  |TAMS 0x0000000082600000, 0x0000000082600000| Untracked 
|  39|0x0000000082700000, 0x0000000082700000, 0x0000000082800000|  0%| F|  |TAMS 0x0000000082700000, 0x0000000082700000| Untracked 
|  40|0x0000000082800000, 0x0000000082800000, 0x0000000082900000|  0%| F|  |TAMS 0x0000000082800000, 0x0000000082800000| Untracked 
|  41|0x0000000082900000, 0x0000000082900000, 0x0000000082a00000|  0%| F|  |TAMS 0x0000000082900000, 0x0000000082900000| Untracked 
|  42|0x0000000082a00000, 0x0000000082a00000, 0x0000000082b00000|  0%| F|  |TAMS 0x0000000082a00000, 0x0000000082a00000| Untracked 
|  43|0x0000000082b00000, 0x0000000082b00000, 0x0000000082c00000|  0%| F|  |TAMS 0x0000000082b00000, 0x0000000082b00000| Untracked 
|  44|0x0000000082c00000, 0x0000000082c00000, 0x0000000082d00000|  0%| F|  |TAMS 0x0000000082c00000, 0x0000000082c00000| Untracked 
|  45|0x0000000082d00000, 0x0000000082d00000, 0x0000000082e00000|  0%| F|  |TAMS 0x0000000082d00000, 0x0000000082d00000| Untracked 
|  46|0x0000000082e00000, 0x0000000082e00000, 0x0000000082f00000|  0%| F|  |TAMS 0x0000000082e00000, 0x0000000082e00000| Untracked 
|  47|0x0000000082f00000, 0x0000000082f00000, 0x0000000083000000|  0%| F|  |TAMS 0x0000000082f00000, 0x0000000082f00000| Untracked 
|  48|0x0000000083000000, 0x0000000083000000, 0x0000000083100000|  0%| F|  |TAMS 0x0000000083000000, 0x0000000083000000| Untracked 
|  49|0x0000000083100000, 0x0000000083100000, 0x0000000083200000|  0%| F|  |TAMS 0x0000000083100000, 0x0000000083100000| Untracked 
|  50|0x0000000083200000, 0x0000000083200000, 0x0000000083300000|  0%| F|  |TAMS 0x0000000083200000, 0x0000000083200000| Untracked 
|  51|0x0000000083300000, 0x0000000083300000, 0x0000000083400000|  0%| F|  |TAMS 0x0000000083300000, 0x0000000083300000| Untracked 
|  52|0x0000000083400000, 0x0000000083400000, 0x0000000083500000|  0%| F|  |TAMS 0x0000000083400000, 0x0000000083400000| Untracked 
|  53|0x0000000083500000, 0x0000000083500000, 0x0000000083600000|  0%| F|  |TAMS 0x0000000083500000, 0x0000000083500000| Untracked 
|  54|0x0000000083600000, 0x0000000083600000, 0x0000000083700000|  0%| F|  |TAMS 0x0000000083600000, 0x0000000083600000| Untracked 
|  55|0x0000000083700000, 0x0000000083700000, 0x0000000083800000|  0%| F|  |TAMS 0x0000000083700000, 0x0000000083700000| Untracked 
|  56|0x0000000083800000, 0x0000000083800000, 0x0000000083900000|  0%| F|  |TAMS 0x0000000083800000, 0x0000000083800000| Untracked 
|  57|0x0000000083900000, 0x0000000083900000, 0x0000000083a00000|  0%| F|  |TAMS 0x0000000083900000, 0x0000000083900000| Untracked 
|  58|0x0000000083a00000, 0x0000000083a00000, 0x0000000083b00000|  0%| F|  |TAMS 0x0000000083a00000, 0x0000000083a00000| Untracked 
|  59|0x0000000083b00000, 0x0000000083b00000, 0x0000000083c00000|  0%| F|  |TAMS 0x0000000083b00000, 0x0000000083b00000| Untracked 
|  60|0x0000000083c00000, 0x0000000083c00000, 0x0000000083d00000|  0%| F|  |TAMS 0x0000000083c00000, 0x0000000083c00000| Untracked 
|  61|0x0000000083d00000, 0x0000000083d00000, 0x0000000083e00000|  0%| F|  |TAMS 0x0000000083d00000, 0x0000000083d00000| Untracked 
|  62|0x0000000083e00000, 0x0000000083e00000, 0x0000000083f00000|  0%| F|  |TAMS 0x0000000083e00000, 0x0000000083e00000| Untracked 
|  63|0x0000000083f00000, 0x0000000083f00000, 0x0000000084000000|  0%| F|  |TAMS 0x0000000083f00000, 0x0000000083f00000| Untracked 
|  64|0x0000000084000000, 0x0000000084000000, 0x0000000084100000|  0%| F|  |TAMS 0x0000000084000000, 0x0000000084000000| Untracked 
|  65|0x0000000084100000, 0x0000000084100000, 0x0000000084200000|  0%| F|  |TAMS 0x0000000084100000, 0x0000000084100000| Untracked 
|  66|0x0000000084200000, 0x0000000084200000, 0x0000000084300000|  0%| F|  |TAMS 0x0000000084200000, 0x0000000084200000| Untracked 
|  67|0x0000000084300000, 0x0000000084300000, 0x0000000084400000|  0%| F|  |TAMS 0x0000000084300000, 0x0000000084300000| Untracked 
|  68|0x0000000084400000, 0x0000000084400000, 0x0000000084500000|  0%| F|  |TAMS 0x0000000084400000, 0x0000000084400000| Untracked 
|  69|0x0000000084500000, 0x0000000084500000, 0x0000000084600000|  0%| F|  |TAMS 0x0000000084500000, 0x0000000084500000| Untracked 
|  70|0x0000000084600000, 0x0000000084600000, 0x0000000084700000|  0%| F|  |TAMS 0x0000000084600000, 0x0000000084600000| Untracked 
|  71|0x0000000084700000, 0x0000000084700000, 0x0000000084800000|  0%| F|  |TAMS 0x0000000084700000, 0x0000000084700000| Untracked 
|  72|0x0000000084800000, 0x0000000084800000, 0x0000000084900000|  0%| F|  |TAMS 0x0000000084800000, 0x0000000084800000| Untracked 
|  73|0x0000000084900000, 0x0000000084900000, 0x0000000084a00000|  0%| F|  |TAMS 0x0000000084900000, 0x0000000084900000| Untracked 
|  74|0x0000000084a00000, 0x0000000084a00000, 0x0000000084b00000|  0%| F|  |TAMS 0x0000000084a00000, 0x0000000084a00000| Untracked 
|  75|0x0000000084b00000, 0x0000000084b00000, 0x0000000084c00000|  0%| F|  |TAMS 0x0000000084b00000, 0x0000000084b00000| Untracked 
|  76|0x0000000084c00000, 0x0000000084c00000, 0x0000000084d00000|  0%| F|  |TAMS 0x0000000084c00000, 0x0000000084c00000| Untracked 
|  77|0x0000000084d00000, 0x0000000084d00000, 0x0000000084e00000|  0%| F|  |TAMS 0x0000000084d00000, 0x0000000084d00000| Untracked 
|  78|0x0000000084e00000, 0x0000000084e00000, 0x0000000084f00000|  0%| F|  |TAMS 0x0000000084e00000, 0x0000000084e00000| Untracked 
|  79|0x0000000084f00000, 0x0000000084f00000, 0x0000000085000000|  0%| F|  |TAMS 0x0000000084f00000, 0x0000000084f00000| Untracked 
|  80|0x0000000085000000, 0x0000000085000000, 0x0000000085100000|  0%| F|  |TAMS 0x0000000085000000, 0x0000000085000000| Untracked 
|  81|0x0000000085100000, 0x0000000085100000, 0x0000000085200000|  0%| F|  |TAMS 0x0000000085100000, 0x0000000085100000| Untracked 
|  82|0x0000000085200000, 0x0000000085200000, 0x0000000085300000|  0%| F|  |TAMS 0x0000000085200000, 0x0000000085200000| Untracked 
|  83|0x0000000085300000, 0x0000000085300000, 0x0000000085400000|  0%| F|  |TAMS 0x0000000085300000, 0x0000000085300000| Untracked 
|  84|0x0000000085400000, 0x0000000085400000, 0x0000000085500000|  0%| F|  |TAMS 0x0000000085400000, 0x0000000085400000| Untracked 
|  85|0x0000000085500000, 0x0000000085500000, 0x0000000085600000|  0%| F|  |TAMS 0x0000000085500000, 0x0000000085500000| Untracked 
|  86|0x0000000085600000, 0x0000000085600000, 0x0000000085700000|  0%| F|  |TAMS 0x0000000085600000, 0x0000000085600000| Untracked 
|  87|0x0000000085700000, 0x0000000085700000, 0x0000000085800000|  0%| F|  |TAMS 0x0000000085700000, 0x0000000085700000| Untracked 
|  88|0x0000000085800000, 0x0000000085800000, 0x0000000085900000|  0%| F|  |TAMS 0x0000000085800000, 0x0000000085800000| Untracked 
|  89|0x0000000085900000, 0x0000000085900000, 0x0000000085a00000|  0%| F|  |TAMS 0x0000000085900000, 0x0000000085900000| Untracked 
|  90|0x0000000085a00000, 0x0000000085a00000, 0x0000000085b00000|  0%| F|  |TAMS 0x0000000085a00000, 0x0000000085a00000| Untracked 
|  91|0x0000000085b00000, 0x0000000085b00000, 0x0000000085c00000|  0%| F|  |TAMS 0x0000000085b00000, 0x0000000085b00000| Untracked 
|  92|0x0000000085c00000, 0x0000000085c00000, 0x0000000085d00000|  0%| F|  |TAMS 0x0000000085c00000, 0x0000000085c00000| Untracked 
|  93|0x0000000085d00000, 0x0000000085d00000, 0x0000000085e00000|  0%| F|  |TAMS 0x0000000085d00000, 0x0000000085d00000| Untracked 
|  94|0x0000000085e00000, 0x0000000085e00000, 0x0000000085f00000|  0%| F|  |TAMS 0x0000000085e00000, 0x0000000085e00000| Untracked 
|  95|0x0000000085f00000, 0x0000000085f00000, 0x0000000086000000|  0%| F|  |TAMS 0x0000000085f00000, 0x0000000085f00000| Untracked 
|  96|0x0000000086000000, 0x0000000086000000, 0x0000000086100000|  0%| F|  |TAMS 0x0000000086000000, 0x0000000086000000| Untracked 
|  97|0x0000000086100000, 0x0000000086100000, 0x0000000086200000|  0%| F|  |TAMS 0x0000000086100000, 0x0000000086100000| Untracked 
|  98|0x0000000086200000, 0x0000000086200000, 0x0000000086300000|  0%| F|  |TAMS 0x0000000086200000, 0x0000000086200000| Untracked 
|  99|0x0000000086300000, 0x0000000086300000, 0x0000000086400000|  0%| F|  |TAMS 0x0000000086300000, 0x0000000086300000| Untracked 
| 100|0x0000000086400000, 0x0000000086400000, 0x0000000086500000|  0%| F|  |TAMS 0x0000000086400000, 0x0000000086400000| Untracked 
| 101|0x0000000086500000, 0x0000000086500000, 0x0000000086600000|  0%| F|  |TAMS 0x0000000086500000, 0x0000000086500000| Untracked 
| 102|0x0000000086600000, 0x0000000086600000, 0x0000000086700000|  0%| F|  |TAMS 0x0000000086600000, 0x0000000086600000| Untracked 
| 103|0x0000000086700000, 0x0000000086700000, 0x0000000086800000|  0%| F|  |TAMS 0x0000000086700000, 0x0000000086700000| Untracked 
| 104|0x0000000086800000, 0x0000000086800000, 0x0000000086900000|  0%| F|  |TAMS 0x0000000086800000, 0x0000000086800000| Untracked 
| 105|0x0000000086900000, 0x0000000086900000, 0x0000000086a00000|  0%| F|  |TAMS 0x0000000086900000, 0x0000000086900000| Untracked 
| 106|0x0000000086a00000, 0x0000000086a00000, 0x0000000086b00000|  0%| F|  |TAMS 0x0000000086a00000, 0x0000000086a00000| Untracked 
| 107|0x0000000086b00000, 0x0000000086b00000, 0x0000000086c00000|  0%| F|  |TAMS 0x0000000086b00000, 0x0000000086b00000| Untracked 
| 108|0x0000000086c00000, 0x0000000086c00000, 0x0000000086d00000|  0%| F|  |TAMS 0x0000000086c00000, 0x0000000086c00000| Untracked 
| 109|0x0000000086d00000, 0x0000000086d00000, 0x0000000086e00000|  0%| F|  |TAMS 0x0000000086d00000, 0x0000000086d00000| Untracked 
| 110|0x0000000086e00000, 0x0000000086e00000, 0x0000000086f00000|  0%| F|  |TAMS 0x0000000086e00000, 0x0000000086e00000| Untracked 
| 111|0x0000000086f00000, 0x0000000086f00000, 0x0000000087000000|  0%| F|  |TAMS 0x0000000086f00000, 0x0000000086f00000| Untracked 
| 112|0x0000000087000000, 0x0000000087000000, 0x0000000087100000|  0%| F|  |TAMS 0x0000000087000000, 0x0000000087000000| Untracked 
| 113|0x0000000087100000, 0x0000000087100000, 0x0000000087200000|  0%| F|  |TAMS 0x0000000087100000, 0x0000000087100000| Untracked 
| 114|0x0000000087200000, 0x0000000087200000, 0x0000000087300000|  0%| F|  |TAMS 0x0000000087200000, 0x0000000087200000| Untracked 
| 115|0x0000000087300000, 0x0000000087300000, 0x0000000087400000|  0%| F|  |TAMS 0x0000000087300000, 0x0000000087300000| Untracked 
| 116|0x0000000087400000, 0x0000000087400000, 0x0000000087500000|  0%| F|  |TAMS 0x0000000087400000, 0x0000000087400000| Untracked 
| 117|0x0000000087500000, 0x0000000087500000, 0x0000000087600000|  0%| F|  |TAMS 0x0000000087500000, 0x0000000087500000| Untracked 
| 118|0x0000000087600000, 0x0000000087600000, 0x0000000087700000|  0%| F|  |TAMS 0x0000000087600000, 0x0000000087600000| Untracked 
| 119|0x0000000087700000, 0x0000000087700000, 0x0000000087800000|  0%| F|  |TAMS 0x0000000087700000, 0x0000000087700000| Untracked 
| 120|0x0000000087800000, 0x0000000087800000, 0x0000000087900000|  0%| F|  |TAMS 0x0000000087800000, 0x0000000087800000| Untracked 
| 121|0x0000000087900000, 0x0000000087900000, 0x0000000087a00000|  0%| F|  |TAMS 0x0000000087900000, 0x0000000087900000| Untracked 
| 122|0x0000000087a00000, 0x0000000087a00000, 0x0000000087b00000|  0%| F|  |TAMS 0x0000000087a00000, 0x0000000087a00000| Untracked 
| 123|0x0000000087b00000, 0x0000000087b00000, 0x0000000087c00000|  0%| F|  |TAMS 0x0000000087b00000, 0x0000000087b00000| Untracked 
| 124|0x0000000087c00000, 0x0000000087c00000, 0x0000000087d00000|  0%| F|  |TAMS 0x0000000087c00000, 0x0000000087c00000| Untracked 
| 125|0x0000000087d00000, 0x0000000087d00000, 0x0000000087e00000|  0%| F|  |TAMS 0x0000000087d00000, 0x0000000087d00000| Untracked 
| 126|0x0000000087e00000, 0x0000000087e00000, 0x0000000087f00000|  0%| F|  |TAMS 0x0000000087e00000, 0x0000000087e00000| Untracked 
| 127|0x0000000087f00000, 0x0000000087f00000, 0x0000000088000000|  0%| F|  |TAMS 0x0000000087f00000, 0x0000000087f00000| Untracked 
| 128|0x0000000088000000, 0x0000000088000000, 0x0000000088100000|  0%| F|  |TAMS 0x0000000088000000, 0x0000000088000000| Untracked 
| 129|0x0000000088100000, 0x0000000088100000, 0x0000000088200000|  0%| F|  |TAMS 0x0000000088100000, 0x0000000088100000| Untracked 
| 130|0x0000000088200000, 0x0000000088200000, 0x0000000088300000|  0%| F|  |TAMS 0x0000000088200000, 0x0000000088200000| Untracked 
| 131|0x0000000088300000, 0x0000000088300000, 0x0000000088400000|  0%| F|  |TAMS 0x0000000088300000, 0x0000000088300000| Untracked 
| 132|0x0000000088400000, 0x0000000088400000, 0x0000000088500000|  0%| F|  |TAMS 0x0000000088400000, 0x0000000088400000| Untracked 
| 133|0x0000000088500000, 0x0000000088500000, 0x0000000088600000|  0%| F|  |TAMS 0x0000000088500000, 0x0000000088500000| Untracked 
| 134|0x0000000088600000, 0x0000000088600000, 0x0000000088700000|  0%| F|  |TAMS 0x0000000088600000, 0x0000000088600000| Untracked 
| 135|0x0000000088700000, 0x0000000088700000, 0x0000000088800000|  0%| F|  |TAMS 0x0000000088700000, 0x0000000088700000| Untracked 
| 136|0x0000000088800000, 0x0000000088800000, 0x0000000088900000|  0%| F|  |TAMS 0x0000000088800000, 0x0000000088800000| Untracked 
| 137|0x0000000088900000, 0x0000000088900000, 0x0000000088a00000|  0%| F|  |TAMS 0x0000000088900000, 0x0000000088900000| Untracked 
| 138|0x0000000088a00000, 0x0000000088a00000, 0x0000000088b00000|  0%| F|  |TAMS 0x0000000088a00000, 0x0000000088a00000| Untracked 
| 139|0x0000000088b00000, 0x0000000088b00000, 0x0000000088c00000|  0%| F|  |TAMS 0x0000000088b00000, 0x0000000088b00000| Untracked 
| 140|0x0000000088c00000, 0x0000000088c00000, 0x0000000088d00000|  0%| F|  |TAMS 0x0000000088c00000, 0x0000000088c00000| Untracked 
| 141|0x0000000088d00000, 0x0000000088d00000, 0x0000000088e00000|  0%| F|  |TAMS 0x0000000088d00000, 0x0000000088d00000| Untracked 
| 142|0x0000000088e00000, 0x0000000088e00000, 0x0000000088f00000|  0%| F|  |TAMS 0x0000000088e00000, 0x0000000088e00000| Untracked 
| 143|0x0000000088f00000, 0x0000000088f00000, 0x0000000089000000|  0%| F|  |TAMS 0x0000000088f00000, 0x0000000088f00000| Untracked 
| 144|0x0000000089000000, 0x0000000089000000, 0x0000000089100000|  0%| F|  |TAMS 0x0000000089000000, 0x0000000089000000| Untracked 
| 145|0x0000000089100000, 0x0000000089100000, 0x0000000089200000|  0%| F|  |TAMS 0x0000000089100000, 0x0000000089100000| Untracked 
| 146|0x0000000089200000, 0x0000000089200000, 0x0000000089300000|  0%| F|  |TAMS 0x0000000089200000, 0x0000000089200000| Untracked 
| 147|0x0000000089300000, 0x0000000089300000, 0x0000000089400000|  0%| F|  |TAMS 0x0000000089300000, 0x0000000089300000| Untracked 
| 148|0x0000000089400000, 0x0000000089400000, 0x0000000089500000|  0%| F|  |TAMS 0x0000000089400000, 0x0000000089400000| Untracked 
| 149|0x0000000089500000, 0x0000000089500000, 0x0000000089600000|  0%| F|  |TAMS 0x0000000089500000, 0x0000000089500000| Untracked 
| 150|0x0000000089600000, 0x0000000089600000, 0x0000000089700000|  0%| F|  |TAMS 0x0000000089600000, 0x0000000089600000| Untracked 
| 151|0x0000000089700000, 0x0000000089700000, 0x0000000089800000|  0%| F|  |TAMS 0x0000000089700000, 0x0000000089700000| Untracked 
| 152|0x0000000089800000, 0x0000000089800000, 0x0000000089900000|  0%| F|  |TAMS 0x0000000089800000, 0x0000000089800000| Untracked 
| 153|0x0000000089900000, 0x0000000089900000, 0x0000000089a00000|  0%| F|  |TAMS 0x0000000089900000, 0x0000000089900000| Untracked 
| 154|0x0000000089a00000, 0x0000000089a00000, 0x0000000089b00000|  0%| F|  |TAMS 0x0000000089a00000, 0x0000000089a00000| Untracked 
| 155|0x0000000089b00000, 0x0000000089b00000, 0x0000000089c00000|  0%| F|  |TAMS 0x0000000089b00000, 0x0000000089b00000| Untracked 
| 156|0x0000000089c00000, 0x0000000089c00000, 0x0000000089d00000|  0%| F|  |TAMS 0x0000000089c00000, 0x0000000089c00000| Untracked 
| 157|0x0000000089d00000, 0x0000000089d00000, 0x0000000089e00000|  0%| F|  |TAMS 0x0000000089d00000, 0x0000000089d00000| Untracked 
| 158|0x0000000089e00000, 0x0000000089e00000, 0x0000000089f00000|  0%| F|  |TAMS 0x0000000089e00000, 0x0000000089e00000| Untracked 
| 159|0x0000000089f00000, 0x0000000089f00000, 0x000000008a000000|  0%| F|  |TAMS 0x0000000089f00000, 0x0000000089f00000| Untracked 
| 160|0x000000008a000000, 0x000000008a000000, 0x000000008a100000|  0%| F|  |TAMS 0x000000008a000000, 0x000000008a000000| Untracked 
| 161|0x000000008a100000, 0x000000008a100000, 0x000000008a200000|  0%| F|  |TAMS 0x000000008a100000, 0x000000008a100000| Untracked 
| 162|0x000000008a200000, 0x000000008a200000, 0x000000008a300000|  0%| F|  |TAMS 0x000000008a200000, 0x000000008a200000| Untracked 
| 163|0x000000008a300000, 0x000000008a300000, 0x000000008a400000|  0%| F|  |TAMS 0x000000008a300000, 0x000000008a300000| Untracked 
| 164|0x000000008a400000, 0x000000008a400000, 0x000000008a500000|  0%| F|  |TAMS 0x000000008a400000, 0x000000008a400000| Untracked 
| 165|0x000000008a500000, 0x000000008a500000, 0x000000008a600000|  0%| F|  |TAMS 0x000000008a500000, 0x000000008a500000| Untracked 
| 166|0x000000008a600000, 0x000000008a600000, 0x000000008a700000|  0%| F|  |TAMS 0x000000008a600000, 0x000000008a600000| Untracked 
| 167|0x000000008a700000, 0x000000008a700000, 0x000000008a800000|  0%| F|  |TAMS 0x000000008a700000, 0x000000008a700000| Untracked 
| 168|0x000000008a800000, 0x000000008a800000, 0x000000008a900000|  0%| F|  |TAMS 0x000000008a800000, 0x000000008a800000| Untracked 
| 169|0x000000008a900000, 0x000000008a900000, 0x000000008aa00000|  0%| F|  |TAMS 0x000000008a900000, 0x000000008a900000| Untracked 
| 170|0x000000008aa00000, 0x000000008aa00000, 0x000000008ab00000|  0%| F|  |TAMS 0x000000008aa00000, 0x000000008aa00000| Untracked 
| 171|0x000000008ab00000, 0x000000008ab00000, 0x000000008ac00000|  0%| F|  |TAMS 0x000000008ab00000, 0x000000008ab00000| Untracked 
| 172|0x000000008ac00000, 0x000000008ac00000, 0x000000008ad00000|  0%| F|  |TAMS 0x000000008ac00000, 0x000000008ac00000| Untracked 
| 173|0x000000008ad00000, 0x000000008ad00000, 0x000000008ae00000|  0%| F|  |TAMS 0x000000008ad00000, 0x000000008ad00000| Untracked 
| 174|0x000000008ae00000, 0x000000008ae00000, 0x000000008af00000|  0%| F|  |TAMS 0x000000008ae00000, 0x000000008ae00000| Untracked 
| 175|0x000000008af00000, 0x000000008af00000, 0x000000008b000000|  0%| F|  |TAMS 0x000000008af00000, 0x000000008af00000| Untracked 
| 176|0x000000008b000000, 0x000000008b000000, 0x000000008b100000|  0%| F|  |TAMS 0x000000008b000000, 0x000000008b000000| Untracked 
| 177|0x000000008b100000, 0x000000008b100000, 0x000000008b200000|  0%| F|  |TAMS 0x000000008b100000, 0x000000008b100000| Untracked 
| 178|0x000000008b200000, 0x000000008b200000, 0x000000008b300000|  0%| F|  |TAMS 0x000000008b200000, 0x000000008b200000| Untracked 
| 179|0x000000008b300000, 0x000000008b300000, 0x000000008b400000|  0%| F|  |TAMS 0x000000008b300000, 0x000000008b300000| Untracked 
| 180|0x000000008b400000, 0x000000008b400000, 0x000000008b500000|  0%| F|  |TAMS 0x000000008b400000, 0x000000008b400000| Untracked 
| 181|0x000000008b500000, 0x000000008b500000, 0x000000008b600000|  0%| F|  |TAMS 0x000000008b500000, 0x000000008b500000| Untracked 
| 182|0x000000008b600000, 0x000000008b600000, 0x000000008b700000|  0%| F|  |TAMS 0x000000008b600000, 0x000000008b600000| Untracked 
| 183|0x000000008b700000, 0x000000008b700000, 0x000000008b800000|  0%| F|  |TAMS 0x000000008b700000, 0x000000008b700000| Untracked 
| 184|0x000000008b800000, 0x000000008b800000, 0x000000008b900000|  0%| F|  |TAMS 0x000000008b800000, 0x000000008b800000| Untracked 
| 185|0x000000008b900000, 0x000000008b900000, 0x000000008ba00000|  0%| F|  |TAMS 0x000000008b900000, 0x000000008b900000| Untracked 
| 186|0x000000008ba00000, 0x000000008ba00000, 0x000000008bb00000|  0%| F|  |TAMS 0x000000008ba00000, 0x000000008ba00000| Untracked 
| 187|0x000000008bb00000, 0x000000008bb00000, 0x000000008bc00000|  0%| F|  |TAMS 0x000000008bb00000, 0x000000008bb00000| Untracked 
| 188|0x000000008bc00000, 0x000000008bc00000, 0x000000008bd00000|  0%| F|  |TAMS 0x000000008bc00000, 0x000000008bc00000| Untracked 
| 189|0x000000008bd00000, 0x000000008bd00000, 0x000000008be00000|  0%| F|  |TAMS 0x000000008bd00000, 0x000000008bd00000| Untracked 
| 190|0x000000008be00000, 0x000000008bedeb68, 0x000000008bf00000| 86%| E|  |TAMS 0x000000008be00000, 0x000000008be00000| Complete 
| 191|0x000000008bf00000, 0x000000008c000000, 0x000000008c000000|100%| E|CS|TAMS 0x000000008bf00000, 0x000000008bf00000| Complete 
| 192|0x000000008c000000, 0x000000008c100000, 0x000000008c100000|100%| E|CS|TAMS 0x000000008c000000, 0x000000008c000000| Complete 
| 193|0x000000008c100000, 0x000000008c200000, 0x000000008c200000|100%| E|CS|TAMS 0x000000008c100000, 0x000000008c100000| Complete 
| 194|0x000000008c200000, 0x000000008c300000, 0x000000008c300000|100%| E|CS|TAMS 0x000000008c200000, 0x000000008c200000| Complete 
| 195|0x000000008c300000, 0x000000008c400000, 0x000000008c400000|100%| E|CS|TAMS 0x000000008c300000, 0x000000008c300000| Complete 
| 196|0x000000008c400000, 0x000000008c500000, 0x000000008c500000|100%| E|CS|TAMS 0x000000008c400000, 0x000000008c400000| Complete 
| 197|0x000000008c500000, 0x000000008c600000, 0x000000008c600000|100%| E|CS|TAMS 0x000000008c500000, 0x000000008c500000| Complete 
| 198|0x000000008c600000, 0x000000008c700000, 0x000000008c700000|100%| E|CS|TAMS 0x000000008c600000, 0x000000008c600000| Complete 
| 199|0x000000008c700000, 0x000000008c800000, 0x000000008c800000|100%| E|CS|TAMS 0x000000008c700000, 0x000000008c700000| Complete 
| 200|0x000000008c800000, 0x000000008c900000, 0x000000008c900000|100%| E|CS|TAMS 0x000000008c800000, 0x000000008c800000| Complete 
| 201|0x000000008c900000, 0x000000008ca00000, 0x000000008ca00000|100%| E|CS|TAMS 0x000000008c900000, 0x000000008c900000| Complete 
| 202|0x000000008ca00000, 0x000000008cb00000, 0x000000008cb00000|100%| E|CS|TAMS 0x000000008ca00000, 0x000000008ca00000| Complete 
| 203|0x000000008cb00000, 0x000000008cc00000, 0x000000008cc00000|100%| E|CS|TAMS 0x000000008cb00000, 0x000000008cb00000| Complete 
| 204|0x000000008cc00000, 0x000000008cd00000, 0x000000008cd00000|100%| E|CS|TAMS 0x000000008cc00000, 0x000000008cc00000| Complete 
| 205|0x000000008cd00000, 0x000000008cdfdf38, 0x000000008ce00000| 99%| S|CS|TAMS 0x000000008cd00000, 0x000000008cd00000| Complete 
| 206|0x000000008ce00000, 0x000000008cf00000, 0x000000008cf00000|100%| E|CS|TAMS 0x000000008ce00000, 0x000000008ce00000| Complete 
| 207|0x000000008cf00000, 0x000000008d000000, 0x000000008d000000|100%| E|CS|TAMS 0x000000008cf00000, 0x000000008cf00000| Complete 
| 208|0x000000008d000000, 0x000000008d100000, 0x000000008d100000|100%| E|CS|TAMS 0x000000008d000000, 0x000000008d000000| Complete 
| 209|0x000000008d100000, 0x000000008d200000, 0x000000008d200000|100%| E|CS|TAMS 0x000000008d100000, 0x000000008d100000| Complete 
| 210|0x000000008d200000, 0x000000008d300000, 0x000000008d300000|100%| E|CS|TAMS 0x000000008d200000, 0x000000008d200000| Complete 
| 211|0x000000008d300000, 0x000000008d400000, 0x000000008d400000|100%| E|CS|TAMS 0x000000008d300000, 0x000000008d300000| Complete 
| 212|0x000000008d400000, 0x000000008d500000, 0x000000008d500000|100%| E|CS|TAMS 0x000000008d400000, 0x000000008d400000| Complete 
| 213|0x000000008d500000, 0x000000008d600000, 0x000000008d600000|100%| E|CS|TAMS 0x000000008d500000, 0x000000008d500000| Complete 
| 214|0x000000008d600000, 0x000000008d700000, 0x000000008d700000|100%| E|CS|TAMS 0x000000008d600000, 0x000000008d600000| Complete 
| 215|0x000000008d700000, 0x000000008d800000, 0x000000008d800000|100%| E|CS|TAMS 0x000000008d700000, 0x000000008d700000| Complete 
| 216|0x000000008d800000, 0x000000008d900000, 0x000000008d900000|100%| E|CS|TAMS 0x000000008d800000, 0x000000008d800000| Complete 
| 217|0x000000008d900000, 0x000000008da00000, 0x000000008da00000|100%| E|CS|TAMS 0x000000008d900000, 0x000000008d900000| Complete 
| 218|0x000000008da00000, 0x000000008db00000, 0x000000008db00000|100%| E|CS|TAMS 0x000000008da00000, 0x000000008da00000| Complete 
| 219|0x000000008db00000, 0x000000008dc00000, 0x000000008dc00000|100%| E|CS|TAMS 0x000000008db00000, 0x000000008db00000| Complete 
| 220|0x000000008dc00000, 0x000000008dd00000, 0x000000008dd00000|100%| E|CS|TAMS 0x000000008dc00000, 0x000000008dc00000| Complete 
| 221|0x000000008dd00000, 0x000000008de00000, 0x000000008de00000|100%| E|CS|TAMS 0x000000008dd00000, 0x000000008dd00000| Complete 
| 222|0x000000008de00000, 0x000000008df00000, 0x000000008df00000|100%| E|CS|TAMS 0x000000008de00000, 0x000000008de00000| Complete 
| 223|0x000000008df00000, 0x000000008e000000, 0x000000008e000000|100%| E|CS|TAMS 0x000000008df00000, 0x000000008df00000| Complete 

Card table byte_map: [0x00000276d6d30000,0x00000276d7130000] _byte_map_base: 0x00000276d6930000

Marking Bits (Prev, Next): (CMBitMap*) 0x00000276c3b2c500, (CMBitMap*) 0x00000276c3b2c4c8
 Prev Bits: [0x00000276d9530000, 0x00000276db530000)
 Next Bits: [0x00000276d7530000, 0x00000276d9530000)

Polling page: 0x00000276c1a50000

Metaspace:

Usage:
  Non-class:     22.69 MB capacity,    22.32 MB ( 98%) used,   337.77 KB (  1%) free+waste,    50.31 KB ( <1%) overhead. 
      Class:      3.58 MB capacity,     3.34 MB ( 93%) used,   225.21 KB (  6%) free+waste,    25.69 KB ( <1%) overhead. 
       Both:     26.28 MB capacity,    25.65 MB ( 98%) used,   562.98 KB (  2%) free+waste,    76.00 KB ( <1%) overhead. 

Virtual space:
  Non-class space:       24.00 MB reserved,      22.92 MB ( 96%) committed 
      Class space:        1.00 GB reserved,       3.70 MB ( <1%) committed 
             Both:        1.02 GB reserved,      26.62 MB (  3%) committed 

Chunk freelists:
   Non-Class:  39.00 KB
       Class:  12.00 KB
        Both:  51.00 KB

MaxMetaspaceSize: 17179869184.00 GB
CompressedClassSpaceSize: 1.00 GB
Initial GC threshold: 20.80 MB
Current GC threshold: 35.20 MB
CDS: off

CodeHeap 'non-profiled nmethods': size=120000Kb used=1172Kb max_used=1172Kb free=118827Kb
 bounds [0x00000276cf0d0000, 0x00000276cf340000, 0x00000276d6600000]
CodeHeap 'profiled nmethods': size=120000Kb used=4773Kb max_used=4773Kb free=115226Kb
 bounds [0x00000276c7ba0000, 0x00000276c8050000, 0x00000276cf0d0000]
CodeHeap 'non-nmethods': size=5760Kb used=1224Kb max_used=1245Kb free=4535Kb
 bounds [0x00000276c7600000, 0x00000276c7870000, 0x00000276c7ba0000]
 total_blobs=2777 nmethods=2271 adapters=418
 compilation: enabled
              stopped_count=0, restarted_count=0
 full_count=0

Compilation events (20 events):
Event: 6.152 Thread 0x00000276de88b800 2250       3       java.util.Collections$EmptyMap::entrySet (4 bytes)
Event: 6.152 Thread 0x00000276de88b800 nmethod 2250 0x00000276c803fb90 code [0x00000276c803fd40, 0x00000276c803fe98]
Event: 6.179 Thread 0x00000276e12fb800 2251       4       java.util.ArrayList::<init> (12 bytes)
Event: 6.182 Thread 0x00000276e12fb800 nmethod 2251 0x00000276cf1f0a10 code [0x00000276cf1f0ba0, 0x00000276cf1f0cd8]
Event: 6.196 Thread 0x00000276de88b800 2252       3       jdk.internal.loader.ClassLoaders::platformClassLoader (4 bytes)
Event: 6.196 Thread 0x00000276de88b800 nmethod 2252 0x00000276c803ff90 code [0x00000276c8040140, 0x00000276c8040238]
Event: 6.206 Thread 0x00000276de88b800 2253       3       sun.invoke.util.BytecodeDescriptor::unparseMethod (66 bytes)
Event: 6.207 Thread 0x00000276de88b800 nmethod 2253 0x00000276c8040290 code [0x00000276c8040500, 0x00000276c8040da8]
Event: 6.208 Thread 0x00000276de88b800 2254       3       java.util.LinkedHashMap::values (25 bytes)
Event: 6.208 Thread 0x00000276e12fb800 2257       4       java.util.HashMap$HashIterator::nextNode (100 bytes)
Event: 6.208 Thread 0x00000276de88b800 nmethod 2254 0x00000276c8041110 code [0x00000276c80412e0, 0x00000276c8041658]
Event: 6.208 Thread 0x00000276de88b800 2255       3       java.util.LinkedHashMap$LinkedValues::iterator (12 bytes)
Event: 6.209 Thread 0x00000276de88b800 nmethod 2255 0x00000276c8041790 code [0x00000276c8041960, 0x00000276c8041cf8]
Event: 6.209 Thread 0x00000276de88b800 2256       3       java.lang.PublicMethods$Key::hashCode (19 bytes)
Event: 6.209 Thread 0x00000276de88b800 nmethod 2256 0x00000276c8041e10 code [0x00000276c8041fe0, 0x00000276c8042158]
Event: 6.214 Thread 0x00000276e12fb800 nmethod 2257 0x00000276cf1f0d90 code [0x00000276cf1f0f20, 0x00000276cf1f12f8]
Event: 6.214 Thread 0x00000276e12fb800 2258       4       java.lang.reflect.ProxyGenerator$ConstantPool::getIndirect (63 bytes)
Event: 6.220 Thread 0x00000276de88b800 2259       3       java.lang.invoke.DirectMethodHandle$Holder::invokeStatic (20 bytes)
Event: 6.220 Thread 0x00000276de88b800 nmethod 2259 0x00000276c8042210 code [0x00000276c80423e0, 0x00000276c80428b8]
Event: 6.220 Thread 0x00000276de88b800 2260       3       java.lang.StringConcatHelper::prepend (16 bytes)

GC Heap History (6 events):
Event: 1.463 GC heap before
{Heap before GC invocations=0 (full 0):
 garbage-first heap   total 229376K, used 29696K [0x0000000080000000, 0x0000000100000000)
  region size 1024K, 24 young (24576K), 0 survivors (0K)
 Metaspace       used 10127K, capacity 10333K, committed 10624K, reserved 1058816K
  class space    used 1035K, capacity 1108K, committed 1152K, reserved 1048576K
}
Event: 1.471 GC heap after
{Heap after GC invocations=1 (full 0):
 garbage-first heap   total 229376K, used 9279K [0x0000000080000000, 0x0000000100000000)
  region size 1024K, 3 young (3072K), 3 survivors (3072K)
 Metaspace       used 10127K, capacity 10333K, committed 10624K, reserved 1058816K
  class space    used 1035K, capacity 1108K, committed 1152K, reserved 1048576K
}
Event: 5.282 GC heap before
{Heap before GC invocations=1 (full 0):
 garbage-first heap   total 229376K, used 106559K [0x0000000080000000, 0x0000000100000000)
  region size 1024K, 99 young (101376K), 3 survivors (3072K)
 Metaspace       used 20786K, capacity 21193K, committed 21296K, reserved 1069056K
  class space    used 2528K, capacity 2687K, committed 2688K, reserved 1048576K
}
Event: 5.301 GC heap after
{Heap after GC invocations=2 (full 0):
 garbage-first heap   total 229376K, used 17096K [0x0000000080000000, 0x0000000100000000)
  region size 1024K, 11 young (11264K), 11 survivors (11264K)
 Metaspace       used 20786K, capacity 21193K, committed 21296K, reserved 1069056K
  class space    used 2528K, capacity 2687K, committed 2688K, reserved 1048576K
}
Event: 5.607 GC heap before
{Heap before GC invocations=3 (full 0):
 garbage-first heap   total 229376K, used 35528K [0x0000000080000000, 0x0000000100000000)
  region size 1024K, 29 young (29696K), 11 survivors (11264K)
 Metaspace       used 22527K, capacity 23042K, committed 23292K, reserved 1069056K
  class space    used 2834K, capacity 3033K, committed 3148K, reserved 1048576K
}
Event: 5.617 GC heap after
{Heap after GC invocations=4 (full 0):
 garbage-first heap   total 229376K, used 17721K [0x0000000080000000, 0x0000000100000000)
  region size 1024K, 1 young (1024K), 1 survivors (1024K)
 Metaspace       used 22527K, capacity 23042K, committed 23292K, reserved 1069056K
  class space    used 2834K, capacity 3033K, committed 3148K, reserved 1048576K
}

Deoptimization events (20 events):
Event: 4.962 Thread 0x00000276dffdd000 Uncommon trap: trap_request=0xffffff4d fr.pc=0x00000276cf14ef64 relative=0x00000000000005a4
Event: 4.962 Thread 0x00000276dffdd000 Uncommon trap: reason=unstable_if action=reinterpret pc=0x00000276cf14ef64 method=java.io.File.getName()Ljava/lang/String; @ 16 c2
Event: 4.962 Thread 0x00000276dffdd000 DEOPT PACKING pc=0x00000276cf14ef64 sp=0x000000eb0befcfe0
Event: 4.962 Thread 0x00000276dffdd000 DEOPT UNPACKING pc=0x00000276c764a1af sp=0x000000eb0befcfb0 mode 2
Event: 4.962 Thread 0x00000276dffdd000 Uncommon trap: trap_request=0xffffff4d fr.pc=0x00000276cf14c2ac relative=0x00000000000004ec
Event: 4.962 Thread 0x00000276dffdd000 Uncommon trap: reason=unstable_if action=reinterpret pc=0x00000276cf14c2ac method=java.lang.String.substring(I)Ljava/lang/String; @ 34 c2
Event: 4.962 Thread 0x00000276dffdd000 DEOPT PACKING pc=0x00000276cf14c2ac sp=0x000000eb0befcf60
Event: 4.962 Thread 0x00000276dffdd000 DEOPT UNPACKING pc=0x00000276c764a1af sp=0x000000eb0befcf38 mode 2
Event: 5.429 Thread 0x00000276dffdd000 Uncommon trap: trap_request=0xffffff4d fr.pc=0x00000276cf1b9f18 relative=0x0000000000000398
Event: 5.429 Thread 0x00000276dffdd000 Uncommon trap: reason=unstable_if action=reinterpret pc=0x00000276cf1b9f18 method=jdk.internal.org.objectweb.asm.Type.getArgumentsAndReturnSizes(Ljava/lang/String;)I @ 88 c2
Event: 5.429 Thread 0x00000276dffdd000 DEOPT PACKING pc=0x00000276cf1b9f18 sp=0x000000eb0bef9ad0
Event: 5.429 Thread 0x00000276dffdd000 DEOPT UNPACKING pc=0x00000276c764a1af sp=0x000000eb0bef9a58 mode 2
Event: 5.732 Thread 0x00000276dffdd000 Uncommon trap: trap_request=0xffffff4d fr.pc=0x00000276cf12987c relative=0x000000000000023c
Event: 5.732 Thread 0x00000276dffdd000 Uncommon trap: reason=unstable_if action=reinterpret pc=0x00000276cf12987c method=java.util.concurrent.ConcurrentHashMap.get(Ljava/lang/Object;)Ljava/lang/Object; @ 76 c2
Event: 5.732 Thread 0x00000276dffdd000 DEOPT PACKING pc=0x00000276cf12987c sp=0x000000eb0bef8cd0
Event: 5.732 Thread 0x00000276dffdd000 DEOPT UNPACKING pc=0x00000276c764a1af sp=0x000000eb0bef8c38 mode 2
Event: 5.774 Thread 0x00000276dffdd000 Uncommon trap: trap_request=0xffffffcc fr.pc=0x00000276cf1d80e8 relative=0x0000000000000328
Event: 5.774 Thread 0x00000276dffdd000 Uncommon trap: reason=intrinsic_or_type_checked_inlining action=make_not_entrant pc=0x00000276cf1d80e8 method=java.util.Arrays.copyOf([Ljava/lang/Object;ILjava/lang/Class;)[Ljava/lang/Object; @ 35 c2
Event: 5.774 Thread 0x00000276dffdd000 DEOPT PACKING pc=0x00000276cf1d80e8 sp=0x000000eb0befb220
Event: 5.774 Thread 0x00000276dffdd000 DEOPT UNPACKING pc=0x00000276c764a1af sp=0x000000eb0befb1b0 mode 2

Classes redefined (0 events):
No events

Internal exceptions (20 events):
Event: 4.753 Thread 0x00000276dffdd000 Exception <a 'java/lang/NoSuchMethodError'{0x0000000089524720}: 'void java.lang.invoke.DirectMethodHandle$Holder.invokeStaticInit(java.lang.Object)'> (0x0000000089524720) thrown at [src/hotspot/share/interpreter/linkResolver.cpp, line 773]
Event: 4.778 Thread 0x00000276dffdd000 Exception <a 'java/lang/NoSuchMethodError'{0x00000000895dee58}: 'java.lang.Object java.lang.invoke.DirectMethodHandle$Holder.invokeStatic(java.lang.Object, java.lang.Object, java.lang.Object, int)'> (0x00000000895dee58) thrown at [src/hotspot/share/interpreter/linkResolver.cpp, line 773]
Event: 4.779 Thread 0x00000276dffdd000 Exception <a 'java/lang/NoSuchMethodError'{0x00000000895e3020}: 'java.lang.Object java.lang.invoke.DirectMethodHandle$Holder.invokeSpecial(java.lang.Object, java.lang.Object, java.lang.Object, java.lang.Object, int)'> (0x00000000895e3020) thrown at [src/hotspot/share/interpreter/linkResolver.cpp, line 773]
Event: 4.779 Thread 0x00000276dffdd000 Exception <a 'java/lang/NoSuchMethodError'{0x00000000895e6a08}: 'java.lang.Object java.lang.invoke.Invokers$Holder.linkToTargetMethod(java.lang.Object, java.lang.Object, int, java.lang.Object)'> (0x00000000895e6a08) thrown at [src/hotspot/share/interpreter/linkResolver.cpp, line 773]
Event: 4.996 Thread 0x00000276dffdd000 Exception <a 'java/lang/NoSuchMethodError'{0x0000000088b18408}: 'java.lang.Object java.lang.invoke.Invokers$Holder.linkToTargetMethod(java.lang.Object, java.lang.Object, java.lang.Object, java.lang.Object, java.lang.Object, java.lang.Object)'> (0x0000000088b18408) thrown at [src/hotspot/share/interpreter/linkResolver.cpp, line 773]
Event: 5.332 Thread 0x00000276dffdd000 Exception <a 'java/lang/NoSuchMethodError'{0x000000008dfde4a8}: 'int java.lang.invoke.DirectMethodHandle$Holder.invokeSpecialIFC(java.lang.Object, java.lang.Object, java.lang.Object, java.lang.Object)'> (0x000000008dfde4a8) thrown at [src/hotspot/share/interpreter/linkResolver.cpp, line 773]
Event: 5.335 Thread 0x00000276dffdd000 Exception <a 'java/lang/NoSuchMethodError'{0x000000008dfec460}: 'java.lang.Object java.lang.invoke.DirectMethodHandle$Holder.invokeInterface(java.lang.Object, java.lang.Object, java.lang.Object)'> (0x000000008dfec460) thrown at [src/hotspot/share/interpreter/linkResolver.cpp, line 773]
Event: 5.336 Thread 0x00000276dffdd000 Exception <a 'java/lang/IncompatibleClassChangeError'{0x000000008dfef938}: Found class java.lang.Object, but interface was expected> (0x000000008dfef938) thrown at [src/hotspot/share/interpreter/linkResolver.cpp, line 839]
Event: 5.496 Thread 0x00000276dffdd000 Exception <a 'java/lang/NoSuchMethodError'{0x000000008d7be540}: 'void java.lang.invoke.DirectMethodHandle$Holder.invokeSpecial(java.lang.Object, java.lang.Object, java.lang.Object, java.lang.Object, java.lang.Object)'> (0x000000008d7be540) thrown at [src/hotspot/share/interpreter/linkResolver.cpp, line 773]
Event: 5.530 Thread 0x00000276dffdd000 Exception <a 'java/lang/NoSuchMethodError'{0x000000008d5f60d8}: 'java.lang.Object java.lang.invoke.DirectMethodHandle$Holder.invokeSpecial(java.lang.Object, java.lang.Object, java.lang.Object, java.lang.Object, java.lang.Object, java.lang.Object, java.lang.Object, java.lang.Object, java.lang.Object)'> (0x000000008d5f60d8) thrown at [src/hotspot/share/interpreter/linkResolver.cpp, line 773]
Event: 5.649 Thread 0x00000276dffdd000 Exception <a 'java/lang/NoSuchMethodError'{0x000000008dc01800}: 'java.lang.Object java.lang.invoke.DirectMethodHandle$Holder.invokeVirtual(java.lang.Object, java.lang.Object, java.lang.Object, java.lang.Object)'> (0x000000008dc01800) thrown at [src/hotspot/share/interpreter/linkResolver.cpp, line 773]
Event: 5.800 Thread 0x00000276dffdd000 Exception <a 'java/lang/NoSuchMethodError'{0x000000008d696cd8}: 'void java.lang.invoke.DirectMethodHandle$Holder.invokeSpecial(java.lang.Object, java.lang.Object, java.lang.Object, java.lang.Object, java.lang.Object, java.lang.Object)'> (0x000000008d696cd8) thrown at [src/hotspot/share/interpreter/linkResolver.cpp, line 773]
Event: 5.807 Thread 0x00000276dffdd000 Exception <a 'java/lang/NoSuchMethodError'{0x000000008d6c5028}: 'java.lang.Object java.lang.invoke.DirectMethodHandle$Holder.invokeSpecial(java.lang.Object, java.lang.Object, java.lang.Object, java.lang.Object, java.lang.Object, java.lang.Object, java.lang.Object, java.lang.Object, int, int)'> (0x000000008d6c5028) thrown at [src/hotspot/share/interpreter/linkResolver.cpp, line 773]
Event: 5.809 Thread 0x00000276dffdd000 Exception <a 'java/lang/NoSuchMethodError'{0x000000008d6e1918}: 'java.lang.Object java.lang.invoke.Invokers$Holder.linkToTargetMethod(java.lang.Object, java.lang.Object, java.lang.Object, java.lang.Object, java.lang.Object, java.lang.Object, java.lang.Object)'> (0x000000008d6e1918) thrown at [src/hotspot/share/interpreter/linkResolver.cpp, line 773]
Event: 5.843 Thread 0x00000276dffdd000 Exception <a 'java/lang/NoSuchMethodError'{0x000000008d420d48}: 'void java.lang.invoke.DirectMethodHandle$Holder.invokeSpecial(java.lang.Object, java.lang.Object, java.lang.Object, java.lang.Object, java.lang.Object, java.lang.Object, java.lang.Object)'> (0x000000008d420d48) thrown at [src/hotspot/share/interpreter/linkResolver.cpp, line 773]
Event: 5.848 Thread 0x00000276dffdd000 Exception <a 'java/lang/NoSuchMethodError'{0x000000008d463cb8}: 'java.lang.Object java.lang.invoke.DirectMethodHandle$Holder.invokeStatic(java.lang.Object, java.lang.Object, java.lang.Object, int, java.lang.Object, java.lang.Object)'> (0x000000008d463cb8) thrown at [src/hotspot/share/interpreter/linkResolver.cpp, line 773]
Event: 5.849 Thread 0x00000276dffdd000 Exception <a 'java/lang/NoSuchMethodError'{0x000000008d46b3c8}: 'java.lang.Object java.lang.invoke.Invokers$Holder.linkToTargetMethod(java.lang.Object, java.lang.Object, int, java.lang.Object, java.lang.Object, java.lang.Object)'> (0x000000008d46b3c8) thrown at [src/hotspot/share/interpreter/linkResolver.cpp, line 773]
Event: 5.875 Thread 0x00000276dffdd000 Exception <a 'java/lang/NoSuchMethodError'{0x000000008d21d660}: 'java.lang.Object java.lang.invoke.DirectMethodHandle$Holder.invokeVirtual(java.lang.Object, java.lang.Object, java.lang.Object, java.lang.Object, java.lang.Object, java.lang.Object, java.lang.Object, java.lang.Object, java.lang.Object, java.lang.Object, java.lang.Object, java.lang.Object, java.lang.Object, java.lang.Object, java.lang.Object, java.lang.Object, java.lang.Object, java.lang.Object, java.lang.Object, java.lang.Object, java.lang.Ob
Event: 5.973 Thread 0x00000276dffdd000 Exception <a 'java/lang/NoSuchMethodError'{0x000000008c959a00}: 'int java.lang.invoke.DirectMethodHandle$Holder.invokeStaticInit(java.lang.Object, java.lang.Object, java.lang.Object)'> (0x000000008c959a00) thrown at [src/hotspot/share/interpreter/linkResolver.cpp, line 773]
Event: 6.120 Thread 0x00000276dffdd000 Exception <a 'java/lang/NoSuchMethodError'{0x000000008c408bd8}: 'void java.lang.invoke.DirectMethodHandle$Holder.invokeStaticInit(java.lang.Object, java.lang.Object)'> (0x000000008c408bd8) thrown at [src/hotspot/share/interpreter/linkResolver.cpp, line 773]

Events (20 events):
Event: 6.214 loading class com/google/common/util/concurrent/AbstractFuture$TrustedFuture
Event: 6.214 loading class com/google/common/util/concurrent/AbstractFuture$TrustedFuture done
Event: 6.215 loading class com/google/common/util/concurrent/AbstractFuture$Trusted
Event: 6.215 loading class com/google/common/util/concurrent/AbstractFuture$Trusted done
Event: 6.215 loading class com/google/common/util/concurrent/AbstractFuture
Event: 6.215 loading class com/google/common/util/concurrent/AbstractFuture done
Event: 6.217 loading class com/google/common/util/concurrent/internal/InternalFutureFailureAccess
Event: 6.217 loading class com/google/common/util/concurrent/internal/InternalFutureFailureAccess done
Event: 6.217 loading class com/google/common/util/concurrent/AbstractFuture$AtomicHelper
Event: 6.217 loading class com/google/common/util/concurrent/AbstractFuture$AtomicHelper done
Event: 6.218 loading class com/google/common/util/concurrent/AbstractFuture$UnsafeAtomicHelper
Event: 6.218 loading class com/google/common/util/concurrent/AbstractFuture$UnsafeAtomicHelper done
Event: 6.218 loading class com/google/common/util/concurrent/AbstractFuture$SafeAtomicHelper
Event: 6.218 loading class com/google/common/util/concurrent/AbstractFuture$SafeAtomicHelper done
Event: 6.219 loading class com/google/common/util/concurrent/AbstractFuture$SynchronizedHelper
Event: 6.219 loading class com/google/common/util/concurrent/AbstractFuture$SynchronizedHelper done
Event: 6.219 loading class java/util/concurrent/TimeoutException
Event: 6.219 loading class java/util/concurrent/TimeoutException done
Event: 6.219 loading class java/util/concurrent/CancellationException
Event: 6.219 loading class java/util/concurrent/CancellationException done


Dynamic libraries:
0x00007ff6498f0000 - 0x00007ff6498fa000 	C:\Program Files\Android\Android Studio\jbr\bin\java.exe
0x00007ffd00e10000 - 0x00007ffd01024000 	C:\WINDOWS\SYSTEM32\ntdll.dll
0x00007ffcff630000 - 0x00007ffcff6f3000 	C:\WINDOWS\System32\KERNEL32.DLL
0x00007ffcfe880000 - 0x00007ffcfec1c000 	C:\WINDOWS\System32\KERNELBASE.dll
0x000000005cd90000 - 0x000000005ce23000 	C:\WINDOWS\System32\SYSFER.DLL
0x00007ffcfe3c0000 - 0x00007ffcfe4d1000 	C:\WINDOWS\System32\ucrtbase.dll
0x00007ffcb7df0000 - 0x00007ffcb7e07000 	C:\Program Files\Android\Android Studio\jbr\bin\jli.dll
0x00007ffcfed40000 - 0x00007ffcfeeed000 	C:\WINDOWS\System32\USER32.dll
0x00007ffcfe390000 - 0x00007ffcfe3b6000 	C:\WINDOWS\System32\win32u.dll
0x00007ffce7cb0000 - 0x00007ffce7f3e000 	C:\WINDOWS\WinSxS\amd64_microsoft.windows.common-controls_6595b64144ccf1df_6.0.22621.608_none_a9444ca7c10bb01d\COMCTL32.dll
0x00007ffd00a60000 - 0x00007ffd00a89000 	C:\WINDOWS\System32\GDI32.dll
0x00007ffcff1c0000 - 0x00007ffcff267000 	C:\WINDOWS\System32\msvcrt.dll
0x00007ffcfe760000 - 0x00007ffcfe872000 	C:\WINDOWS\System32\gdi32full.dll
0x00007ffcfe4e0000 - 0x00007ffcfe57a000 	C:\WINDOWS\System32\msvcp_win.dll
0x00007ffcb7b80000 - 0x00007ffcb7b9b000 	C:\Program Files\Android\Android Studio\jbr\bin\VCRUNTIME140.dll
0x00007ffcff350000 - 0x00007ffcff382000 	C:\WINDOWS\System32\IMM32.DLL
0x00007ffceb7b0000 - 0x00007ffceb7bc000 	C:\Program Files\Android\Android Studio\jbr\bin\vcruntime140_1.dll
0x00007ffcb58b0000 - 0x00007ffcb593d000 	C:\Program Files\Android\Android Studio\jbr\bin\msvcp140.dll
0x00007ffcc0e80000 - 0x00007ffcc1a3c000 	C:\Program Files\Android\Android Studio\jbr\bin\server\jvm.dll
0x00007ffcfec90000 - 0x00007ffcfed3e000 	C:\WINDOWS\System32\ADVAPI32.dll
0x00007ffcffd80000 - 0x00007ffcffe24000 	C:\WINDOWS\System32\sechost.dll
0x00007ffcff4c0000 - 0x00007ffcff5d5000 	C:\WINDOWS\System32\RPCRT4.dll
0x00007ffcff010000 - 0x00007ffcff018000 	C:\WINDOWS\System32\PSAPI.DLL
0x00007ffcf8ec0000 - 0x00007ffcf8ec9000 	C:\WINDOWS\SYSTEM32\WSOCK32.dll
0x00007ffcff3b0000 - 0x00007ffcff421000 	C:\WINDOWS\System32\WS2_32.dll
0x00007ffcf76c0000 - 0x00007ffcf76f4000 	C:\WINDOWS\SYSTEM32\WINMM.dll
0x00007ffcf5950000 - 0x00007ffcf595a000 	C:\WINDOWS\SYSTEM32\VERSION.dll
0x00007ffcfd2a0000 - 0x00007ffcfd2b8000 	C:\WINDOWS\SYSTEM32\kernel.appcore.dll
0x00007ffcf8eb0000 - 0x00007ffcf8ec0000 	C:\Program Files\Android\Android Studio\jbr\bin\verify.dll
0x00007ffceb8a0000 - 0x00007ffcebace000 	C:\WINDOWS\SYSTEM32\DBGHELP.DLL
0x00007ffd00620000 - 0x00007ffd009aa000 	C:\WINDOWS\System32\combase.dll
0x00007ffcff270000 - 0x00007ffcff347000 	C:\WINDOWS\System32\OLEAUT32.dll
0x00007ffce9c30000 - 0x00007ffce9c62000 	C:\WINDOWS\SYSTEM32\dbgcore.DLL
0x00007ffcfe310000 - 0x00007ffcfe38b000 	C:\WINDOWS\System32\bcryptPrimitives.dll
0x00007ffce70f0000 - 0x00007ffce7118000 	C:\Program Files\Android\Android Studio\jbr\bin\java.dll
0x00007ffcf8ea0000 - 0x00007ffcf8eaa000 	C:\Program Files\Android\Android Studio\jbr\bin\jimage.dll
0x00007ffcf6490000 - 0x00007ffcf64a8000 	C:\Program Files\Android\Android Studio\jbr\bin\zip.dll
0x00007ffcffe30000 - 0x00007ffd0061f000 	C:\WINDOWS\System32\SHELL32.dll
0x00007ffcfc270000 - 0x00007ffcfcb38000 	C:\WINDOWS\SYSTEM32\windows.storage.dll
0x00007ffcfc130000 - 0x00007ffcfc26e000 	C:\WINDOWS\SYSTEM32\wintypes.dll
0x00007ffcfef10000 - 0x00007ffcff001000 	C:\WINDOWS\System32\SHCORE.dll
0x00007ffd00d70000 - 0x00007ffd00dce000 	C:\WINDOWS\System32\shlwapi.dll
0x00007ffcfe180000 - 0x00007ffcfe1a1000 	C:\WINDOWS\SYSTEM32\profapi.dll
0x00007ffcef8a0000 - 0x00007ffcef8b9000 	C:\Program Files\Android\Android Studio\jbr\bin\net.dll
0x00007ffcf65a0000 - 0x00007ffcf66cf000 	C:\WINDOWS\SYSTEM32\WINHTTP.dll
0x00007ffcfd710000 - 0x00007ffcfd779000 	C:\WINDOWS\system32\mswsock.dll
0x00007ffcee9b0000 - 0x00007ffcee9c3000 	C:\Program Files\Android\Android Studio\jbr\bin\nio.dll
0x00007ffcb6770000 - 0x00007ffcb6797000 	C:\Users\HP\.gradle\native\e1d6ef7f7dcc3fd88c89a11ec53ec762bb8ba0a96d01ffa2cd45eb1d1d8dd5c5\windows-amd64\native-platform.dll
0x00007ffca2720000 - 0x00007ffca2864000 	C:\Users\HP\.gradle\native\0d407fdbe67a94daf76414ababcb853783967236a71b16ec16e742cd7a986fd3\windows-amd64\native-platform-file-events.dll
0x00007ffcf8e90000 - 0x00007ffcf8e9a000 	C:\Program Files\Android\Android Studio\jbr\bin\management.dll
0x00007ffceb5c0000 - 0x00007ffceb5cb000 	C:\Program Files\Android\Android Studio\jbr\bin\management_ext.dll
0x00007ffcfd960000 - 0x00007ffcfd97b000 	C:\WINDOWS\SYSTEM32\CRYPTSP.dll
0x00007ffcfd210000 - 0x00007ffcfd245000 	C:\WINDOWS\system32\rsaenh.dll
0x00007ffcfd800000 - 0x00007ffcfd828000 	C:\WINDOWS\SYSTEM32\USERENV.dll
0x00007ffcfdb20000 - 0x00007ffcfdb48000 	C:\WINDOWS\SYSTEM32\bcrypt.dll
0x00007ffcfd980000 - 0x00007ffcfd98c000 	C:\WINDOWS\SYSTEM32\CRYPTBASE.dll
0x00007ffcfcd90000 - 0x00007ffcfcdbd000 	C:\WINDOWS\SYSTEM32\IPHLPAPI.DLL
0x00007ffcff3a0000 - 0x00007ffcff3a9000 	C:\WINDOWS\System32\NSI.dll
0x00007ffcf5ac0000 - 0x00007ffcf5ad9000 	C:\WINDOWS\SYSTEM32\dhcpcsvc6.DLL
0x00007ffcf5aa0000 - 0x00007ffcf5abf000 	C:\WINDOWS\SYSTEM32\dhcpcsvc.DLL
0x00007ffcfce00000 - 0x00007ffcfcef3000 	C:\WINDOWS\SYSTEM32\DNSAPI.dll

dbghelp: loaded successfully - version: 4.0.5 - missing functions: none
symbol engine: initialized successfully - sym options: 0x614 - pdb path: .;C:\Program Files\Android\Android Studio\jbr\bin;C:\WINDOWS\SYSTEM32;C:\WINDOWS\WinSxS\amd64_microsoft.windows.common-controls_6595b64144ccf1df_6.0.22621.608_none_a9444ca7c10bb01d;C:\Program Files\Android\Android Studio\jbr\bin\server;C:\Users\HP\.gradle\native\e1d6ef7f7dcc3fd88c89a11ec53ec762bb8ba0a96d01ffa2cd45eb1d1d8dd5c5\windows-amd64;C:\Users\HP\.gradle\native\0d407fdbe67a94daf76414ababcb853783967236a71b16ec16e742cd7a986fd3\windows-amd64

VM Arguments:
jvm_args: --add-opens=java.base/java.util=ALL-UNNAMED --add-opens=java.base/java.lang=ALL-UNNAMED --add-opens=java.base/java.lang.invoke=ALL-UNNAMED --add-opens=java.base/java.util=ALL-UNNAMED --add-opens=java.prefs/java.util.prefs=ALL-UNNAMED --add-opens=java.prefs/java.util.prefs=ALL-UNNAMED --add-opens=java.base/java.nio.charset=ALL-UNNAMED --add-opens=java.base/java.net=ALL-UNNAMED --add-opens=java.base/java.util.concurrent.atomic=ALL-UNNAMED -Xmx2048m -Dfile.encoding=UTF-8 -Duser.country=IN -Duser.language=en -Duser.variant 
java_command: org.gradle.launcher.daemon.bootstrap.GradleDaemon 7.5
java_class_path (initial): C:\Users\HP\.gradle\wrapper\dists\gradle-7.5-bin\f1w0cc9nuo0eivz97x2xlu9sv\gradle-7.5\lib\gradle-launcher-7.5.jar
Launcher Type: SUN_STANDARD

[Global flags]
     intx CICompilerCount                          = 4                                         {product} {ergonomic}
     uint ConcGCThreads                            = 2                                         {product} {ergonomic}
     uint G1ConcRefinementThreads                  = 8                                         {product} {ergonomic}
   size_t G1HeapRegionSize                         = 1048576                                   {product} {ergonomic}
    uintx GCDrainStackTargetSize                   = 64                                        {product} {ergonomic}
   size_t InitialHeapSize                          = 234881024                                 {product} {ergonomic}
   size_t MarkStackSize                            = 4194304                                   {product} {ergonomic}
   size_t MaxHeapSize                              = 2147483648                                {product} {command line}
   size_t MaxNewSize                               = 1287651328                                {product} {ergonomic}
   size_t MinHeapDeltaBytes                        = 1048576                                   {product} {ergonomic}
    uintx NonNMethodCodeHeapSize                   = 5836300                                {pd product} {ergonomic}
    uintx NonProfiledCodeHeapSize                  = 122910970                              {pd product} {ergonomic}
    uintx ProfiledCodeHeapSize                     = 122910970                              {pd product} {ergonomic}
    uintx ReservedCodeCacheSize                    = 251658240                              {pd product} {ergonomic}
     bool SegmentedCodeCache                       = true                                      {product} {ergonomic}
     bool UseCompressedClassPointers               = true                                 {lp64_product} {ergonomic}
     bool UseCompressedOops                        = true                                 {lp64_product} {ergonomic}
     bool UseG1GC                                  = true                                      {product} {ergonomic}
     bool UseLargePagesIndividualAllocation        = false                                  {pd product} {ergonomic}

Logging:
Log output configuration:
 #0: stdout all=warning uptime,level,tags
 #1: stderr all=off uptime,level,tags

Environment Variables:
PATH=C:\python310\Scripts\;C:\python310\;C:\WINDOWS\system32;C:\WINDOWS;C:\WINDOWS\System32\Wbem;C:\WINDOWS\System32\WindowsPowerShell\v1.0\;C:\WINDOWS\System32\OpenSSH\;C:\MinGW\bin;C:\Program Files\nodejs\;C:\Program Files (x86)\Windows Kits\8.1\Windows Performance Toolkit\;D:\bin;C:\Program Files\Git\cmd;C:\Users\HP\AppData\Local\Microsoft\WindowsApps;;C:\Users\HP\AppData\Roaming\npm;C:\intelFPGA\20.1\modelsim_ase\win32aloem;C:\Users\HP\AppData\Local\Programs\Microsoft VS Code\bin
USERNAME=DD
OS=Windows_NT
PROCESSOR_IDENTIFIER=AMD64 Family 23 Model 24 Stepping 1, AuthenticAMD



---------------  S Y S T E M  ---------------

OS: Windows 11 , 64 bit Build 22621 (10.0.22621.1194)
OS uptime: 1 days 5:08 hours

CPU:total 8 (initial active 8) (8 cores per cpu, 2 threads per core) family 23 model 24 stepping 1 microcode 0x0, cmov, cx8, fxsr, mmx, sse, sse2, sse3, ssse3, sse4.1, sse4.2, popcnt, avx, avx2, aes, clmul, mmxext, 3dnowpref, lzcnt, sse4a, ht, tsc, tscinvbit, tscinv, bmi1, bmi2, adx, sha, fma

Memory: 4k page, system-wide physical 14212M (3768M free)
TotalPageFile size 14212M (AvailPageFile size 5M)
current process WorkingSet (physical memory assigned to process): 245M, peak: 245M
current process commit charge ("private bytes"): 386M, peak: 387M

vm_info: OpenJDK 64-Bit Server VM (11.0.15+0-b2043.56-9505619) for windows-amd64 JRE (11.0.15+0-b2043.56-9505619), built on Jan 19 2023 02:48:00 by "builduser" with unknown MS VC++:1929

END.
