#
# There is insufficient memory for the Java Runtime Environment to continue.
# Native memory allocation (malloc) failed to allocate 342096 bytes for Chunk::new
# Possible reasons:
#   The system is out of physical RAM or swap space
#   The process is running with CompressedOops enabled, and the Java Heap may be blocking the growth of the native heap
# Possible solutions:
#   Reduce memory load on the system
#   Increase physical memory or swap space
#   Check if swap backing store is full
#   Decrease Java heap size (-Xmx/-Xms)
#   Decrease number of Java threads
#   Decrease Java thread stack sizes (-Xss)
#   Set larger code cache with -XX:ReservedCodeCacheSize=
#   JVM is running with Unscaled Compressed Oops mode in which the Java heap is
#     placed in the first 4GB address space. The Java Heap base address is the
#     maximum limit for the native heap growth. Please use -XX:HeapBaseMinAddress
#     to set the Java Heap base and to place the Java Heap above 4GB virtual address.
# This output file may be truncated or incomplete.
#
#  Out of Memory Error (src/hotspot/share/memory/arena.cpp:197), pid=63944, tid=16940
#
# JRE version: OpenJDK Runtime Environment (11.0.15) (build 11.0.15+0-b2043.56-9505619)
# Java VM: OpenJDK 64-Bit Server VM (11.0.15+0-b2043.56-9505619, mixed mode, tiered, compressed oops, g1 gc, windows-amd64)
# No core dump will be written. Minidumps are not enabled by default on client versions of Windows
#

---------------  S U M M A R Y ------------

Command Line: --add-opens=java.base/java.util=ALL-UNNAMED --add-opens=java.base/java.lang=ALL-UNNAMED --add-opens=java.base/java.lang.invoke=ALL-UNNAMED --add-opens=java.base/java.util=ALL-UNNAMED --add-opens=java.prefs/java.util.prefs=ALL-UNNAMED --add-opens=java.prefs/java.util.prefs=ALL-UNNAMED --add-opens=java.base/java.nio.charset=ALL-UNNAMED --add-opens=java.base/java.net=ALL-UNNAMED --add-opens=java.base/java.util.concurrent.atomic=ALL-UNNAMED -Xmx2048m -Dfile.encoding=UTF-8 -Duser.country=IN -Duser.language=en -Duser.variant org.gradle.launcher.daemon.bootstrap.GradleDaemon 7.5

Host: AMD Ryzen 5 3450U with Radeon Vega Mobile Gfx  , 8 cores, 13G,  Windows 11 , 64 bit Build 22621 (10.0.22621.1194)
Time: Sat Mar 25 17:51:53 2023 India Standard Time elapsed time: 4.280070 seconds (0d 0h 0m 4s)

---------------  T H R E A D  ---------------

Current thread (0x000002104d211000):  JavaThread "C2 CompilerThread0" daemon [_thread_in_native, id=16940, stack(0x0000002969300000,0x0000002969400000)]


Current CompileTask:
C2:   4280 1817   !   4       java.util.concurrent.ConcurrentHashMap::putVal (432 bytes)

Stack: [0x0000002969300000,0x0000002969400000]
Native frames: (J=compiled Java code, j=interpreted, Vv=VM code, C=native code)
V  [jvm.dll+0x64135a]
V  [jvm.dll+0x7d39f9]
V  [jvm.dll+0x7d51b9]
V  [jvm.dll+0x7d58a3]
V  [jvm.dll+0x2691c5]
V  [jvm.dll+0xc1a5c]
V  [jvm.dll+0xc200c]
V  [jvm.dll+0x3774a7]
V  [jvm.dll+0x342495]
V  [jvm.dll+0x34186a]
V  [jvm.dll+0x2214bd]
V  [jvm.dll+0x220498]
V  [jvm.dll+0x19e851]
V  [jvm.dll+0x230479]
V  [jvm.dll+0x22e5ef]
V  [jvm.dll+0x794de1]
V  [jvm.dll+0x78dc24]
V  [jvm.dll+0x6400f6]
C  [ucrtbase.dll+0x29363]
C  [KERNEL32.DLL+0x126bd]
C  [ntdll.dll+0x5dfb8]


---------------  P R O C E S S  ---------------

Threads class SMR info:
_java_thread_list=0x000002104f747250, length=20, elements={
0x000002103247c800, 0x000002104c935800, 0x000002104c921800, 0x000002104c930800,
0x000002104d203800, 0x000002104d207800, 0x000002104d211000, 0x000002104d215800,
0x000002104d220000, 0x000002104d377800, 0x000002104fdab000, 0x000002104e68b000,
0x000002104d493800, 0x000002104f3a0000, 0x000002104de36000, 0x000002104fa9a800,
0x000002104dd9f000, 0x000002104fd56000, 0x000002104dfb0000, 0x00000210502b9000
}

Java Threads: ( => current thread )
  0x000002103247c800 JavaThread "main" [_thread_blocked, id=35800, stack(0x0000002968700000,0x0000002968800000)]
  0x000002104c935800 JavaThread "Reference Handler" daemon [_thread_blocked, id=82052, stack(0x0000002968e00000,0x0000002968f00000)]
  0x000002104c921800 JavaThread "Finalizer" daemon [_thread_blocked, id=41436, stack(0x0000002968f00000,0x0000002969000000)]
  0x000002104c930800 JavaThread "Signal Dispatcher" daemon [_thread_blocked, id=77516, stack(0x0000002969000000,0x0000002969100000)]
  0x000002104d203800 JavaThread "Attach Listener" daemon [_thread_blocked, id=58128, stack(0x0000002969100000,0x0000002969200000)]
  0x000002104d207800 JavaThread "Service Thread" daemon [_thread_blocked, id=56816, stack(0x0000002969200000,0x0000002969300000)]
=>0x000002104d211000 JavaThread "C2 CompilerThread0" daemon [_thread_in_native, id=16940, stack(0x0000002969300000,0x0000002969400000)]
  0x000002104d215800 JavaThread "C1 CompilerThread0" daemon [_thread_blocked, id=71744, stack(0x0000002969400000,0x0000002969500000)]
  0x000002104d220000 JavaThread "Sweeper thread" daemon [_thread_blocked, id=81592, stack(0x0000002969500000,0x0000002969600000)]
  0x000002104d377800 JavaThread "Common-Cleaner" daemon [_thread_blocked, id=70968, stack(0x0000002969600000,0x0000002969700000)]
  0x000002104fdab000 JavaThread "Daemon health stats" [_thread_blocked, id=81964, stack(0x0000002969e00000,0x0000002969f00000)]
  0x000002104e68b000 JavaThread "Incoming local TCP Connector on port 59374" [_thread_in_native, id=12324, stack(0x0000002969800000,0x0000002969900000)]
  0x000002104d493800 JavaThread "Daemon periodic checks" [_thread_blocked, id=58236, stack(0x0000002969d00000,0x0000002969e00000)]
  0x000002104f3a0000 JavaThread "Daemon" [_thread_blocked, id=55464, stack(0x0000002969f00000,0x000000296a000000)]
  0x000002104de36000 JavaThread "Handler for socket connection from /127.0.0.1:59374 to /127.0.0.1:59375" [_thread_in_native, id=58852, stack(0x000000296a000000,0x000000296a100000)]
  0x000002104fa9a800 JavaThread "Cancel handler" [_thread_blocked, id=81972, stack(0x000000296a100000,0x000000296a200000)]
  0x000002104dd9f000 JavaThread "Daemon worker" [_thread_in_vm, id=58736, stack(0x000000296a200000,0x000000296a300000)]
  0x000002104fd56000 JavaThread "Asynchronous log dispatcher for DefaultDaemonConnection: socket connection from /127.0.0.1:59374 to /127.0.0.1:59375" [_thread_blocked, id=58228, stack(0x000000296a300000,0x000000296a400000)]
  0x000002104dfb0000 JavaThread "Stdin handler" [_thread_blocked, id=71048, stack(0x000000296a400000,0x000000296a500000)]
  0x00000210502b9000 JavaThread "Daemon client event forwarder" [_thread_blocked, id=79980, stack(0x000000296a500000,0x000000296a600000)]

Other Threads:
  0x000002104c91f000 VMThread "VM Thread" [stack: 0x0000002968d00000,0x0000002968e00000] [id=55516]
  0x000002104d3db000 WatcherThread [stack: 0x0000002969700000,0x0000002969800000] [id=64344]
  0x0000021032494800 GCTaskThread "GC Thread#0" [stack: 0x0000002968800000,0x0000002968900000] [id=82584]
  0x000002104da62000 GCTaskThread "GC Thread#1" [stack: 0x0000002969900000,0x0000002969a00000] [id=80456]
  0x000002104d933800 GCTaskThread "GC Thread#2" [stack: 0x0000002969a00000,0x0000002969b00000] [id=75228]
  0x000002104e246000 GCTaskThread "GC Thread#3" [stack: 0x0000002969b00000,0x0000002969c00000] [id=82208]
  0x000002104e04b000 GCTaskThread "GC Thread#4" [stack: 0x0000002969c00000,0x0000002969d00000] [id=72236]
  0x000002104f2f5000 GCTaskThread "GC Thread#5" [stack: 0x000000296a600000,0x000000296a700000] [id=55140]
  0x00000210324c6800 ConcurrentGCThread "G1 Main Marker" [stack: 0x0000002968900000,0x0000002968a00000] [id=73168]
  0x00000210324c8800 ConcurrentGCThread "G1 Conc#0" [stack: 0x0000002968a00000,0x0000002968b00000] [id=65960]
  0x000002104ddee000 ConcurrentGCThread "G1 Conc#1" [stack: 0x000000296a700000,0x000000296a800000] [id=54944]
  0x000002104c7ee000 ConcurrentGCThread "G1 Refine#0" [stack: 0x0000002968b00000,0x0000002968c00000] [id=57268]
  0x000002104c7ef000 ConcurrentGCThread "G1 Young RemSet Sampling" [stack: 0x0000002968c00000,0x0000002968d00000] [id=57052]

Threads with active compile tasks:
C2 CompilerThread0     4347 1817   !   4       java.util.concurrent.ConcurrentHashMap::putVal (432 bytes)

VM state:not at safepoint (normal execution)

VM Mutex/Monitor currently owned by a thread: None

OutOfMemory and StackOverflow Exception counts:
OutOfMemoryError java_heap_errors=2
LinkageErrors=13

Heap address: 0x0000000080000000, size: 2048 MB, Compressed Oops mode: 32-bit
Narrow klass base: 0x0000000000000000, Narrow klass shift: 3
Compressed class space size: 1073741824 Address: 0x0000000100000000

Heap:
 garbage-first heap   total 229376K, used 23808K [0x0000000080000000, 0x0000000100000000)
  region size 1024K, 19 young (19456K), 10 survivors (10240K)
 Metaspace       used 17980K, capacity 18346K, committed 18432K, reserved 1079296K
  class space    used 2121K, capacity 2248K, committed 2304K, reserved 1048576K
Heap Regions: E=young(eden), S=young(survivor), O=old, HS=humongous(starts), HC=humongous(continues), CS=collection set, F=free, A=archive, TAMS=top-at-mark-start (previous, next)
|   0|0x0000000080000000, 0x0000000080000000, 0x0000000080100000|  0%| F|  |TAMS 0x0000000080000000, 0x0000000080000000| Untracked 
|   1|0x0000000080100000, 0x0000000080100000, 0x0000000080200000|  0%| F|  |TAMS 0x0000000080100000, 0x0000000080100000| Untracked 
|   2|0x0000000080200000, 0x0000000080200000, 0x0000000080300000|  0%| F|  |TAMS 0x0000000080200000, 0x0000000080200000| Untracked 
|   3|0x0000000080300000, 0x0000000080400000, 0x0000000080400000|100%|HS|  |TAMS 0x0000000080400000, 0x0000000080300000| Complete 
|   4|0x0000000080400000, 0x0000000080500000, 0x0000000080500000|100%|HC|  |TAMS 0x0000000080500000, 0x0000000080400000| Complete 
|   5|0x0000000080500000, 0x0000000080600000, 0x0000000080600000|100%|HC|  |TAMS 0x0000000080600000, 0x0000000080500000| Complete 
|   6|0x0000000080600000, 0x0000000080700000, 0x0000000080700000|100%| O|  |TAMS 0x0000000080700000, 0x0000000080600000| Untracked 
|   7|0x0000000080700000, 0x0000000080800000, 0x0000000080800000|100%| O|  |TAMS 0x0000000080800000, 0x0000000080700000| Untracked 
|   8|0x0000000080800000, 0x00000000808fb200, 0x0000000080900000| 98%| O|  |TAMS 0x00000000808fb200, 0x0000000080800000| Untracked 
|   9|0x0000000080900000, 0x0000000080900000, 0x0000000080a00000|  0%| F|  |TAMS 0x0000000080900000, 0x0000000080900000| Untracked 
|  10|0x0000000080a00000, 0x0000000080a00000, 0x0000000080b00000|  0%| F|  |TAMS 0x0000000080a00000, 0x0000000080a00000| Untracked 
|  11|0x0000000080b00000, 0x0000000080b00000, 0x0000000080c00000|  0%| F|  |TAMS 0x0000000080b00000, 0x0000000080b00000| Untracked 
|  12|0x0000000080c00000, 0x0000000080c00000, 0x0000000080d00000|  0%| F|  |TAMS 0x0000000080c00000, 0x0000000080c00000| Untracked 
|  13|0x0000000080d00000, 0x0000000080d00000, 0x0000000080e00000|  0%| F|  |TAMS 0x0000000080d00000, 0x0000000080d00000| Untracked 
|  14|0x0000000080e00000, 0x0000000080e00000, 0x0000000080f00000|  0%| F|  |TAMS 0x0000000080e00000, 0x0000000080e00000| Untracked 
|  15|0x0000000080f00000, 0x0000000080f00000, 0x0000000081000000|  0%| F|  |TAMS 0x0000000080f00000, 0x0000000080f00000| Untracked 
|  16|0x0000000081000000, 0x0000000081000000, 0x0000000081100000|  0%| F|  |TAMS 0x0000000081000000, 0x0000000081000000| Untracked 
|  17|0x0000000081100000, 0x0000000081100000, 0x0000000081200000|  0%| F|  |TAMS 0x0000000081100000, 0x0000000081100000| Untracked 
|  18|0x0000000081200000, 0x0000000081200000, 0x0000000081300000|  0%| F|  |TAMS 0x0000000081200000, 0x0000000081200000| Untracked 
|  19|0x0000000081300000, 0x0000000081300000, 0x0000000081400000|  0%| F|  |TAMS 0x0000000081300000, 0x0000000081300000| Untracked 
|  20|0x0000000081400000, 0x0000000081400000, 0x0000000081500000|  0%| F|  |TAMS 0x0000000081400000, 0x0000000081400000| Untracked 
|  21|0x0000000081500000, 0x0000000081500000, 0x0000000081600000|  0%| F|  |TAMS 0x0000000081500000, 0x0000000081500000| Untracked 
|  22|0x0000000081600000, 0x0000000081600000, 0x0000000081700000|  0%| F|  |TAMS 0x0000000081600000, 0x0000000081600000| Untracked 
|  23|0x0000000081700000, 0x0000000081700000, 0x0000000081800000|  0%| F|  |TAMS 0x0000000081700000, 0x0000000081700000| Untracked 
|  24|0x0000000081800000, 0x0000000081800000, 0x0000000081900000|  0%| F|  |TAMS 0x0000000081800000, 0x0000000081800000| Untracked 
|  25|0x0000000081900000, 0x0000000081900000, 0x0000000081a00000|  0%| F|  |TAMS 0x0000000081900000, 0x0000000081900000| Untracked 
|  26|0x0000000081a00000, 0x0000000081a00000, 0x0000000081b00000|  0%| F|  |TAMS 0x0000000081a00000, 0x0000000081a00000| Untracked 
|  27|0x0000000081b00000, 0x0000000081b00000, 0x0000000081c00000|  0%| F|  |TAMS 0x0000000081b00000, 0x0000000081b00000| Untracked 
|  28|0x0000000081c00000, 0x0000000081c00000, 0x0000000081d00000|  0%| F|  |TAMS 0x0000000081c00000, 0x0000000081c00000| Untracked 
|  29|0x0000000081d00000, 0x0000000081d00000, 0x0000000081e00000|  0%| F|  |TAMS 0x0000000081d00000, 0x0000000081d00000| Untracked 
|  30|0x0000000081e00000, 0x0000000081e00000, 0x0000000081f00000|  0%| F|  |TAMS 0x0000000081e00000, 0x0000000081e00000| Untracked 
|  31|0x0000000081f00000, 0x0000000081f00000, 0x0000000082000000|  0%| F|  |TAMS 0x0000000081f00000, 0x0000000081f00000| Untracked 
|  32|0x0000000082000000, 0x0000000082000000, 0x0000000082100000|  0%| F|  |TAMS 0x0000000082000000, 0x0000000082000000| Untracked 
|  33|0x0000000082100000, 0x0000000082100000, 0x0000000082200000|  0%| F|  |TAMS 0x0000000082100000, 0x0000000082100000| Untracked 
|  34|0x0000000082200000, 0x0000000082200000, 0x0000000082300000|  0%| F|  |TAMS 0x0000000082200000, 0x0000000082200000| Untracked 
|  35|0x0000000082300000, 0x0000000082300000, 0x0000000082400000|  0%| F|  |TAMS 0x0000000082300000, 0x0000000082300000| Untracked 
|  36|0x0000000082400000, 0x0000000082400000, 0x0000000082500000|  0%| F|  |TAMS 0x0000000082400000, 0x0000000082400000| Untracked 
|  37|0x0000000082500000, 0x0000000082500000, 0x0000000082600000|  0%| F|  |TAMS 0x0000000082500000, 0x0000000082500000| Untracked 
|  38|0x0000000082600000, 0x0000000082600000, 0x0000000082700000|  0%| F|  |TAMS 0x0000000082600000, 0x0000000082600000| Untracked 
|  39|0x0000000082700000, 0x0000000082700000, 0x0000000082800000|  0%| F|  |TAMS 0x0000000082700000, 0x0000000082700000| Untracked 
|  40|0x0000000082800000, 0x0000000082800000, 0x0000000082900000|  0%| F|  |TAMS 0x0000000082800000, 0x0000000082800000| Untracked 
|  41|0x0000000082900000, 0x0000000082900000, 0x0000000082a00000|  0%| F|  |TAMS 0x0000000082900000, 0x0000000082900000| Untracked 
|  42|0x0000000082a00000, 0x0000000082a00000, 0x0000000082b00000|  0%| F|  |TAMS 0x0000000082a00000, 0x0000000082a00000| Untracked 
|  43|0x0000000082b00000, 0x0000000082b00000, 0x0000000082c00000|  0%| F|  |TAMS 0x0000000082b00000, 0x0000000082b00000| Untracked 
|  44|0x0000000082c00000, 0x0000000082c00000, 0x0000000082d00000|  0%| F|  |TAMS 0x0000000082c00000, 0x0000000082c00000| Untracked 
|  45|0x0000000082d00000, 0x0000000082d00000, 0x0000000082e00000|  0%| F|  |TAMS 0x0000000082d00000, 0x0000000082d00000| Untracked 
|  46|0x0000000082e00000, 0x0000000082e00000, 0x0000000082f00000|  0%| F|  |TAMS 0x0000000082e00000, 0x0000000082e00000| Untracked 
|  47|0x0000000082f00000, 0x0000000082f00000, 0x0000000083000000|  0%| F|  |TAMS 0x0000000082f00000, 0x0000000082f00000| Untracked 
|  48|0x0000000083000000, 0x0000000083000000, 0x0000000083100000|  0%| F|  |TAMS 0x0000000083000000, 0x0000000083000000| Untracked 
|  49|0x0000000083100000, 0x0000000083100000, 0x0000000083200000|  0%| F|  |TAMS 0x0000000083100000, 0x0000000083100000| Untracked 
|  50|0x0000000083200000, 0x0000000083200000, 0x0000000083300000|  0%| F|  |TAMS 0x0000000083200000, 0x0000000083200000| Untracked 
|  51|0x0000000083300000, 0x0000000083300000, 0x0000000083400000|  0%| F|  |TAMS 0x0000000083300000, 0x0000000083300000| Untracked 
|  52|0x0000000083400000, 0x0000000083400000, 0x0000000083500000|  0%| F|  |TAMS 0x0000000083400000, 0x0000000083400000| Untracked 
|  53|0x0000000083500000, 0x0000000083500000, 0x0000000083600000|  0%| F|  |TAMS 0x0000000083500000, 0x0000000083500000| Untracked 
|  54|0x0000000083600000, 0x0000000083600000, 0x0000000083700000|  0%| F|  |TAMS 0x0000000083600000, 0x0000000083600000| Untracked 
|  55|0x0000000083700000, 0x0000000083700000, 0x0000000083800000|  0%| F|  |TAMS 0x0000000083700000, 0x0000000083700000| Untracked 
|  56|0x0000000083800000, 0x0000000083800000, 0x0000000083900000|  0%| F|  |TAMS 0x0000000083800000, 0x0000000083800000| Untracked 
|  57|0x0000000083900000, 0x0000000083900000, 0x0000000083a00000|  0%| F|  |TAMS 0x0000000083900000, 0x0000000083900000| Untracked 
|  58|0x0000000083a00000, 0x0000000083a00000, 0x0000000083b00000|  0%| F|  |TAMS 0x0000000083a00000, 0x0000000083a00000| Untracked 
|  59|0x0000000083b00000, 0x0000000083b00000, 0x0000000083c00000|  0%| F|  |TAMS 0x0000000083b00000, 0x0000000083b00000| Untracked 
|  60|0x0000000083c00000, 0x0000000083c00000, 0x0000000083d00000|  0%| F|  |TAMS 0x0000000083c00000, 0x0000000083c00000| Untracked 
|  61|0x0000000083d00000, 0x0000000083d00000, 0x0000000083e00000|  0%| F|  |TAMS 0x0000000083d00000, 0x0000000083d00000| Untracked 
|  62|0x0000000083e00000, 0x0000000083e00000, 0x0000000083f00000|  0%| F|  |TAMS 0x0000000083e00000, 0x0000000083e00000| Untracked 
|  63|0x0000000083f00000, 0x0000000083f00000, 0x0000000084000000|  0%| F|  |TAMS 0x0000000083f00000, 0x0000000083f00000| Untracked 
|  64|0x0000000084000000, 0x0000000084000000, 0x0000000084100000|  0%| F|  |TAMS 0x0000000084000000, 0x0000000084000000| Untracked 
|  65|0x0000000084100000, 0x0000000084100000, 0x0000000084200000|  0%| F|  |TAMS 0x0000000084100000, 0x0000000084100000| Untracked 
|  66|0x0000000084200000, 0x0000000084200000, 0x0000000084300000|  0%| F|  |TAMS 0x0000000084200000, 0x0000000084200000| Untracked 
|  67|0x0000000084300000, 0x0000000084300000, 0x0000000084400000|  0%| F|  |TAMS 0x0000000084300000, 0x0000000084300000| Untracked 
|  68|0x0000000084400000, 0x0000000084400000, 0x0000000084500000|  0%| F|  |TAMS 0x0000000084400000, 0x0000000084400000| Untracked 
|  69|0x0000000084500000, 0x0000000084500000, 0x0000000084600000|  0%| F|  |TAMS 0x0000000084500000, 0x0000000084500000| Untracked 
|  70|0x0000000084600000, 0x0000000084600000, 0x0000000084700000|  0%| F|  |TAMS 0x0000000084600000, 0x0000000084600000| Untracked 
|  71|0x0000000084700000, 0x0000000084700000, 0x0000000084800000|  0%| F|  |TAMS 0x0000000084700000, 0x0000000084700000| Untracked 
|  72|0x0000000084800000, 0x0000000084800000, 0x0000000084900000|  0%| F|  |TAMS 0x0000000084800000, 0x0000000084800000| Untracked 
|  73|0x0000000084900000, 0x0000000084900000, 0x0000000084a00000|  0%| F|  |TAMS 0x0000000084900000, 0x0000000084900000| Untracked 
|  74|0x0000000084a00000, 0x0000000084a00000, 0x0000000084b00000|  0%| F|  |TAMS 0x0000000084a00000, 0x0000000084a00000| Untracked 
|  75|0x0000000084b00000, 0x0000000084b00000, 0x0000000084c00000|  0%| F|  |TAMS 0x0000000084b00000, 0x0000000084b00000| Untracked 
|  76|0x0000000084c00000, 0x0000000084c00000, 0x0000000084d00000|  0%| F|  |TAMS 0x0000000084c00000, 0x0000000084c00000| Untracked 
|  77|0x0000000084d00000, 0x0000000084d00000, 0x0000000084e00000|  0%| F|  |TAMS 0x0000000084d00000, 0x0000000084d00000| Untracked 
|  78|0x0000000084e00000, 0x0000000084e00000, 0x0000000084f00000|  0%| F|  |TAMS 0x0000000084e00000, 0x0000000084e00000| Untracked 
|  79|0x0000000084f00000, 0x0000000084f00000, 0x0000000085000000|  0%| F|  |TAMS 0x0000000084f00000, 0x0000000084f00000| Untracked 
|  80|0x0000000085000000, 0x0000000085000000, 0x0000000085100000|  0%| F|  |TAMS 0x0000000085000000, 0x0000000085000000| Untracked 
|  81|0x0000000085100000, 0x0000000085100000, 0x0000000085200000|  0%| F|  |TAMS 0x0000000085100000, 0x0000000085100000| Untracked 
|  82|0x0000000085200000, 0x0000000085200000, 0x0000000085300000|  0%| F|  |TAMS 0x0000000085200000, 0x0000000085200000| Untracked 
|  83|0x0000000085300000, 0x0000000085300000, 0x0000000085400000|  0%| F|  |TAMS 0x0000000085300000, 0x0000000085300000| Untracked 
|  84|0x0000000085400000, 0x0000000085400000, 0x0000000085500000|  0%| F|  |TAMS 0x0000000085400000, 0x0000000085400000| Untracked 
|  85|0x0000000085500000, 0x0000000085500000, 0x0000000085600000|  0%| F|  |TAMS 0x0000000085500000, 0x0000000085500000| Untracked 
|  86|0x0000000085600000, 0x0000000085600000, 0x0000000085700000|  0%| F|  |TAMS 0x0000000085600000, 0x0000000085600000| Untracked 
|  87|0x0000000085700000, 0x0000000085700000, 0x0000000085800000|  0%| F|  |TAMS 0x0000000085700000, 0x0000000085700000| Untracked 
|  88|0x0000000085800000, 0x0000000085800000, 0x0000000085900000|  0%| F|  |TAMS 0x0000000085800000, 0x0000000085800000| Untracked 
|  89|0x0000000085900000, 0x0000000085900000, 0x0000000085a00000|  0%| F|  |TAMS 0x0000000085900000, 0x0000000085900000| Untracked 
|  90|0x0000000085a00000, 0x0000000085a00000, 0x0000000085b00000|  0%| F|  |TAMS 0x0000000085a00000, 0x0000000085a00000| Untracked 
|  91|0x0000000085b00000, 0x0000000085b00000, 0x0000000085c00000|  0%| F|  |TAMS 0x0000000085b00000, 0x0000000085b00000| Untracked 
|  92|0x0000000085c00000, 0x0000000085c00000, 0x0000000085d00000|  0%| F|  |TAMS 0x0000000085c00000, 0x0000000085c00000| Untracked 
|  93|0x0000000085d00000, 0x0000000085d00000, 0x0000000085e00000|  0%| F|  |TAMS 0x0000000085d00000, 0x0000000085d00000| Untracked 
|  94|0x0000000085e00000, 0x0000000085e00000, 0x0000000085f00000|  0%| F|  |TAMS 0x0000000085e00000, 0x0000000085e00000| Untracked 
|  95|0x0000000085f00000, 0x0000000085f00000, 0x0000000086000000|  0%| F|  |TAMS 0x0000000085f00000, 0x0000000085f00000| Untracked 
|  96|0x0000000086000000, 0x0000000086000000, 0x0000000086100000|  0%| F|  |TAMS 0x0000000086000000, 0x0000000086000000| Untracked 
|  97|0x0000000086100000, 0x0000000086100000, 0x0000000086200000|  0%| F|  |TAMS 0x0000000086100000, 0x0000000086100000| Untracked 
|  98|0x0000000086200000, 0x0000000086200000, 0x0000000086300000|  0%| F|  |TAMS 0x0000000086200000, 0x0000000086200000| Untracked 
|  99|0x0000000086300000, 0x0000000086300000, 0x0000000086400000|  0%| F|  |TAMS 0x0000000086300000, 0x0000000086300000| Untracked 
| 100|0x0000000086400000, 0x0000000086400000, 0x0000000086500000|  0%| F|  |TAMS 0x0000000086400000, 0x0000000086400000| Untracked 
| 101|0x0000000086500000, 0x0000000086500000, 0x0000000086600000|  0%| F|  |TAMS 0x0000000086500000, 0x0000000086500000| Untracked 
| 102|0x0000000086600000, 0x0000000086600000, 0x0000000086700000|  0%| F|  |TAMS 0x0000000086600000, 0x0000000086600000| Untracked 
| 103|0x0000000086700000, 0x0000000086700000, 0x0000000086800000|  0%| F|  |TAMS 0x0000000086700000, 0x0000000086700000| Untracked 
| 104|0x0000000086800000, 0x0000000086800000, 0x0000000086900000|  0%| F|  |TAMS 0x0000000086800000, 0x0000000086800000| Untracked 
| 105|0x0000000086900000, 0x0000000086900000, 0x0000000086a00000|  0%| F|  |TAMS 0x0000000086900000, 0x0000000086900000| Untracked 
| 106|0x0000000086a00000, 0x0000000086a00000, 0x0000000086b00000|  0%| F|  |TAMS 0x0000000086a00000, 0x0000000086a00000| Untracked 
| 107|0x0000000086b00000, 0x0000000086b00000, 0x0000000086c00000|  0%| F|  |TAMS 0x0000000086b00000, 0x0000000086b00000| Untracked 
| 108|0x0000000086c00000, 0x0000000086c00000, 0x0000000086d00000|  0%| F|  |TAMS 0x0000000086c00000, 0x0000000086c00000| Untracked 
| 109|0x0000000086d00000, 0x0000000086d00000, 0x0000000086e00000|  0%| F|  |TAMS 0x0000000086d00000, 0x0000000086d00000| Untracked 
| 110|0x0000000086e00000, 0x0000000086e00000, 0x0000000086f00000|  0%| F|  |TAMS 0x0000000086e00000, 0x0000000086e00000| Untracked 
| 111|0x0000000086f00000, 0x0000000086f00000, 0x0000000087000000|  0%| F|  |TAMS 0x0000000086f00000, 0x0000000086f00000| Untracked 
| 112|0x0000000087000000, 0x0000000087000000, 0x0000000087100000|  0%| F|  |TAMS 0x0000000087000000, 0x0000000087000000| Untracked 
| 113|0x0000000087100000, 0x0000000087100000, 0x0000000087200000|  0%| F|  |TAMS 0x0000000087100000, 0x0000000087100000| Untracked 
| 114|0x0000000087200000, 0x0000000087200000, 0x0000000087300000|  0%| F|  |TAMS 0x0000000087200000, 0x0000000087200000| Untracked 
| 115|0x0000000087300000, 0x0000000087300000, 0x0000000087400000|  0%| F|  |TAMS 0x0000000087300000, 0x0000000087300000| Untracked 
| 116|0x0000000087400000, 0x0000000087400000, 0x0000000087500000|  0%| F|  |TAMS 0x0000000087400000, 0x0000000087400000| Untracked 
| 117|0x0000000087500000, 0x0000000087500000, 0x0000000087600000|  0%| F|  |TAMS 0x0000000087500000, 0x0000000087500000| Untracked 
| 118|0x0000000087600000, 0x0000000087600000, 0x0000000087700000|  0%| F|  |TAMS 0x0000000087600000, 0x0000000087600000| Untracked 
| 119|0x0000000087700000, 0x0000000087700000, 0x0000000087800000|  0%| F|  |TAMS 0x0000000087700000, 0x0000000087700000| Untracked 
| 120|0x0000000087800000, 0x0000000087800000, 0x0000000087900000|  0%| F|  |TAMS 0x0000000087800000, 0x0000000087800000| Untracked 
| 121|0x0000000087900000, 0x0000000087900000, 0x0000000087a00000|  0%| F|  |TAMS 0x0000000087900000, 0x0000000087900000| Untracked 
| 122|0x0000000087a00000, 0x0000000087a00000, 0x0000000087b00000|  0%| F|  |TAMS 0x0000000087a00000, 0x0000000087a00000| Untracked 
| 123|0x0000000087b00000, 0x0000000087b00000, 0x0000000087c00000|  0%| F|  |TAMS 0x0000000087b00000, 0x0000000087b00000| Untracked 
| 124|0x0000000087c00000, 0x0000000087c00000, 0x0000000087d00000|  0%| F|  |TAMS 0x0000000087c00000, 0x0000000087c00000| Untracked 
| 125|0x0000000087d00000, 0x0000000087d00000, 0x0000000087e00000|  0%| F|  |TAMS 0x0000000087d00000, 0x0000000087d00000| Untracked 
| 126|0x0000000087e00000, 0x0000000087e00000, 0x0000000087f00000|  0%| F|  |TAMS 0x0000000087e00000, 0x0000000087e00000| Untracked 
| 127|0x0000000087f00000, 0x0000000087f00000, 0x0000000088000000|  0%| F|  |TAMS 0x0000000087f00000, 0x0000000087f00000| Untracked 
| 128|0x0000000088000000, 0x0000000088000000, 0x0000000088100000|  0%| F|  |TAMS 0x0000000088000000, 0x0000000088000000| Untracked 
| 129|0x0000000088100000, 0x0000000088100000, 0x0000000088200000|  0%| F|  |TAMS 0x0000000088100000, 0x0000000088100000| Untracked 
| 130|0x0000000088200000, 0x0000000088200000, 0x0000000088300000|  0%| F|  |TAMS 0x0000000088200000, 0x0000000088200000| Untracked 
| 131|0x0000000088300000, 0x0000000088300000, 0x0000000088400000|  0%| F|  |TAMS 0x0000000088300000, 0x0000000088300000| Untracked 
| 132|0x0000000088400000, 0x0000000088400000, 0x0000000088500000|  0%| F|  |TAMS 0x0000000088400000, 0x0000000088400000| Untracked 
| 133|0x0000000088500000, 0x0000000088500000, 0x0000000088600000|  0%| F|  |TAMS 0x0000000088500000, 0x0000000088500000| Untracked 
| 134|0x0000000088600000, 0x0000000088600000, 0x0000000088700000|  0%| F|  |TAMS 0x0000000088600000, 0x0000000088600000| Untracked 
| 135|0x0000000088700000, 0x0000000088700000, 0x0000000088800000|  0%| F|  |TAMS 0x0000000088700000, 0x0000000088700000| Untracked 
| 136|0x0000000088800000, 0x0000000088800000, 0x0000000088900000|  0%| F|  |TAMS 0x0000000088800000, 0x0000000088800000| Untracked 
| 137|0x0000000088900000, 0x0000000088900000, 0x0000000088a00000|  0%| F|  |TAMS 0x0000000088900000, 0x0000000088900000| Untracked 
| 138|0x0000000088a00000, 0x0000000088a00000, 0x0000000088b00000|  0%| F|  |TAMS 0x0000000088a00000, 0x0000000088a00000| Untracked 
| 139|0x0000000088b00000, 0x0000000088b00000, 0x0000000088c00000|  0%| F|  |TAMS 0x0000000088b00000, 0x0000000088b00000| Untracked 
| 140|0x0000000088c00000, 0x0000000088c00000, 0x0000000088d00000|  0%| F|  |TAMS 0x0000000088c00000, 0x0000000088c00000| Untracked 
| 141|0x0000000088d00000, 0x0000000088d00000, 0x0000000088e00000|  0%| F|  |TAMS 0x0000000088d00000, 0x0000000088d00000| Untracked 
| 142|0x0000000088e00000, 0x0000000088e00000, 0x0000000088f00000|  0%| F|  |TAMS 0x0000000088e00000, 0x0000000088e00000| Untracked 
| 143|0x0000000088f00000, 0x0000000088f00000, 0x0000000089000000|  0%| F|  |TAMS 0x0000000088f00000, 0x0000000088f00000| Untracked 
| 144|0x0000000089000000, 0x0000000089000000, 0x0000000089100000|  0%| F|  |TAMS 0x0000000089000000, 0x0000000089000000| Untracked 
| 145|0x0000000089100000, 0x0000000089100000, 0x0000000089200000|  0%| F|  |TAMS 0x0000000089100000, 0x0000000089100000| Untracked 
| 146|0x0000000089200000, 0x0000000089200000, 0x0000000089300000|  0%| F|  |TAMS 0x0000000089200000, 0x0000000089200000| Untracked 
| 147|0x0000000089300000, 0x0000000089344f98, 0x0000000089400000| 26%| S|CS|TAMS 0x0000000089300000, 0x0000000089300000| Complete 
| 148|0x0000000089400000, 0x0000000089500000, 0x0000000089500000|100%| S|CS|TAMS 0x0000000089400000, 0x0000000089400000| Complete 
| 149|0x0000000089500000, 0x0000000089600000, 0x0000000089600000|100%| S|CS|TAMS 0x0000000089500000, 0x0000000089500000| Complete 
| 150|0x0000000089600000, 0x0000000089700000, 0x0000000089700000|100%| S|CS|TAMS 0x0000000089600000, 0x0000000089600000| Complete 
| 151|0x0000000089700000, 0x0000000089800000, 0x0000000089800000|100%| S|CS|TAMS 0x0000000089700000, 0x0000000089700000| Complete 
| 152|0x0000000089800000, 0x0000000089900000, 0x0000000089900000|100%| S|CS|TAMS 0x0000000089800000, 0x0000000089800000| Complete 
| 153|0x0000000089900000, 0x0000000089a00000, 0x0000000089a00000|100%| S|CS|TAMS 0x0000000089900000, 0x0000000089900000| Complete 
| 154|0x0000000089a00000, 0x0000000089b00000, 0x0000000089b00000|100%| S|CS|TAMS 0x0000000089a00000, 0x0000000089a00000| Complete 
| 155|0x0000000089b00000, 0x0000000089c00000, 0x0000000089c00000|100%| S|CS|TAMS 0x0000000089b00000, 0x0000000089b00000| Complete 
| 156|0x0000000089c00000, 0x0000000089d00000, 0x0000000089d00000|100%| S|CS|TAMS 0x0000000089c00000, 0x0000000089c00000| Complete 
| 157|0x0000000089d00000, 0x0000000089d00000, 0x0000000089e00000|  0%| F|  |TAMS 0x0000000089d00000, 0x0000000089d00000| Untracked 
| 158|0x0000000089e00000, 0x0000000089e00000, 0x0000000089f00000|  0%| F|  |TAMS 0x0000000089e00000, 0x0000000089e00000| Untracked 
| 159|0x0000000089f00000, 0x0000000089f00000, 0x000000008a000000|  0%| F|  |TAMS 0x0000000089f00000, 0x0000000089f00000| Untracked 
| 160|0x000000008a000000, 0x000000008a000000, 0x000000008a100000|  0%| F|  |TAMS 0x000000008a000000, 0x000000008a000000| Untracked 
| 161|0x000000008a100000, 0x000000008a100000, 0x000000008a200000|  0%| F|  |TAMS 0x000000008a100000, 0x000000008a100000| Untracked 
| 162|0x000000008a200000, 0x000000008a200000, 0x000000008a300000|  0%| F|  |TAMS 0x000000008a200000, 0x000000008a200000| Untracked 
| 163|0x000000008a300000, 0x000000008a300000, 0x000000008a400000|  0%| F|  |TAMS 0x000000008a300000, 0x000000008a300000| Untracked 
| 164|0x000000008a400000, 0x000000008a400000, 0x000000008a500000|  0%| F|  |TAMS 0x000000008a400000, 0x000000008a400000| Untracked 
| 165|0x000000008a500000, 0x000000008a500000, 0x000000008a600000|  0%| F|  |TAMS 0x000000008a500000, 0x000000008a500000| Untracked 
| 166|0x000000008a600000, 0x000000008a600000, 0x000000008a700000|  0%| F|  |TAMS 0x000000008a600000, 0x000000008a600000| Untracked 
| 167|0x000000008a700000, 0x000000008a700000, 0x000000008a800000|  0%| F|  |TAMS 0x000000008a700000, 0x000000008a700000| Untracked 
| 168|0x000000008a800000, 0x000000008a800000, 0x000000008a900000|  0%| F|  |TAMS 0x000000008a800000, 0x000000008a800000| Untracked 
| 169|0x000000008a900000, 0x000000008a900000, 0x000000008aa00000|  0%| F|  |TAMS 0x000000008a900000, 0x000000008a900000| Untracked 
| 170|0x000000008aa00000, 0x000000008aa00000, 0x000000008ab00000|  0%| F|  |TAMS 0x000000008aa00000, 0x000000008aa00000| Untracked 
| 171|0x000000008ab00000, 0x000000008ab00000, 0x000000008ac00000|  0%| F|  |TAMS 0x000000008ab00000, 0x000000008ab00000| Untracked 
| 172|0x000000008ac00000, 0x000000008ac00000, 0x000000008ad00000|  0%| F|  |TAMS 0x000000008ac00000, 0x000000008ac00000| Untracked 
| 173|0x000000008ad00000, 0x000000008ad00000, 0x000000008ae00000|  0%| F|  |TAMS 0x000000008ad00000, 0x000000008ad00000| Untracked 
| 174|0x000000008ae00000, 0x000000008ae00000, 0x000000008af00000|  0%| F|  |TAMS 0x000000008ae00000, 0x000000008ae00000| Untracked 
| 175|0x000000008af00000, 0x000000008af00000, 0x000000008b000000|  0%| F|  |TAMS 0x000000008af00000, 0x000000008af00000| Untracked 
| 176|0x000000008b000000, 0x000000008b000000, 0x000000008b100000|  0%| F|  |TAMS 0x000000008b000000, 0x000000008b000000| Untracked 
| 177|0x000000008b100000, 0x000000008b100000, 0x000000008b200000|  0%| F|  |TAMS 0x000000008b100000, 0x000000008b100000| Untracked 
| 178|0x000000008b200000, 0x000000008b200000, 0x000000008b300000|  0%| F|  |TAMS 0x000000008b200000, 0x000000008b200000| Untracked 
| 179|0x000000008b300000, 0x000000008b300000, 0x000000008b400000|  0%| F|  |TAMS 0x000000008b300000, 0x000000008b300000| Untracked 
| 180|0x000000008b400000, 0x000000008b400000, 0x000000008b500000|  0%| F|  |TAMS 0x000000008b400000, 0x000000008b400000| Untracked 
| 181|0x000000008b500000, 0x000000008b500000, 0x000000008b600000|  0%| F|  |TAMS 0x000000008b500000, 0x000000008b500000| Untracked 
| 182|0x000000008b600000, 0x000000008b600000, 0x000000008b700000|  0%| F|  |TAMS 0x000000008b600000, 0x000000008b600000| Untracked 
| 183|0x000000008b700000, 0x000000008b700000, 0x000000008b800000|  0%| F|  |TAMS 0x000000008b700000, 0x000000008b700000| Untracked 
| 184|0x000000008b800000, 0x000000008b800000, 0x000000008b900000|  0%| F|  |TAMS 0x000000008b800000, 0x000000008b800000| Untracked 
| 185|0x000000008b900000, 0x000000008b900000, 0x000000008ba00000|  0%| F|  |TAMS 0x000000008b900000, 0x000000008b900000| Untracked 
| 186|0x000000008ba00000, 0x000000008ba00000, 0x000000008bb00000|  0%| F|  |TAMS 0x000000008ba00000, 0x000000008ba00000| Untracked 
| 187|0x000000008bb00000, 0x000000008bb00000, 0x000000008bc00000|  0%| F|  |TAMS 0x000000008bb00000, 0x000000008bb00000| Untracked 
| 188|0x000000008bc00000, 0x000000008bc00000, 0x000000008bd00000|  0%| F|  |TAMS 0x000000008bc00000, 0x000000008bc00000| Untracked 
| 189|0x000000008bd00000, 0x000000008bd00000, 0x000000008be00000|  0%| F|  |TAMS 0x000000008bd00000, 0x000000008bd00000| Untracked 
| 190|0x000000008be00000, 0x000000008be00000, 0x000000008bf00000|  0%| F|  |TAMS 0x000000008be00000, 0x000000008be00000| Untracked 
| 191|0x000000008bf00000, 0x000000008bf00000, 0x000000008c000000|  0%| F|  |TAMS 0x000000008bf00000, 0x000000008bf00000| Untracked 
| 192|0x000000008c000000, 0x000000008c000000, 0x000000008c100000|  0%| F|  |TAMS 0x000000008c000000, 0x000000008c000000| Untracked 
| 193|0x000000008c100000, 0x000000008c100000, 0x000000008c200000|  0%| F|  |TAMS 0x000000008c100000, 0x000000008c100000| Untracked 
| 194|0x000000008c200000, 0x000000008c200000, 0x000000008c300000|  0%| F|  |TAMS 0x000000008c200000, 0x000000008c200000| Untracked 
| 195|0x000000008c300000, 0x000000008c300000, 0x000000008c400000|  0%| F|  |TAMS 0x000000008c300000, 0x000000008c300000| Untracked 
| 196|0x000000008c400000, 0x000000008c400000, 0x000000008c500000|  0%| F|  |TAMS 0x000000008c400000, 0x000000008c400000| Untracked 
| 197|0x000000008c500000, 0x000000008c500000, 0x000000008c600000|  0%| F|  |TAMS 0x000000008c500000, 0x000000008c500000| Untracked 
| 198|0x000000008c600000, 0x000000008c600000, 0x000000008c700000|  0%| F|  |TAMS 0x000000008c600000, 0x000000008c600000| Untracked 
| 199|0x000000008c700000, 0x000000008c700000, 0x000000008c800000|  0%| F|  |TAMS 0x000000008c700000, 0x000000008c700000| Untracked 
| 200|0x000000008c800000, 0x000000008c800000, 0x000000008c900000|  0%| F|  |TAMS 0x000000008c800000, 0x000000008c800000| Untracked 
| 201|0x000000008c900000, 0x000000008c900000, 0x000000008ca00000|  0%| F|  |TAMS 0x000000008c900000, 0x000000008c900000| Untracked 
| 202|0x000000008ca00000, 0x000000008ca00000, 0x000000008cb00000|  0%| F|  |TAMS 0x000000008ca00000, 0x000000008ca00000| Untracked 
| 203|0x000000008cb00000, 0x000000008cb00000, 0x000000008cc00000|  0%| F|  |TAMS 0x000000008cb00000, 0x000000008cb00000| Untracked 
| 204|0x000000008cc00000, 0x000000008cc00000, 0x000000008cd00000|  0%| F|  |TAMS 0x000000008cc00000, 0x000000008cc00000| Untracked 
| 205|0x000000008cd00000, 0x000000008cd00000, 0x000000008ce00000|  0%| F|  |TAMS 0x000000008cd00000, 0x000000008cd00000| Untracked 
| 206|0x000000008ce00000, 0x000000008ce00000, 0x000000008cf00000|  0%| F|  |TAMS 0x000000008ce00000, 0x000000008ce00000| Untracked 
| 207|0x000000008cf00000, 0x000000008cf00000, 0x000000008d000000|  0%| F|  |TAMS 0x000000008cf00000, 0x000000008cf00000| Untracked 
| 208|0x000000008d000000, 0x000000008d000000, 0x000000008d100000|  0%| F|  |TAMS 0x000000008d000000, 0x000000008d000000| Untracked 
| 209|0x000000008d100000, 0x000000008d100000, 0x000000008d200000|  0%| F|  |TAMS 0x000000008d100000, 0x000000008d100000| Untracked 
| 210|0x000000008d200000, 0x000000008d200000, 0x000000008d300000|  0%| F|  |TAMS 0x000000008d200000, 0x000000008d200000| Untracked 
| 211|0x000000008d300000, 0x000000008d300000, 0x000000008d400000|  0%| F|  |TAMS 0x000000008d300000, 0x000000008d300000| Untracked 
| 212|0x000000008d400000, 0x000000008d400000, 0x000000008d500000|  0%| F|  |TAMS 0x000000008d400000, 0x000000008d400000| Untracked 
| 213|0x000000008d500000, 0x000000008d500000, 0x000000008d600000|  0%| F|  |TAMS 0x000000008d500000, 0x000000008d500000| Untracked 
| 214|0x000000008d600000, 0x000000008d600000, 0x000000008d700000|  0%| F|  |TAMS 0x000000008d600000, 0x000000008d600000| Untracked 
| 215|0x000000008d700000, 0x000000008d7c4f98, 0x000000008d800000| 76%| E|  |TAMS 0x000000008d700000, 0x000000008d700000| Complete 
| 216|0x000000008d800000, 0x000000008d900000, 0x000000008d900000|100%| E|CS|TAMS 0x000000008d800000, 0x000000008d800000| Complete 
| 217|0x000000008d900000, 0x000000008da00000, 0x000000008da00000|100%| E|CS|TAMS 0x000000008d900000, 0x000000008d900000| Complete 
| 218|0x000000008da00000, 0x000000008db00000, 0x000000008db00000|100%| E|CS|TAMS 0x000000008da00000, 0x000000008da00000| Complete 
| 219|0x000000008db00000, 0x000000008dc00000, 0x000000008dc00000|100%| E|CS|TAMS 0x000000008db00000, 0x000000008db00000| Complete 
| 220|0x000000008dc00000, 0x000000008dd00000, 0x000000008dd00000|100%| E|CS|TAMS 0x000000008dc00000, 0x000000008dc00000| Complete 
| 221|0x000000008dd00000, 0x000000008de00000, 0x000000008de00000|100%| E|CS|TAMS 0x000000008dd00000, 0x000000008dd00000| Complete 
| 222|0x000000008de00000, 0x000000008df00000, 0x000000008df00000|100%| E|CS|TAMS 0x000000008de00000, 0x000000008de00000| Complete 
| 223|0x000000008df00000, 0x000000008e000000, 0x000000008e000000|100%| E|CS|TAMS 0x000000008df00000, 0x000000008df00000| Complete 

Card table byte_map: [0x00000210456c0000,0x0000021045ac0000] _byte_map_base: 0x00000210452c0000

Marking Bits (Prev, Next): (CMBitMap*) 0x00000210324bd910, (CMBitMap*) 0x00000210324bd8d8
 Prev Bits: [0x0000021047ec0000, 0x0000021049ec0000)
 Next Bits: [0x0000021045ec0000, 0x0000021047ec0000)

Polling page: 0x0000021031c40000

Metaspace:

Usage:
  Non-class:     15.72 MB capacity,    15.49 MB ( 99%) used,   208.55 KB (  1%) free+waste,    30.00 KB ( <1%) overhead. 
      Class:      2.20 MB capacity,     2.07 MB ( 94%) used,   111.91 KB (  5%) free+waste,    14.69 KB ( <1%) overhead. 
       Both:     17.92 MB capacity,    17.56 MB ( 98%) used,   320.45 KB (  2%) free+waste,    44.69 KB ( <1%) overhead. 

Virtual space:
  Non-class space:       30.00 MB reserved,      15.75 MB ( 52%) committed 
      Class space:        1.00 GB reserved,       2.25 MB ( <1%) committed 
             Both:        1.03 GB reserved,      18.00 MB (  2%) committed 

Chunk freelists:
   Non-Class:  30.00 KB
       Class:  24.00 KB
        Both:  54.00 KB

MaxMetaspaceSize: 17179869184.00 GB
CompressedClassSpaceSize: 1.00 GB
Initial GC threshold: 20.80 MB
Current GC threshold: 29.38 MB
CDS: off

CodeHeap 'non-profiled nmethods': size=120000Kb used=953Kb max_used=953Kb free=119046Kb
 bounds [0x000002103da60000, 0x000002103dcd0000, 0x0000021044f90000]
CodeHeap 'profiled nmethods': size=120000Kb used=3772Kb max_used=3772Kb free=116228Kb
 bounds [0x0000021036530000, 0x00000210368e0000, 0x000002103da60000]
CodeHeap 'non-nmethods': size=5760Kb used=1190Kb max_used=1206Kb free=4569Kb
 bounds [0x0000021035f90000, 0x0000021036200000, 0x0000021036530000]
 total_blobs=2301 nmethods=1837 adapters=377
 compilation: enabled
              stopped_count=0, restarted_count=0
 full_count=0

Compilation events (20 events):
Event: 4.244 Thread 0x000002104d215800 1815       3       java.lang.StringBuilder::<init> (18 bytes)
Event: 4.245 Thread 0x000002104d215800 nmethod 1815 0x00000210368d1c10 code [0x00000210368d1e00, 0x00000210368d20d8]
Event: 4.245 Thread 0x000002104d215800 1816       1       java.lang.Class::getAnnotationType (5 bytes)
Event: 4.245 Thread 0x000002104d215800 nmethod 1816 0x000002103db4d610 code [0x000002103db4d7c0, 0x000002103db4d878]
Event: 4.246 Thread 0x000002104d215800 1819       3       java.util.AbstractList::listIterator (6 bytes)
Event: 4.246 Thread 0x000002104d215800 nmethod 1819 0x00000210368d2290 code [0x00000210368d2440, 0x00000210368d2608]
Event: 4.247 Thread 0x000002104d215800 1820       3       java.util.LinkedList::listIterator (15 bytes)
Event: 4.247 Thread 0x000002104d215800 nmethod 1820 0x00000210368d2690 code [0x00000210368d2880, 0x00000210368d2cc8]
Event: 4.253 Thread 0x000002104d215800 1821       3       java.util.AbstractSequentialList::iterator (5 bytes)
Event: 4.253 Thread 0x000002104d215800 nmethod 1821 0x00000210368d2e90 code [0x00000210368d3060, 0x00000210368d3308]
Event: 4.268 Thread 0x000002104d215800 1822       3       org.gradle.internal.service.DefaultServiceRegistry$ClassInspector$ClassDetails::<init> (36 bytes)
Event: 4.269 Thread 0x000002104d215800 nmethod 1822 0x00000210368d3410 code [0x00000210368d3640, 0x00000210368d3dc8]
Event: 4.269 Thread 0x000002104d215800 1823       1       java.lang.reflect.Constructor::getModifiers (5 bytes)
Event: 4.269 Thread 0x000002104d215800 nmethod 1823 0x000002103db4d910 code [0x000002103db4dac0, 0x000002103db4db78]
Event: 4.270 Thread 0x000002104d215800 1824       3       sun.reflect.generics.parser.SignatureParser::parseFieldTypeSignature (6 bytes)
Event: 4.270 Thread 0x000002104d215800 nmethod 1824 0x00000210368d4090 code [0x00000210368d4240, 0x00000210368d4368]
Event: 4.270 Thread 0x000002104d215800 1825       3       sun.reflect.generics.parser.SignatureParser::parseFieldTypeSignature (73 bytes)
Event: 4.271 Thread 0x000002104d215800 nmethod 1825 0x00000210368d4410 code [0x00000210368d4660, 0x00000210368d4b18]
Event: 4.271 Thread 0x000002104d215800 1826       3       java.lang.Class$AnnotationData::<init> (20 bytes)
Event: 4.272 Thread 0x000002104d215800 nmethod 1826 0x00000210368d4d10 code [0x00000210368d4ec0, 0x00000210368d50d8]

GC Heap History (4 events):
Event: 1.252 GC heap before
{Heap before GC invocations=0 (full 0):
 garbage-first heap   total 229376K, used 29696K [0x0000000080000000, 0x0000000100000000)
  region size 1024K, 24 young (24576K), 0 survivors (0K)
 Metaspace       used 10125K, capacity 10337K, committed 10624K, reserved 1058816K
  class space    used 1036K, capacity 1108K, committed 1152K, reserved 1048576K
}
Event: 1.257 GC heap after
{Heap after GC invocations=1 (full 0):
 garbage-first heap   total 229376K, used 9196K [0x0000000080000000, 0x0000000100000000)
  region size 1024K, 3 young (3072K), 3 survivors (3072K)
 Metaspace       used 10125K, capacity 10337K, committed 10624K, reserved 1058816K
  class space    used 1036K, capacity 1108K, committed 1152K, reserved 1048576K
}
Event: 4.122 GC heap before
{Heap before GC invocations=1 (full 0):
 garbage-first heap   total 229376K, used 74732K [0x0000000080000000, 0x0000000100000000)
  region size 1024K, 67 young (68608K), 3 survivors (3072K)
 Metaspace       used 17335K, capacity 17694K, committed 17792K, reserved 1071104K
  class space    used 1993K, capacity 2135K, committed 2176K, reserved 1048576K
}
Event: 4.141 GC heap after
{Heap after GC invocations=2 (full 0):
 garbage-first heap   total 229376K, used 15616K [0x0000000080000000, 0x0000000100000000)
  region size 1024K, 10 young (10240K), 10 survivors (10240K)
 Metaspace       used 17335K, capacity 17694K, committed 17792K, reserved 1071104K
  class space    used 1993K, capacity 2135K, committed 2176K, reserved 1048576K
}

Deoptimization events (20 events):
Event: 3.785 Thread 0x000002103247c800 Uncommon trap: trap_request=0xffffffc6 fr.pc=0x000002103dadd754 relative=0x0000000000000114
Event: 3.785 Thread 0x000002103247c800 Uncommon trap: reason=bimorphic_or_optimized_type_check action=maybe_recompile pc=0x000002103dadd754 method=java.util.AbstractList$Itr.next()Ljava/lang/Object; @ 14 c2
Event: 3.785 Thread 0x000002103247c800 DEOPT PACKING pc=0x000002103dadd754 sp=0x00000029687fd870
Event: 3.785 Thread 0x000002103247c800 DEOPT UNPACKING pc=0x0000021035fda1af sp=0x00000029687fd808 mode 2
Event: 3.900 Thread 0x000002104e68b000 Uncommon trap: trap_request=0xffffffc6 fr.pc=0x000002103dadd3a4 relative=0x0000000000000084
Event: 3.900 Thread 0x000002104e68b000 Uncommon trap: reason=bimorphic_or_optimized_type_check action=maybe_recompile pc=0x000002103dadd3a4 method=java.util.AbstractList$Itr.hasNext()Z @ 8 c2
Event: 3.900 Thread 0x000002104e68b000 DEOPT PACKING pc=0x000002103dadd3a4 sp=0x00000029698fe600
Event: 3.900 Thread 0x000002104e68b000 DEOPT UNPACKING pc=0x0000021035fda1af sp=0x00000029698fe598 mode 2
Event: 3.900 Thread 0x000002104e68b000 Uncommon trap: trap_request=0xffffffc6 fr.pc=0x000002103dadd754 relative=0x0000000000000114
Event: 3.900 Thread 0x000002104e68b000 Uncommon trap: reason=bimorphic_or_optimized_type_check action=maybe_recompile pc=0x000002103dadd754 method=java.util.AbstractList$Itr.next()Ljava/lang/Object; @ 14 c2
Event: 3.900 Thread 0x000002104e68b000 DEOPT PACKING pc=0x000002103dadd754 sp=0x00000029698fe5f0
Event: 3.900 Thread 0x000002104e68b000 DEOPT UNPACKING pc=0x0000021035fda1af sp=0x00000029698fe588 mode 2
Event: 4.026 Thread 0x000002104dd9f000 Uncommon trap: trap_request=0xffffffc6 fr.pc=0x000002103db1c1e4 relative=0x0000000000000dc4
Event: 4.026 Thread 0x000002104dd9f000 Uncommon trap: reason=bimorphic_or_optimized_type_check action=maybe_recompile pc=0x000002103db1c1e4 method=java.util.HashMap.putVal(ILjava/lang/Object;Ljava/lang/Object;ZZ)Ljava/lang/Object; @ 253 c2
Event: 4.026 Thread 0x000002104dd9f000 DEOPT PACKING pc=0x000002103db1c1e4 sp=0x000000296a2feba0
Event: 4.026 Thread 0x000002104dd9f000 DEOPT UNPACKING pc=0x0000021035fda1af sp=0x000000296a2feb40 mode 2
Event: 4.027 Thread 0x000002104dd9f000 Uncommon trap: trap_request=0xffffffc6 fr.pc=0x000002103db1c1e4 relative=0x0000000000000dc4
Event: 4.027 Thread 0x000002104dd9f000 Uncommon trap: reason=bimorphic_or_optimized_type_check action=maybe_recompile pc=0x000002103db1c1e4 method=java.util.HashMap.putVal(ILjava/lang/Object;Ljava/lang/Object;ZZ)Ljava/lang/Object; @ 253 c2
Event: 4.027 Thread 0x000002104dd9f000 DEOPT PACKING pc=0x000002103db1c1e4 sp=0x000000296a2fec90
Event: 4.027 Thread 0x000002104dd9f000 DEOPT UNPACKING pc=0x0000021035fda1af sp=0x000000296a2fec30 mode 2

Classes redefined (0 events):
No events

Internal exceptions (15 events):
Event: 0.306 Thread 0x000002103247c800 Exception <a 'java/lang/NoSuchMethodError'{0x000000008dd273a0}: 'int java.lang.invoke.DirectMethodHandle$Holder.invokeStaticInit(java.lang.Object, java.lang.Object)'> (0x000000008dd273a0) thrown at [src/hotspot/share/interpreter/linkResolver.cpp, line 773]
Event: 0.382 Thread 0x000002103247c800 Exception <a 'java/lang/NoSuchMethodError'{0x000000008ddf5828}: 'int java.lang.invoke.DirectMethodHandle$Holder.invokeSpecial(java.lang.Object, java.lang.Object, java.lang.Object, java.lang.Object)'> (0x000000008ddf5828) thrown at [src/hotspot/share/interpreter/linkResolver.cpp, line 773]
Event: 0.394 Thread 0x000002103247c800 Exception <a 'java/lang/NoSuchMethodError'{0x000000008dc2dfd0}: 'int java.lang.invoke.DirectMethodHandle$Holder.invokeSpecialIFC(java.lang.Object, java.lang.Object, int)'> (0x000000008dc2dfd0) thrown at [src/hotspot/share/interpreter/linkResolver.cpp, line 773]
Event: 0.881 Thread 0x000002103247c800 Exception <a 'java/lang/NoClassDefFoundError'{0x000000008d1f1f98}: org/slf4j/impl/StaticMarkerBinder> (0x000000008d1f1f98) thrown at [src/hotspot/share/classfile/systemDictionary.cpp, line 219]
Event: 1.023 Thread 0x000002103247c800 Exception <a 'java/lang/NoSuchMethodError'{0x000000008cdbc6b8}: 'java.lang.Object java.lang.invoke.DirectMethodHandle$Holder.invokeVirtual(java.lang.Object, java.lang.Object, java.lang.Object, java.lang.Object, java.lang.Object, java.lang.Object, java.lang.Object)'> (0x000000008cdbc6b8) thrown at [src/hotspot/share/interpreter/linkResolver.cpp, line 773]
Event: 1.029 Thread 0x000002103247c800 Exception <a 'java/lang/NoSuchMethodError'{0x000000008cdd0a68}: 'java.lang.Object java.lang.invoke.Invokers$Holder.invoker(java.lang.Object, java.lang.Object, java.lang.Object)'> (0x000000008cdd0a68) thrown at [src/hotspot/share/interpreter/linkResolver.cpp, line 773]
Event: 1.036 Thread 0x000002103247c800 Exception <a 'java/lang/NoSuchMethodError'{0x000000008cde1ae0}: 'void java.lang.invoke.DelegatingMethodHandle$Holder.delegate(java.lang.Object, java.lang.Object, int, java.lang.Object)'> (0x000000008cde1ae0) thrown at [src/hotspot/share/interpreter/linkResolver.cpp, line 773]
Event: 2.102 Thread 0x000002103247c800 Exception <a 'java/security/PrivilegedActionException'{0x000000008be35e10}> (0x000000008be35e10) thrown at [src/hotspot/share/prims/jvm.cpp, line 1306]
Event: 2.102 Thread 0x000002103247c800 Exception <a 'java/security/PrivilegedActionException'{0x000000008be36388}> (0x000000008be36388) thrown at [src/hotspot/share/prims/jvm.cpp, line 1306]
Event: 2.466 Thread 0x000002103247c800 Exception <a 'java/lang/NoSuchMethodError'{0x000000008ad23920}: 'java.lang.Object java.lang.invoke.DirectMethodHandle$Holder.invokeStaticInit(java.lang.Object, java.lang.Object, java.lang.Object)'> (0x000000008ad23920) thrown at [src/hotspot/share/interpreter/linkResolver.cpp, line 773]
Event: 2.665 Thread 0x000002103247c800 Exception <a 'java/lang/NoSuchMethodError'{0x000000008a7bdb88}: 'java.lang.Object java.lang.invoke.DirectMethodHandle$Holder.invokeStaticInit(java.lang.Object, int, int, int, int)'> (0x000000008a7bdb88) thrown at [src/hotspot/share/interpreter/linkResolver.cpp, line 773]
Event: 3.101 Thread 0x000002103247c800 Exception <a 'java/lang/NoSuchMethodError'{0x000000008a603be8}: 'java.lang.Object java.lang.invoke.DirectMethodHandle$Holder.invokeStaticInit(java.lang.Object, java.lang.Object, int, int, int, int)'> (0x000000008a603be8) thrown at [src/hotspot/share/interpreter/linkResolver.cpp, line 773]
Event: 3.870 Thread 0x000002103247c800 Exception <a 'java/io/IOException'{0x000000008a5ddbd0}> (0x000000008a5ddbd0) thrown at [src/hotspot/share/prims/jni.cpp, line 617]
Event: 4.147 Thread 0x000002104dd9f000 Exception <a 'java/lang/NoSuchMethodError'{0x000000008df42cd0}: 'long java.lang.invoke.DirectMethodHandle$Holder.invokeInterface(java.lang.Object, java.lang.Object)'> (0x000000008df42cd0) thrown at [src/hotspot/share/interpreter/linkResolver.cpp, line 773]
Event: 4.149 Thread 0x000002104dd9f000 Exception <a 'java/lang/NoSuchMethodError'{0x000000008df4fe28}: 'void java.lang.invoke.DelegatingMethodHandle$Holder.reinvoke_L(java.lang.Object, java.lang.Object, java.lang.Object, java.lang.Object, java.lang.Object, java.lang.Object, java.lang.Object)'> (0x000000008df4fe28) thrown at [src/hotspot/share/interpreter/linkResolver.cpp, line 773]

Events (20 events):
Event: 4.268 loading class org/gradle/configurationcache/DefaultBuildTreeModelControllerServices
Event: 4.268 loading class org/gradle/configurationcache/DefaultBuildTreeModelControllerServices done
Event: 4.269 loading class org/gradle/plugin/use/internal/InjectedPluginClasspath
Event: 4.269 loading class org/gradle/plugin/use/internal/InjectedPluginClasspath done
Event: 4.270 loading class org/gradle/internal/model/CalculatedValueContainerFactory
Event: 4.270 loading class org/gradle/internal/model/CalculatedValueContainerFactory done
Event: 4.271 loading class org/gradle/internal/model/ValueCalculator
Event: 4.271 loading class org/gradle/internal/model/ValueCalculator done
Event: 4.271 loading class org/gradle/internal/model/StateTransitionControllerFactory
Event: 4.271 loading class org/gradle/internal/model/StateTransitionControllerFactory done
Event: 4.272 loading class org/gradle/internal/build/BuildLayoutValidator$BuildLayoutException
Event: 4.272 loading class org/gradle/internal/build/BuildLayoutValidator$BuildLayoutException done
Event: 4.272 loading class org/gradle/internal/exceptions/FailureResolutionAware
Event: 4.272 loading class org/gradle/internal/exceptions/FailureResolutionAware done
Event: 4.272 loading class org/gradle/internal/work/DefaultAsyncWorkTracker
Event: 4.272 loading class org/gradle/internal/work/DefaultAsyncWorkTracker done
Event: 4.273 loading class org/gradle/internal/work/AsyncWorkTracker
Event: 4.273 loading class org/gradle/internal/work/AsyncWorkTracker done
Event: 4.274 loading class com/google/common/collect/ListMultimap
Event: 4.274 loading class com/google/common/collect/ListMultimap done


Dynamic libraries:
0x00007ff6498f0000 - 0x00007ff6498fa000 	C:\Program Files\Android\Android Studio\jbr\bin\java.exe
0x00007ffd00e10000 - 0x00007ffd01024000 	C:\WINDOWS\SYSTEM32\ntdll.dll
0x00007ffcff630000 - 0x00007ffcff6f3000 	C:\WINDOWS\System32\KERNEL32.DLL
0x00007ffcfe880000 - 0x00007ffcfec1c000 	C:\WINDOWS\System32\KERNELBASE.dll
0x000000005cd90000 - 0x000000005ce23000 	C:\WINDOWS\System32\SYSFER.DLL
0x00007ffcfe3c0000 - 0x00007ffcfe4d1000 	C:\WINDOWS\System32\ucrtbase.dll
0x00007ffcbe740000 - 0x00007ffcbe75b000 	C:\Program Files\Android\Android Studio\jbr\bin\VCRUNTIME140.dll
0x00007ffcc79e0000 - 0x00007ffcc79f7000 	C:\Program Files\Android\Android Studio\jbr\bin\jli.dll
0x00007ffcfed40000 - 0x00007ffcfeeed000 	C:\WINDOWS\System32\USER32.dll
0x00007ffcfe390000 - 0x00007ffcfe3b6000 	C:\WINDOWS\System32\win32u.dll
0x00007ffce7cb0000 - 0x00007ffce7f3e000 	C:\WINDOWS\WinSxS\amd64_microsoft.windows.common-controls_6595b64144ccf1df_6.0.22621.608_none_a9444ca7c10bb01d\COMCTL32.dll
0x00007ffd00a60000 - 0x00007ffd00a89000 	C:\WINDOWS\System32\GDI32.dll
0x00007ffcfe760000 - 0x00007ffcfe872000 	C:\WINDOWS\System32\gdi32full.dll
0x00007ffcff1c0000 - 0x00007ffcff267000 	C:\WINDOWS\System32\msvcrt.dll
0x00007ffcfe4e0000 - 0x00007ffcfe57a000 	C:\WINDOWS\System32\msvcp_win.dll
0x00007ffcff350000 - 0x00007ffcff382000 	C:\WINDOWS\System32\IMM32.DLL
0x00007ffceb7b0000 - 0x00007ffceb7bc000 	C:\Program Files\Android\Android Studio\jbr\bin\vcruntime140_1.dll
0x00007ffcb58b0000 - 0x00007ffcb593d000 	C:\Program Files\Android\Android Studio\jbr\bin\msvcp140.dll
0x00007ffcc0e80000 - 0x00007ffcc1a3c000 	C:\Program Files\Android\Android Studio\jbr\bin\server\jvm.dll
0x00007ffcfec90000 - 0x00007ffcfed3e000 	C:\WINDOWS\System32\ADVAPI32.dll
0x00007ffcffd80000 - 0x00007ffcffe24000 	C:\WINDOWS\System32\sechost.dll
0x00007ffcff4c0000 - 0x00007ffcff5d5000 	C:\WINDOWS\System32\RPCRT4.dll
0x00007ffcff010000 - 0x00007ffcff018000 	C:\WINDOWS\System32\PSAPI.DLL
0x00007ffcf8ec0000 - 0x00007ffcf8ec9000 	C:\WINDOWS\SYSTEM32\WSOCK32.dll
0x00007ffcff3b0000 - 0x00007ffcff421000 	C:\WINDOWS\System32\WS2_32.dll
0x00007ffcf76c0000 - 0x00007ffcf76f4000 	C:\WINDOWS\SYSTEM32\WINMM.dll
0x00007ffcf5950000 - 0x00007ffcf595a000 	C:\WINDOWS\SYSTEM32\VERSION.dll
0x00007ffcfd2a0000 - 0x00007ffcfd2b8000 	C:\WINDOWS\SYSTEM32\kernel.appcore.dll
0x00007ffcf8eb0000 - 0x00007ffcf8ec0000 	C:\Program Files\Android\Android Studio\jbr\bin\verify.dll
0x00007ffceb8a0000 - 0x00007ffcebace000 	C:\WINDOWS\SYSTEM32\DBGHELP.DLL
0x00007ffd00620000 - 0x00007ffd009aa000 	C:\WINDOWS\System32\combase.dll
0x00007ffcff270000 - 0x00007ffcff347000 	C:\WINDOWS\System32\OLEAUT32.dll
0x00007ffce9c30000 - 0x00007ffce9c62000 	C:\WINDOWS\SYSTEM32\dbgcore.DLL
0x00007ffcfe310000 - 0x00007ffcfe38b000 	C:\WINDOWS\System32\bcryptPrimitives.dll
0x00007ffce70f0000 - 0x00007ffce7118000 	C:\Program Files\Android\Android Studio\jbr\bin\java.dll
0x00007ffcf8ea0000 - 0x00007ffcf8eaa000 	C:\Program Files\Android\Android Studio\jbr\bin\jimage.dll
0x00007ffcf6490000 - 0x00007ffcf64a8000 	C:\Program Files\Android\Android Studio\jbr\bin\zip.dll
0x00007ffcffe30000 - 0x00007ffd0061f000 	C:\WINDOWS\System32\SHELL32.dll
0x00007ffcfc270000 - 0x00007ffcfcb38000 	C:\WINDOWS\SYSTEM32\windows.storage.dll
0x00007ffcfc130000 - 0x00007ffcfc26e000 	C:\WINDOWS\SYSTEM32\wintypes.dll
0x00007ffcfef10000 - 0x00007ffcff001000 	C:\WINDOWS\System32\SHCORE.dll
0x00007ffd00d70000 - 0x00007ffd00dce000 	C:\WINDOWS\System32\shlwapi.dll
0x00007ffcfe180000 - 0x00007ffcfe1a1000 	C:\WINDOWS\SYSTEM32\profapi.dll
0x00007ffcef8a0000 - 0x00007ffcef8b9000 	C:\Program Files\Android\Android Studio\jbr\bin\net.dll
0x00007ffcf65a0000 - 0x00007ffcf66cf000 	C:\WINDOWS\SYSTEM32\WINHTTP.dll
0x00007ffcfd710000 - 0x00007ffcfd779000 	C:\WINDOWS\system32\mswsock.dll
0x00007ffcee9b0000 - 0x00007ffcee9c3000 	C:\Program Files\Android\Android Studio\jbr\bin\nio.dll
0x00007ffcb6770000 - 0x00007ffcb6797000 	C:\Users\HP\.gradle\native\e1d6ef7f7dcc3fd88c89a11ec53ec762bb8ba0a96d01ffa2cd45eb1d1d8dd5c5\windows-amd64\native-platform.dll
0x00007ffca2720000 - 0x00007ffca2864000 	C:\Users\HP\.gradle\native\0d407fdbe67a94daf76414ababcb853783967236a71b16ec16e742cd7a986fd3\windows-amd64\native-platform-file-events.dll
0x00007ffcf8e90000 - 0x00007ffcf8e9a000 	C:\Program Files\Android\Android Studio\jbr\bin\management.dll
0x00007ffceb5c0000 - 0x00007ffceb5cb000 	C:\Program Files\Android\Android Studio\jbr\bin\management_ext.dll
0x00007ffcfd960000 - 0x00007ffcfd97b000 	C:\WINDOWS\SYSTEM32\CRYPTSP.dll
0x00007ffcfd210000 - 0x00007ffcfd245000 	C:\WINDOWS\system32\rsaenh.dll
0x00007ffcfd800000 - 0x00007ffcfd828000 	C:\WINDOWS\SYSTEM32\USERENV.dll
0x00007ffcfdb20000 - 0x00007ffcfdb48000 	C:\WINDOWS\SYSTEM32\bcrypt.dll
0x00007ffcfd980000 - 0x00007ffcfd98c000 	C:\WINDOWS\SYSTEM32\CRYPTBASE.dll
0x00007ffcfcd90000 - 0x00007ffcfcdbd000 	C:\WINDOWS\SYSTEM32\IPHLPAPI.DLL
0x00007ffcff3a0000 - 0x00007ffcff3a9000 	C:\WINDOWS\System32\NSI.dll
0x00007ffcf5ac0000 - 0x00007ffcf5ad9000 	C:\WINDOWS\SYSTEM32\dhcpcsvc6.DLL
0x00007ffcf5aa0000 - 0x00007ffcf5abf000 	C:\WINDOWS\SYSTEM32\dhcpcsvc.DLL
0x00007ffcfce00000 - 0x00007ffcfcef3000 	C:\WINDOWS\SYSTEM32\DNSAPI.dll

dbghelp: loaded successfully - version: 4.0.5 - missing functions: none
symbol engine: initialized successfully - sym options: 0x614 - pdb path: .;C:\Program Files\Android\Android Studio\jbr\bin;C:\WINDOWS\SYSTEM32;C:\WINDOWS\WinSxS\amd64_microsoft.windows.common-controls_6595b64144ccf1df_6.0.22621.608_none_a9444ca7c10bb01d;C:\Program Files\Android\Android Studio\jbr\bin\server;C:\Users\HP\.gradle\native\e1d6ef7f7dcc3fd88c89a11ec53ec762bb8ba0a96d01ffa2cd45eb1d1d8dd5c5\windows-amd64;C:\Users\HP\.gradle\native\0d407fdbe67a94daf76414ababcb853783967236a71b16ec16e742cd7a986fd3\windows-amd64

VM Arguments:
jvm_args: --add-opens=java.base/java.util=ALL-UNNAMED --add-opens=java.base/java.lang=ALL-UNNAMED --add-opens=java.base/java.lang.invoke=ALL-UNNAMED --add-opens=java.base/java.util=ALL-UNNAMED --add-opens=java.prefs/java.util.prefs=ALL-UNNAMED --add-opens=java.prefs/java.util.prefs=ALL-UNNAMED --add-opens=java.base/java.nio.charset=ALL-UNNAMED --add-opens=java.base/java.net=ALL-UNNAMED --add-opens=java.base/java.util.concurrent.atomic=ALL-UNNAMED -Xmx2048m -Dfile.encoding=UTF-8 -Duser.country=IN -Duser.language=en -Duser.variant 
java_command: org.gradle.launcher.daemon.bootstrap.GradleDaemon 7.5
java_class_path (initial): C:\Users\HP\.gradle\wrapper\dists\gradle-7.5-bin\f1w0cc9nuo0eivz97x2xlu9sv\gradle-7.5\lib\gradle-launcher-7.5.jar
Launcher Type: SUN_STANDARD

[Global flags]
     intx CICompilerCount                          = 4                                         {product} {ergonomic}
     uint ConcGCThreads                            = 2                                         {product} {ergonomic}
     uint G1ConcRefinementThreads                  = 8                                         {product} {ergonomic}
   size_t G1HeapRegionSize                         = 1048576                                   {product} {ergonomic}
    uintx GCDrainStackTargetSize                   = 64                                        {product} {ergonomic}
   size_t InitialHeapSize                          = 234881024                                 {product} {ergonomic}
   size_t MarkStackSize                            = 4194304                                   {product} {ergonomic}
   size_t MaxHeapSize                              = 2147483648                                {product} {command line}
   size_t MaxNewSize                               = 1287651328                                {product} {ergonomic}
   size_t MinHeapDeltaBytes                        = 1048576                                   {product} {ergonomic}
    uintx NonNMethodCodeHeapSize                   = 5836300                                {pd product} {ergonomic}
    uintx NonProfiledCodeHeapSize                  = 122910970                              {pd product} {ergonomic}
    uintx ProfiledCodeHeapSize                     = 122910970                              {pd product} {ergonomic}
    uintx ReservedCodeCacheSize                    = 251658240                              {pd product} {ergonomic}
     bool SegmentedCodeCache                       = true                                      {product} {ergonomic}
     bool UseCompressedClassPointers               = true                                 {lp64_product} {ergonomic}
     bool UseCompressedOops                        = true                                 {lp64_product} {ergonomic}
     bool UseG1GC                                  = true                                      {product} {ergonomic}
     bool UseLargePagesIndividualAllocation        = false                                  {pd product} {ergonomic}

Logging:
Log output configuration:
 #0: stdout all=warning uptime,level,tags
 #1: stderr all=off uptime,level,tags

Environment Variables:
PATH=C:\python310\Scripts\;C:\python310\;C:\WINDOWS\system32;C:\WINDOWS;C:\WINDOWS\System32\Wbem;C:\WINDOWS\System32\WindowsPowerShell\v1.0\;C:\WINDOWS\System32\OpenSSH\;C:\MinGW\bin;C:\Program Files\nodejs\;C:\Program Files (x86)\Windows Kits\8.1\Windows Performance Toolkit\;D:\bin;C:\Program Files\Git\cmd;C:\Users\HP\AppData\Local\Microsoft\WindowsApps;;C:\Users\HP\AppData\Roaming\npm;C:\intelFPGA\20.1\modelsim_ase\win32aloem;C:\Users\HP\AppData\Local\Programs\Microsoft VS Code\bin
USERNAME=DD
OS=Windows_NT
PROCESSOR_IDENTIFIER=AMD64 Family 23 Model 24 Stepping 1, AuthenticAMD



---------------  S Y S T E M  ---------------

OS: Windows 11 , 64 bit Build 22621 (10.0.22621.1194)
OS uptime: 1 days 5:10 hours

CPU:total 8 (initial active 8) (8 cores per cpu, 2 threads per core) family 23 model 24 stepping 1 microcode 0x0, cmov, cx8, fxsr, mmx, sse, sse2, sse3, ssse3, sse4.1, sse4.2, popcnt, avx, avx2, aes, clmul, mmxext, 3dnowpref, lzcnt, sse4a, ht, tsc, tscinvbit, tscinv, bmi1, bmi2, adx, sha, fma

Memory: 4k page, system-wide physical 14212M (3757M free)
TotalPageFile size 14212M (AvailPageFile size 3M)
current process WorkingSet (physical memory assigned to process): 185M, peak: 185M
current process commit charge ("private bytes"): 363M, peak: 364M

vm_info: OpenJDK 64-Bit Server VM (11.0.15+0-b2043.56-9505619) for windows-amd64 JRE (11.0.15+0-b2043.56-9505619), built on Jan 19 2023 02:48:00 by "builduser" with unknown MS VC++:1929

END.
